
<!DOCTYPE html>
<html>


<head>
	<meta charset='utf-8' /> 
	<meta name='description' content='' />
	<meta name='robots' content='noodp, noydir' />
	<meta name='viewport' content='width=device-width, initial-scale=1' />
	<meta id="timeStampFormat" name="timeStampFormat" content='MMM d, yyyy hh:mm:ss a'/>
	
	<link href='https://fonts.googleapis.com/css?family=Source+Sans+Pro:400,600' rel='stylesheet' type='text/css'>
	<link href="https://fonts.googleapis.com/icon?family=Material+Icons" rel="stylesheet">

		<link href='https://cdn.rawgit.com/anshooarora/extentreports-java/bee7a4abdc590e21eec8618a90c81ff4d16e500a/dist/css/extent.css' type='text/css' rel='stylesheet' />
	
	<title>ExtentReports</title>

	<style type='text/css'>
	</style>
</head>

	<body class='extent standard default hide-overflow '>
		<div id='theme-selector' alt='Click to toggle theme. To enable by default, use theme configuration.' title='Click to toggle theme. To enable by default, use theme configuration.'>
			<span><i class='material-icons'>desktop_windows</i></span>
		</div>

<nav>
	<div class="nav-wrapper">
		<a href="#!" class="brand-logo blue darken-3">Extent</a>

		<!-- slideout menu -->
		<ul id='slide-out' class='side-nav fixed hide-on-med-and-down'>
			<li class='waves-effect active'><a href='#!' view='test-view' onclick="configureView(0);chartsView('test');"><i class='material-icons'>dashboard</i></a></li>
						<li class='waves-effect'><a href='#!' view='category-view' onclick="configureView(1)"><i class='material-icons'>label_outline</i></a></li>
			<li class='waves-effect'><a href='#!' view='exception-view' onclick="configureView(2)"><i class='material-icons'>bug_report</i></a></li>
			<li class='waves-effect'><a href='#!' onclick="configureView(-1);chartsView('dashboard');" view='dashboard-view'><i class='material-icons'>track_changes</i></i></a></li>
		</ul>

		<!-- report name -->
		<span class='report-name'>ExtentReports</span>
		
		<!-- report headline -->
		<span class='report-headline'></span>

		<!-- nav-right -->
		<ul id='nav-mobile' class='right hide-on-med-and-down nav-right'>
			<li>
                <a href='#!'>
                    <span class='label suite-start-time blue darken-3'>Aug 8, 2024 01:36:00 PM</span>
				</a>
			</li>
			<li>
                <a href='#!'>
                    <span class='label blue darken-3'>v3.0.7</span>
				</a>
			</li>
		</ul>
	</div>
</nav>

		<!-- container -->
		<div class='container'>

<div id='test-view' class='view'>
				
	<section id='controls'>
		<div class='controls grey lighten-4'>
			<!-- test toggle -->
			<div class='chip transparent'>
				<a class='dropdown-button tests-toggle' data-activates='tests-toggle' data-constrainwidth='true' data-beloworigin='true' data-hover='true' href='#'>
					<i class='material-icons'>warning</i> Status
				</a>
				<ul id='tests-toggle' class='dropdown-content'>
											<li status='pass'><a href='#!'>Pass <i class='material-icons green-text'>check_circle</i></a></li>
						<li status='fail'><a href='#!'>Fail <i class='material-icons red-text'>cancel</i></a></li>
						<li status='skip'><a href='#!'>Skip <i class='material-icons cyan-text'>redo</i></a></li>
					<li class='divider'></li>
					<li status='clear' clear='true'><a href='#!'>Clear Filters <i class='material-icons'>clear</i></a></li>
				</ul>
			</div>
			<!-- test toggle -->

			<!-- category toggle -->
			<div class='chip transparent'>
				<a class='dropdown-button category-toggle' data-activates='category-toggle' data-constrainwidth='false' data-beloworigin='true' data-hover='true' href='#'>
					<i class='material-icons'>local_offer</i> Category
				</a>
				<ul id='category-toggle' class='dropdown-content'>
					<li><a href='#'>PanelBannerPageTest</a></li>
					<li><a href='#'>PanelBatchInputPageTest</a></li>
					<li><a href='#'>PanelCategoryPageTest</a></li>
					<li><a href='#'>PanelContractPageTest</a></li>
					<li><a href='#'>PanelCustomerDetailPageTest</a></li>
					<li><a href='#'>PanelCustomersPageTest</a></li>
					<li><a href='#'>PanelLogsPageTest</a></li>
					<li><a href='#'>PanelOrdersPageTest</a></li>
					<li><a href='#'>PanelProductsPageTest</a></li>
					<li><a href='#'>PanelSlotPageTest</a></li>
					<li><a href='#'>PanelSSSPageTest</a></li>
					<li><a href='#'>PanelStorePageTest</a></li>
					<li><a href='#'>PanelTagPageTest</a></li>
					<li><a href='#'>PanelTicketPageTest</a></li>
					<li><a href='#'>PanelUsersPageTest</a></li>
					<li><a href='#'>PanelLogoutPageTest</a></li>
					<li><a href='#'>PanelLoginPageTest</a></li>
					<li class='divider'></li>
					<li class='clear'><a href='#!' clear='true'>Clear Filters</a></li>
				</ul>
			</div>
			<!-- category toggle -->

			<!-- clear filters -->
			<div class='chip transparent hide'>
				<a class='' id='clear-filters' alt='Clear Filters' title='Clear Filters'>
					<i class='material-icons'>close</i> Clear
				</a>
			</div>
			<!-- clear filters -->

			<!-- enable dashboard -->
			<div id='toggle-test-view-charts' class='chip transparent'>
				<a class='pink-text' id='enable-dashboard' alt='Enable Dashboard' title='Enable Dashboard'>
					<i class='material-icons'>track_changes</i> Dashboard
				</a>
			</div>
			<!-- enable dashboard -->

			<!-- search -->
			<div class='chip transparent' alt='Search Tests' title='Search Tests'>
				<a href="#" class='search-div'>
					<i class='material-icons'>search</i> Search
				</a>

				<div class='input-field left hide'>
					<input id='search-tests' type='text' class='validate browser-default' placeholder='Search Tests...'>
				</div>
				
			</div>
			<!-- search -->
		</div>
	</section>


<div id='test-view-charts' class='subview-full'>
	<div id='charts-row' class='row nm-v nm-h'>
		<div class='col s12 m6 l6 np-h'>
			<div class='card-panel nm-v'>
				<div class='left panel-name'>Tests</div>
				<div class='chart-box'>
					<canvas id='parent-analysis' width='100' height='80'></canvas>
				</div>
				<div class='block text-small'>
					<span class='tooltipped' data-position='top' data-tooltip='81.395%'><span class='strong'>70</span> test(s) passed</span>
				</div>
				<div class='block text-small'>
					<span class='strong tooltipped' data-position='top' data-tooltip='10.465%'>9</span> test(s) failed, <span class='strong tooltipped' data-position='top' data-tooltip='8.14%'>7</span> others
				</div>
			</div>
		</div>
		
		<div class='col s12 m6 l6 np-h'>
			<div class='card-panel nm-v'>
				<div class='left panel-name'>Steps</div>
				<div class='chart-box'>
					<canvas id='child-analysis' width='100' height='80'></canvas>
				</div>
				<div class='block text-small'>
					<span class='tooltipped' data-position='top' data-tooltip='73.684%'><span class='strong'>70</span> step(s) passed</span>
				</div>
				<div class='block text-small'>
					<span class='strong tooltipped' data-position='top' data-tooltip='18.947%'>18</span> step(s) failed, <span class='strong tooltipped' data-position='top' data-tooltip='7.368%'>7</span> others
				</div>
			</div>
		</div>
		
	</div>
</div>

	<div class='subview-left left'>
		
		<div class='view-summary'>
			<h5>Tests</h5>
			<ul id='test-collection' class='test-collection'>
				
				
				<li class='test displayed active  pass' status='pass' bdd='false' test-id='1'>
					<div class='test-heading'>
						<span class='test-name'>checkAcreatebannerbutton</span>
						<span class='test-time'>Aug 8, 2024 01:36:01 PM</span>
						<span class='test-status right pass'>pass</span>
					</div>
					<div class='test-content hide'>
<div class='test-time-info'>
	<span class='label start-time'>Aug 8, 2024 01:36:01 PM</span>
	<span class='label end-time'>Aug 8, 2024 01:37:23 PM</span>
	<span class='label time-taken grey lighten-1 white-text'>0h 1m 22s+87ms</span>
</div>
	<div class='test-desc'>Panel Banner Sayfası - Banner ürün detay sayfasında düzenle butonuna tıklama </div>
	<div class='test-attributes'>
			<div class='category-list'>
				<span class='category label white-text'>PanelBannerPageTest</span>
			</div>
	</div>
	<div class='test-steps'>
		<table class='bordered table-results'>
			<thead>
				<tr>
					<th>Status</th>
					<th>Timestamp</th>
					<th>Details</th>
				</tr>
			</thead>
			<tbody>
				<tr class='log' status='pass'>
					<td class='status pass' title='pass' alt='pass'><i class='material-icons'>check_circle</i></td>
					<td class='timestamp'>1:37:23 PM</td>
					<td class='step-details'>Test passed</td>
				</tr>
			</tbody>
		</table>
	</div>
					</div>
				</li>
				
				
				<li class='test displayed active  pass' status='pass' bdd='false' test-id='2'>
					<div class='test-heading'>
						<span class='test-name'>checkActiveBannerDetailStatus</span>
						<span class='test-time'>Aug 8, 2024 01:37:28 PM</span>
						<span class='test-status right pass'>pass</span>
					</div>
					<div class='test-content hide'>
<div class='test-time-info'>
	<span class='label start-time'>Aug 8, 2024 01:37:28 PM</span>
	<span class='label end-time'>Aug 8, 2024 01:37:31 PM</span>
	<span class='label time-taken grey lighten-1 white-text'>0h 0m 2s+644ms</span>
</div>
	<div class='test-desc'>Panel Banner Sayfası - Banner ürün detayında durumunun kontrolü (Aktif) </div>
	<div class='test-attributes'>
			<div class='category-list'>
				<span class='category label white-text'>PanelBannerPageTest</span>
			</div>
	</div>
	<div class='test-steps'>
		<table class='bordered table-results'>
			<thead>
				<tr>
					<th>Status</th>
					<th>Timestamp</th>
					<th>Details</th>
				</tr>
			</thead>
			<tbody>
				<tr class='log' status='pass'>
					<td class='status pass' title='pass' alt='pass'><i class='material-icons'>check_circle</i></td>
					<td class='timestamp'>1:37:31 PM</td>
					<td class='step-details'>Test passed</td>
				</tr>
			</tbody>
		</table>
	</div>
					</div>
				</li>
				
				
				<li class='test displayed active  pass' status='pass' bdd='false' test-id='3'>
					<div class='test-heading'>
						<span class='test-name'>checkBannerDetailInformation</span>
						<span class='test-time'>Aug 8, 2024 01:37:36 PM</span>
						<span class='test-status right pass'>pass</span>
					</div>
					<div class='test-content hide'>
<div class='test-time-info'>
	<span class='label start-time'>Aug 8, 2024 01:37:36 PM</span>
	<span class='label end-time'>Aug 8, 2024 01:37:40 PM</span>
	<span class='label time-taken grey lighten-1 white-text'>0h 0m 3s+796ms</span>
</div>
	<div class='test-desc'>Panel Banner Sayfası - Banner ürün detay bilgileri kontrolü </div>
	<div class='test-attributes'>
			<div class='category-list'>
				<span class='category label white-text'>PanelBannerPageTest</span>
			</div>
	</div>
	<div class='test-steps'>
		<table class='bordered table-results'>
			<thead>
				<tr>
					<th>Status</th>
					<th>Timestamp</th>
					<th>Details</th>
				</tr>
			</thead>
			<tbody>
				<tr class='log' status='pass'>
					<td class='status pass' title='pass' alt='pass'><i class='material-icons'>check_circle</i></td>
					<td class='timestamp'>1:37:40 PM</td>
					<td class='step-details'>Test passed</td>
				</tr>
			</tbody>
		</table>
	</div>
					</div>
				</li>
				
				
				<li class='test displayed active  pass' status='pass' bdd='false' test-id='4'>
					<div class='test-heading'>
						<span class='test-name'>checkPassiveBannerDetailStatus</span>
						<span class='test-time'>Aug 8, 2024 01:37:45 PM</span>
						<span class='test-status right pass'>pass</span>
					</div>
					<div class='test-content hide'>
<div class='test-time-info'>
	<span class='label start-time'>Aug 8, 2024 01:37:45 PM</span>
	<span class='label end-time'>Aug 8, 2024 01:37:49 PM</span>
	<span class='label time-taken grey lighten-1 white-text'>0h 0m 4s+157ms</span>
</div>
	<div class='test-desc'>Panel Banner Sayfası - Banner ürün detayında durumunun kontrolü (Pasif) </div>
	<div class='test-attributes'>
			<div class='category-list'>
				<span class='category label white-text'>PanelBannerPageTest</span>
			</div>
	</div>
	<div class='test-steps'>
		<table class='bordered table-results'>
			<thead>
				<tr>
					<th>Status</th>
					<th>Timestamp</th>
					<th>Details</th>
				</tr>
			</thead>
			<tbody>
				<tr class='log' status='pass'>
					<td class='status pass' title='pass' alt='pass'><i class='material-icons'>check_circle</i></td>
					<td class='timestamp'>1:37:49 PM</td>
					<td class='step-details'>Test passed</td>
				</tr>
			</tbody>
		</table>
	</div>
					</div>
				</li>
				
				
				<li class='test displayed active  pass' status='pass' bdd='false' test-id='5'>
					<div class='test-heading'>
						<span class='test-name'>checkingNameFilter</span>
						<span class='test-time'>Aug 8, 2024 01:37:54 PM</span>
						<span class='test-status right pass'>pass</span>
					</div>
					<div class='test-content hide'>
<div class='test-time-info'>
	<span class='label start-time'>Aug 8, 2024 01:37:54 PM</span>
	<span class='label end-time'>Aug 8, 2024 01:38:04 PM</span>
	<span class='label time-taken grey lighten-1 white-text'>0h 0m 10s+174ms</span>
</div>
	<div class='test-desc'>Panel Banner Sayfası - Ada göre filtreleme </div>
	<div class='test-attributes'>
			<div class='category-list'>
				<span class='category label white-text'>PanelBannerPageTest</span>
			</div>
	</div>
	<div class='test-steps'>
		<table class='bordered table-results'>
			<thead>
				<tr>
					<th>Status</th>
					<th>Timestamp</th>
					<th>Details</th>
				</tr>
			</thead>
			<tbody>
				<tr class='log' status='pass'>
					<td class='status pass' title='pass' alt='pass'><i class='material-icons'>check_circle</i></td>
					<td class='timestamp'>1:38:04 PM</td>
					<td class='step-details'>Test passed</td>
				</tr>
			</tbody>
		</table>
	</div>
					</div>
				</li>
				
				
				<li class='test displayed active  pass' status='pass' bdd='false' test-id='6'>
					<div class='test-heading'>
						<span class='test-name'>checkingTypeFilter</span>
						<span class='test-time'>Aug 8, 2024 01:38:10 PM</span>
						<span class='test-status right pass'>pass</span>
					</div>
					<div class='test-content hide'>
<div class='test-time-info'>
	<span class='label start-time'>Aug 8, 2024 01:38:10 PM</span>
	<span class='label end-time'>Aug 8, 2024 01:38:23 PM</span>
	<span class='label time-taken grey lighten-1 white-text'>0h 0m 13s+293ms</span>
</div>
	<div class='test-desc'>Panel Banner Sayfası - Duruma göre filtreleme </div>
	<div class='test-attributes'>
			<div class='category-list'>
				<span class='category label white-text'>PanelBannerPageTest</span>
			</div>
	</div>
	<div class='test-steps'>
		<table class='bordered table-results'>
			<thead>
				<tr>
					<th>Status</th>
					<th>Timestamp</th>
					<th>Details</th>
				</tr>
			</thead>
			<tbody>
				<tr class='log' status='pass'>
					<td class='status pass' title='pass' alt='pass'><i class='material-icons'>check_circle</i></td>
					<td class='timestamp'>1:38:23 PM</td>
					<td class='step-details'>Test passed</td>
				</tr>
			</tbody>
		</table>
	</div>
					</div>
				</li>
				
				
				<li class='test displayed active  pass' status='pass' bdd='false' test-id='7'>
					<div class='test-heading'>
						<span class='test-name'>openPageAndCheckList</span>
						<span class='test-time'>Aug 8, 2024 01:38:28 PM</span>
						<span class='test-status right pass'>pass</span>
					</div>
					<div class='test-content hide'>
<div class='test-time-info'>
	<span class='label start-time'>Aug 8, 2024 01:38:28 PM</span>
	<span class='label end-time'>Aug 8, 2024 01:38:28 PM</span>
	<span class='label time-taken grey lighten-1 white-text'>0h 0m 0s+21ms</span>
</div>
	<div class='test-desc'>Banner Sayfasındaki verilerin varlığını kontrol etme </div>
	<div class='test-attributes'>
			<div class='category-list'>
				<span class='category label white-text'>PanelBannerPageTest</span>
			</div>
	</div>
	<div class='test-steps'>
		<table class='bordered table-results'>
			<thead>
				<tr>
					<th>Status</th>
					<th>Timestamp</th>
					<th>Details</th>
				</tr>
			</thead>
			<tbody>
				<tr class='log' status='pass'>
					<td class='status pass' title='pass' alt='pass'><i class='material-icons'>check_circle</i></td>
					<td class='timestamp'>1:38:28 PM</td>
					<td class='step-details'>Test passed</td>
				</tr>
			</tbody>
		</table>
	</div>
					</div>
				</li>
				
				
				<li class='test displayed active  fail' status='fail' bdd='false' test-id='8'>
					<div class='test-heading'>
						<span class='test-name'>updateAndControlOfBannerAciklmasi</span>
						<span class='test-time'>Aug 8, 2024 01:38:34 PM</span>
						<span class='test-status right fail'>fail</span>
					</div>
					<div class='test-content hide'>
<div class='test-time-info'>
	<span class='label start-time'>Aug 8, 2024 01:38:34 PM</span>
	<span class='label end-time'>Aug 8, 2024 01:39:37 PM</span>
	<span class='label time-taken grey lighten-1 white-text'>0h 1m 3s+889ms</span>
</div>
	<div class='test-desc'>Panel Banner Sayfası - Banner Açıklama segmesinde değişiklik ve kontrol </div>
	<div class='test-attributes'>
			<div class='category-list'>
				<span class='category label white-text'>PanelBannerPageTest</span>
			</div>
	</div>
	<div class='test-steps'>
		<table class='bordered table-results'>
			<thead>
				<tr>
					<th>Status</th>
					<th>Timestamp</th>
					<th>Details</th>
				</tr>
			</thead>
			<tbody>
				<tr class='log' status='fail'>
					<td class='status fail' title='fail' alt='fail'><i class='material-icons'>cancel</i></td>
					<td class='timestamp'>1:39:37 PM</td>
					<td class='step-details'><pre>java.lang.AssertionError: expected [Gün Biterken] but found []
	at org.testng.Assert.fail(Assert.java:111)
	at org.testng.Assert.failNotEquals(Assert.java:1578)
	at org.testng.Assert.assertEqualsImpl(Assert.java:150)
	at org.testng.Assert.assertEquals(Assert.java:132)
	at org.testng.Assert.assertEquals(Assert.java:656)
	at org.testng.Assert.assertEquals(Assert.java:666)
	at com.filemarket.ecta.page.panel.PanelBannerPage.controlTheUpdatedBaner(PanelBannerPage.java:535)
	at com.filemarket.ecta.test.panel.PanelBannerPageTest.updateAndControlOfBannerAciklmasi(PanelBannerPageTest.java:122)
	at java.base/jdk.internal.reflect.NativeMethodAccessorImpl.invoke0(Native Method)
	at java.base/jdk.internal.reflect.NativeMethodAccessorImpl.invoke(NativeMethodAccessorImpl.java:77)
	at java.base/jdk.internal.reflect.DelegatingMethodAccessorImpl.invoke(DelegatingMethodAccessorImpl.java:43)
	at java.base/java.lang.reflect.Method.invoke(Method.java:568)
	at org.testng.internal.invokers.MethodInvocationHelper.invokeMethod(MethodInvocationHelper.java:139)
	at org.testng.internal.invokers.TestInvoker.invokeMethod(TestInvoker.java:664)
	at org.testng.internal.invokers.TestInvoker.invokeTestMethod(TestInvoker.java:228)
	at org.testng.internal.invokers.MethodRunner.runInSequence(MethodRunner.java:63)
	at org.testng.internal.invokers.TestInvoker$MethodInvocationAgent.invoke(TestInvoker.java:961)
	at org.testng.internal.invokers.TestInvoker.invokeTestMethods(TestInvoker.java:201)
	at org.testng.internal.invokers.TestMethodWorker.invokeTestMethods(TestMethodWorker.java:148)
	at org.testng.internal.invokers.TestMethodWorker.run(TestMethodWorker.java:128)
	at java.base/java.util.ArrayList.forEach(ArrayList.java:1511)
	at org.testng.TestRunner.privateRun(TestRunner.java:819)
	at org.testng.TestRunner.run(TestRunner.java:619)
	at org.testng.SuiteRunner.runTest(SuiteRunner.java:443)
	at org.testng.SuiteRunner.runSequentially(SuiteRunner.java:437)
	at org.testng.SuiteRunner.privateRun(SuiteRunner.java:397)
	at org.testng.SuiteRunner.run(SuiteRunner.java:336)
	at org.testng.SuiteRunnerWorker.runSuite(SuiteRunnerWorker.java:52)
	at org.testng.SuiteRunnerWorker.run(SuiteRunnerWorker.java:95)
	at org.testng.TestNG.runSuitesSequentially(TestNG.java:1301)
	at org.testng.TestNG.runSuitesLocally(TestNG.java:1228)
	at org.testng.TestNG.runSuites(TestNG.java:1134)
	at org.testng.TestNG.run(TestNG.java:1101)
	at com.intellij.rt.testng.IDEARemoteTestNG.run(IDEARemoteTestNG.java:66)
	at com.intellij.rt.testng.RemoteTestNGStarter.main(RemoteTestNGStarter.java:105)
</pre></td>
				</tr>
				<tr class='log' status='fail'>
					<td class='status fail' title='fail' alt='fail'><i class='material-icons'>cancel</i></td>
					<td class='timestamp'>1:39:37 PM</td>
					<td class='step-details'>Failure Screenshot<img data-featherlight='./test-output/failure-images/updateAndControlOfBannerAciklmasi.png' width='10%' src='./test-output/failure-images/updateAndControlOfBannerAciklmasi.png' data-src='./test-output/failure-images/updateAndControlOfBannerAciklmasi.png'></td>
				</tr>
			</tbody>
		</table>
	</div>
					</div>
				</li>
				
				
				<li class='test displayed active  pass' status='pass' bdd='false' test-id='9'>
					<div class='test-heading'>
						<span class='test-name'>updateAndControlOfBannerAdi</span>
						<span class='test-time'>Aug 8, 2024 01:39:43 PM</span>
						<span class='test-status right pass'>pass</span>
					</div>
					<div class='test-content hide'>
<div class='test-time-info'>
	<span class='label start-time'>Aug 8, 2024 01:39:43 PM</span>
	<span class='label end-time'>Aug 8, 2024 01:40:44 PM</span>
	<span class='label time-taken grey lighten-1 white-text'>0h 1m 0s+808ms</span>
</div>
	<div class='test-desc'>Panel Banner Sayfası - Banner Adı segmesinde değişiklik ve kontrol </div>
	<div class='test-attributes'>
			<div class='category-list'>
				<span class='category label white-text'>PanelBannerPageTest</span>
			</div>
	</div>
	<div class='test-steps'>
		<table class='bordered table-results'>
			<thead>
				<tr>
					<th>Status</th>
					<th>Timestamp</th>
					<th>Details</th>
				</tr>
			</thead>
			<tbody>
				<tr class='log' status='pass'>
					<td class='status pass' title='pass' alt='pass'><i class='material-icons'>check_circle</i></td>
					<td class='timestamp'>1:40:44 PM</td>
					<td class='step-details'>Test passed</td>
				</tr>
			</tbody>
		</table>
	</div>
					</div>
				</li>
				
				
				<li class='test displayed active  pass' status='pass' bdd='false' test-id='10'>
					<div class='test-heading'>
						<span class='test-name'>clickBatchInputAndCheckFileSpace</span>
						<span class='test-time'>Aug 8, 2024 01:40:47 PM</span>
						<span class='test-status right pass'>pass</span>
					</div>
					<div class='test-content hide'>
<div class='test-time-info'>
	<span class='label start-time'>Aug 8, 2024 01:40:47 PM</span>
	<span class='label end-time'>Aug 8, 2024 01:40:48 PM</span>
	<span class='label time-taken grey lighten-1 white-text'>0h 0m 1s+42ms</span>
</div>
	<div class='test-desc'>Panel Toplu Giriş Sayfası - Toplu giriş menüsüne tıklama sayfa açılıp yükleme alanı kontrolü </div>
	<div class='test-attributes'>
			<div class='category-list'>
				<span class='category label white-text'>PanelBatchInputPageTest</span>
			</div>
	</div>
	<div class='test-steps'>
		<table class='bordered table-results'>
			<thead>
				<tr>
					<th>Status</th>
					<th>Timestamp</th>
					<th>Details</th>
				</tr>
			</thead>
			<tbody>
				<tr class='log' status='pass'>
					<td class='status pass' title='pass' alt='pass'><i class='material-icons'>check_circle</i></td>
					<td class='timestamp'>1:40:48 PM</td>
					<td class='step-details'>Test passed</td>
				</tr>
			</tbody>
		</table>
	</div>
					</div>
				</li>
				
				
				<li class='test displayed active  pass' status='pass' bdd='false' test-id='11'>
					<div class='test-heading'>
						<span class='test-name'>clickFileSpaceAndUploadFile</span>
						<span class='test-time'>Aug 8, 2024 01:40:50 PM</span>
						<span class='test-status right pass'>pass</span>
					</div>
					<div class='test-content hide'>
<div class='test-time-info'>
	<span class='label start-time'>Aug 8, 2024 01:40:50 PM</span>
	<span class='label end-time'>Aug 8, 2024 01:40:50 PM</span>
	<span class='label time-taken grey lighten-1 white-text'>0h 0m 0s+45ms</span>
</div>
	<div class='test-desc'>Panel Toplu Giriş Sayfası - Yükleme alanına tıklama ve dosya seçme </div>
	<div class='test-attributes'>
			<div class='category-list'>
				<span class='category label white-text'>PanelBatchInputPageTest</span>
			</div>
	</div>
	<div class='test-steps'>
		<table class='bordered table-results'>
			<thead>
				<tr>
					<th>Status</th>
					<th>Timestamp</th>
					<th>Details</th>
				</tr>
			</thead>
			<tbody>
				<tr class='log' status='pass'>
					<td class='status pass' title='pass' alt='pass'><i class='material-icons'>check_circle</i></td>
					<td class='timestamp'>1:40:50 PM</td>
					<td class='step-details'>Test passed</td>
				</tr>
			</tbody>
		</table>
	</div>
					</div>
				</li>
				
				
				<li class='test displayed active  pass' status='pass' bdd='false' test-id='12'>
					<div class='test-heading'>
						<span class='test-name'>changeDataLimitAndCheckList</span>
						<span class='test-time'>Aug 8, 2024 01:40:56 PM</span>
						<span class='test-status right pass'>pass</span>
					</div>
					<div class='test-content hide'>
<div class='test-time-info'>
	<span class='label start-time'>Aug 8, 2024 01:40:56 PM</span>
	<span class='label end-time'>Aug 8, 2024 01:40:59 PM</span>
	<span class='label time-taken grey lighten-1 white-text'>0h 0m 2s+806ms</span>
</div>
	<div class='test-desc'>Panel Kategori Sayfasındaki verilerin limitini değiştirme </div>
	<div class='test-attributes'>
			<div class='category-list'>
				<span class='category label white-text'>PanelCategoryPageTest</span>
			</div>
	</div>
	<div class='test-steps'>
		<table class='bordered table-results'>
			<thead>
				<tr>
					<th>Status</th>
					<th>Timestamp</th>
					<th>Details</th>
				</tr>
			</thead>
			<tbody>
				<tr class='log' status='pass'>
					<td class='status pass' title='pass' alt='pass'><i class='material-icons'>check_circle</i></td>
					<td class='timestamp'>1:40:59 PM</td>
					<td class='step-details'>Test passed</td>
				</tr>
			</tbody>
		</table>
	</div>
					</div>
				</li>
				
				
				<li class='test displayed active  pass' status='pass' bdd='false' test-id='13'>
					<div class='test-heading'>
						<span class='test-name'>changePageNumberAndCheckDataDifference</span>
						<span class='test-time'>Aug 8, 2024 01:41:04 PM</span>
						<span class='test-status right pass'>pass</span>
					</div>
					<div class='test-content hide'>
<div class='test-time-info'>
	<span class='label start-time'>Aug 8, 2024 01:41:04 PM</span>
	<span class='label end-time'>Aug 8, 2024 01:41:09 PM</span>
	<span class='label time-taken grey lighten-1 white-text'>0h 0m 5s+137ms</span>
</div>
	<div class='test-desc'>Panel Kategori Sayfası Pagination (Sayfa Değiştirme) </div>
	<div class='test-attributes'>
			<div class='category-list'>
				<span class='category label white-text'>PanelCategoryPageTest</span>
			</div>
	</div>
	<div class='test-steps'>
		<table class='bordered table-results'>
			<thead>
				<tr>
					<th>Status</th>
					<th>Timestamp</th>
					<th>Details</th>
				</tr>
			</thead>
			<tbody>
				<tr class='log' status='pass'>
					<td class='status pass' title='pass' alt='pass'><i class='material-icons'>check_circle</i></td>
					<td class='timestamp'>1:41:09 PM</td>
					<td class='step-details'>Test passed</td>
				</tr>
			</tbody>
		</table>
	</div>
					</div>
				</li>
				
				
				<li class='test displayed active  pass' status='pass' bdd='false' test-id='14'>
					<div class='test-heading'>
						<span class='test-name'>dragAndDrop</span>
						<span class='test-time'>Aug 8, 2024 01:41:14 PM</span>
						<span class='test-status right pass'>pass</span>
					</div>
					<div class='test-content hide'>
<div class='test-time-info'>
	<span class='label start-time'>Aug 8, 2024 01:41:14 PM</span>
	<span class='label end-time'>Aug 8, 2024 01:41:26 PM</span>
	<span class='label time-taken grey lighten-1 white-text'>0h 0m 11s+751ms</span>
</div>
	<div class='test-desc'>Panel Kategori Sayfası - Sürükle bırak ile kategori sırası güncellenmesi </div>
	<div class='test-attributes'>
			<div class='category-list'>
				<span class='category label white-text'>PanelCategoryPageTest</span>
			</div>
	</div>
	<div class='test-steps'>
		<table class='bordered table-results'>
			<thead>
				<tr>
					<th>Status</th>
					<th>Timestamp</th>
					<th>Details</th>
				</tr>
			</thead>
			<tbody>
				<tr class='log' status='pass'>
					<td class='status pass' title='pass' alt='pass'><i class='material-icons'>check_circle</i></td>
					<td class='timestamp'>1:41:26 PM</td>
					<td class='step-details'>Test passed</td>
				</tr>
			</tbody>
		</table>
	</div>
					</div>
				</li>
				
				
				<li class='test displayed active  pass' status='pass' bdd='false' test-id='15'>
					<div class='test-heading'>
						<span class='test-name'>openPageAndCheckList</span>
						<span class='test-time'>Aug 8, 2024 01:41:31 PM</span>
						<span class='test-status right pass'>pass</span>
					</div>
					<div class='test-content hide'>
<div class='test-time-info'>
	<span class='label start-time'>Aug 8, 2024 01:41:31 PM</span>
	<span class='label end-time'>Aug 8, 2024 01:41:31 PM</span>
	<span class='label time-taken grey lighten-1 white-text'>0h 0m 0s+28ms</span>
</div>
	<div class='test-desc'>Panel Kategori Sayfasındaki verilerin varlığını kontrol etme </div>
	<div class='test-attributes'>
			<div class='category-list'>
				<span class='category label white-text'>PanelCategoryPageTest</span>
			</div>
	</div>
	<div class='test-steps'>
		<table class='bordered table-results'>
			<thead>
				<tr>
					<th>Status</th>
					<th>Timestamp</th>
					<th>Details</th>
				</tr>
			</thead>
			<tbody>
				<tr class='log' status='pass'>
					<td class='status pass' title='pass' alt='pass'><i class='material-icons'>check_circle</i></td>
					<td class='timestamp'>1:41:31 PM</td>
					<td class='step-details'>Test passed</td>
				</tr>
			</tbody>
		</table>
	</div>
					</div>
				</li>
				
				
				<li class='test displayed active  pass' status='pass' bdd='false' test-id='16'>
					<div class='test-heading'>
						<span class='test-name'>openPageAndCheckList</span>
						<span class='test-time'>Aug 8, 2024 01:41:37 PM</span>
						<span class='test-status right pass'>pass</span>
					</div>
					<div class='test-content hide'>
<div class='test-time-info'>
	<span class='label start-time'>Aug 8, 2024 01:41:37 PM</span>
	<span class='label end-time'>Aug 8, 2024 01:41:37 PM</span>
	<span class='label time-taken grey lighten-1 white-text'>0h 0m 0s+32ms</span>
</div>
	<div class='test-desc'>Panel Sözleşmeler Sayfasındaki verilerin varlığını kontrol etme </div>
	<div class='test-attributes'>
			<div class='category-list'>
				<span class='category label white-text'>PanelContractPageTest</span>
			</div>
	</div>
	<div class='test-steps'>
		<table class='bordered table-results'>
			<thead>
				<tr>
					<th>Status</th>
					<th>Timestamp</th>
					<th>Details</th>
				</tr>
			</thead>
			<tbody>
				<tr class='log' status='pass'>
					<td class='status pass' title='pass' alt='pass'><i class='material-icons'>check_circle</i></td>
					<td class='timestamp'>1:41:37 PM</td>
					<td class='step-details'>Test passed</td>
				</tr>
			</tbody>
		</table>
	</div>
					</div>
				</li>
				
				
				<li class='test displayed active  pass' status='pass' bdd='false' test-id='17'>
					<div class='test-heading'>
						<span class='test-name'>openPageAndCheckList</span>
						<span class='test-time'>Aug 8, 2024 01:41:40 PM</span>
						<span class='test-status right pass'>pass</span>
					</div>
					<div class='test-content hide'>
<div class='test-time-info'>
	<span class='label start-time'>Aug 8, 2024 01:41:40 PM</span>
	<span class='label end-time'>Aug 8, 2024 01:41:46 PM</span>
	<span class='label time-taken grey lighten-1 white-text'>0h 0m 6s+223ms</span>
</div>
	<div class='test-desc'>Panel Müşteri Detay Sayfasındaki verilerin varlığını kontrol etme </div>
	<div class='test-attributes'>
			<div class='category-list'>
				<span class='category label white-text'>PanelCustomerDetailPageTest</span>
			</div>
	</div>
	<div class='test-steps'>
		<table class='bordered table-results'>
			<thead>
				<tr>
					<th>Status</th>
					<th>Timestamp</th>
					<th>Details</th>
				</tr>
			</thead>
			<tbody>
				<tr class='log' status='pass'>
					<td class='status pass' title='pass' alt='pass'><i class='material-icons'>check_circle</i></td>
					<td class='timestamp'>1:41:46 PM</td>
					<td class='step-details'>Test passed</td>
				</tr>
			</tbody>
		</table>
	</div>
					</div>
				</li>
				
				
				<li class='test displayed active  pass' status='pass' bdd='false' test-id='18'>
					<div class='test-heading'>
						<span class='test-name'>changeDataLimitAndCheckList</span>
						<span class='test-time'>Aug 8, 2024 01:41:50 PM</span>
						<span class='test-status right pass'>pass</span>
					</div>
					<div class='test-content hide'>
<div class='test-time-info'>
	<span class='label start-time'>Aug 8, 2024 01:41:50 PM</span>
	<span class='label end-time'>Aug 8, 2024 01:41:54 PM</span>
	<span class='label time-taken grey lighten-1 white-text'>0h 0m 4s+286ms</span>
</div>
	<div class='test-desc'>Panel Müşteriler Sayfasındaki verilerin limitini değiştirme </div>
	<div class='test-attributes'>
			<div class='category-list'>
				<span class='category label white-text'>PanelCustomersPageTest</span>
			</div>
	</div>
	<div class='test-steps'>
		<table class='bordered table-results'>
			<thead>
				<tr>
					<th>Status</th>
					<th>Timestamp</th>
					<th>Details</th>
				</tr>
			</thead>
			<tbody>
				<tr class='log' status='pass'>
					<td class='status pass' title='pass' alt='pass'><i class='material-icons'>check_circle</i></td>
					<td class='timestamp'>1:41:54 PM</td>
					<td class='step-details'>Test passed</td>
				</tr>
			</tbody>
		</table>
	</div>
					</div>
				</li>
				
				
				<li class='test displayed active  pass' status='pass' bdd='false' test-id='19'>
					<div class='test-heading'>
						<span class='test-name'>changePageNumberAndCheckDataDifference</span>
						<span class='test-time'>Aug 8, 2024 01:41:57 PM</span>
						<span class='test-status right pass'>pass</span>
					</div>
					<div class='test-content hide'>
<div class='test-time-info'>
	<span class='label start-time'>Aug 8, 2024 01:41:57 PM</span>
	<span class='label end-time'>Aug 8, 2024 01:42:05 PM</span>
	<span class='label time-taken grey lighten-1 white-text'>0h 0m 7s+329ms</span>
</div>
	<div class='test-desc'>Panel Müşteriler Sayfası Pagination (Sayfa Değiştirme) </div>
	<div class='test-attributes'>
			<div class='category-list'>
				<span class='category label white-text'>PanelCustomersPageTest</span>
			</div>
	</div>
	<div class='test-steps'>
		<table class='bordered table-results'>
			<thead>
				<tr>
					<th>Status</th>
					<th>Timestamp</th>
					<th>Details</th>
				</tr>
			</thead>
			<tbody>
				<tr class='log' status='pass'>
					<td class='status pass' title='pass' alt='pass'><i class='material-icons'>check_circle</i></td>
					<td class='timestamp'>1:42:05 PM</td>
					<td class='step-details'>Test passed</td>
				</tr>
			</tbody>
		</table>
	</div>
					</div>
				</li>
				
				
				<li class='test displayed active  pass' status='pass' bdd='false' test-id='20'>
					<div class='test-heading'>
						<span class='test-name'>openPageAndCheckList</span>
						<span class='test-time'>Aug 8, 2024 01:42:08 PM</span>
						<span class='test-status right pass'>pass</span>
					</div>
					<div class='test-content hide'>
<div class='test-time-info'>
	<span class='label start-time'>Aug 8, 2024 01:42:08 PM</span>
	<span class='label end-time'>Aug 8, 2024 01:42:10 PM</span>
	<span class='label time-taken grey lighten-1 white-text'>0h 0m 2s+295ms</span>
</div>
	<div class='test-desc'>Panel Müşteriler Sayfasındaki verilerin varlığını kontrol etme </div>
	<div class='test-attributes'>
			<div class='category-list'>
				<span class='category label white-text'>PanelCustomersPageTest</span>
			</div>
	</div>
	<div class='test-steps'>
		<table class='bordered table-results'>
			<thead>
				<tr>
					<th>Status</th>
					<th>Timestamp</th>
					<th>Details</th>
				</tr>
			</thead>
			<tbody>
				<tr class='log' status='pass'>
					<td class='status pass' title='pass' alt='pass'><i class='material-icons'>check_circle</i></td>
					<td class='timestamp'>1:42:10 PM</td>
					<td class='step-details'>Test passed</td>
				</tr>
			</tbody>
		</table>
	</div>
					</div>
				</li>
				
				
				<li class='test displayed active  pass' status='pass' bdd='false' test-id='21'>
					<div class='test-heading'>
						<span class='test-name'>searchByEmailAndCheckData</span>
						<span class='test-time'>Aug 8, 2024 01:42:13 PM</span>
						<span class='test-status right pass'>pass</span>
					</div>
					<div class='test-content hide'>
<div class='test-time-info'>
	<span class='label start-time'>Aug 8, 2024 01:42:13 PM</span>
	<span class='label end-time'>Aug 8, 2024 01:42:25 PM</span>
	<span class='label time-taken grey lighten-1 white-text'>0h 0m 11s+212ms</span>
</div>
	<div class='test-desc'>Panel Müşteriler Sayfası - E-Posta'ya göre filtreleme </div>
	<div class='test-attributes'>
			<div class='category-list'>
				<span class='category label white-text'>PanelCustomersPageTest</span>
			</div>
	</div>
	<div class='test-steps'>
		<table class='bordered table-results'>
			<thead>
				<tr>
					<th>Status</th>
					<th>Timestamp</th>
					<th>Details</th>
				</tr>
			</thead>
			<tbody>
				<tr class='log' status='pass'>
					<td class='status pass' title='pass' alt='pass'><i class='material-icons'>check_circle</i></td>
					<td class='timestamp'>1:42:25 PM</td>
					<td class='step-details'>Test passed</td>
				</tr>
			</tbody>
		</table>
	</div>
					</div>
				</li>
				
				
				<li class='test displayed active  pass' status='pass' bdd='false' test-id='22'>
					<div class='test-heading'>
						<span class='test-name'>searchByFullNameAndCheckData</span>
						<span class='test-time'>Aug 8, 2024 01:42:28 PM</span>
						<span class='test-status right pass'>pass</span>
					</div>
					<div class='test-content hide'>
<div class='test-time-info'>
	<span class='label start-time'>Aug 8, 2024 01:42:28 PM</span>
	<span class='label end-time'>Aug 8, 2024 01:42:37 PM</span>
	<span class='label time-taken grey lighten-1 white-text'>0h 0m 9s+248ms</span>
</div>
	<div class='test-desc'>Panel Müşteriler Sayfası - Ad Soyad'a göre filtreleme </div>
	<div class='test-attributes'>
			<div class='category-list'>
				<span class='category label white-text'>PanelCustomersPageTest</span>
			</div>
	</div>
	<div class='test-steps'>
		<table class='bordered table-results'>
			<thead>
				<tr>
					<th>Status</th>
					<th>Timestamp</th>
					<th>Details</th>
				</tr>
			</thead>
			<tbody>
				<tr class='log' status='pass'>
					<td class='status pass' title='pass' alt='pass'><i class='material-icons'>check_circle</i></td>
					<td class='timestamp'>1:42:37 PM</td>
					<td class='step-details'>Test passed</td>
				</tr>
			</tbody>
		</table>
	</div>
					</div>
				</li>
				
				
				<li class='test displayed active  pass' status='pass' bdd='false' test-id='23'>
					<div class='test-heading'>
						<span class='test-name'>changeDataLimitAndCheckList</span>
						<span class='test-time'>Aug 8, 2024 01:42:43 PM</span>
						<span class='test-status right pass'>pass</span>
					</div>
					<div class='test-content hide'>
<div class='test-time-info'>
	<span class='label start-time'>Aug 8, 2024 01:42:43 PM</span>
	<span class='label end-time'>Aug 8, 2024 01:42:53 PM</span>
	<span class='label time-taken grey lighten-1 white-text'>0h 0m 10s+702ms</span>
</div>
	<div class='test-desc'>Logs Sayfasındaki verilerin limitini değiştirme </div>
	<div class='test-attributes'>
			<div class='category-list'>
				<span class='category label white-text'>PanelLogsPageTest</span>
			</div>
	</div>
	<div class='test-steps'>
		<table class='bordered table-results'>
			<thead>
				<tr>
					<th>Status</th>
					<th>Timestamp</th>
					<th>Details</th>
				</tr>
			</thead>
			<tbody>
				<tr class='log' status='pass'>
					<td class='status pass' title='pass' alt='pass'><i class='material-icons'>check_circle</i></td>
					<td class='timestamp'>1:42:53 PM</td>
					<td class='step-details'>Test passed</td>
				</tr>
			</tbody>
		</table>
	</div>
					</div>
				</li>
				
				
				<li class='test displayed active  pass' status='pass' bdd='false' test-id='24'>
					<div class='test-heading'>
						<span class='test-name'>openPageAndCheckList</span>
						<span class='test-time'>Aug 8, 2024 01:42:57 PM</span>
						<span class='test-status right pass'>pass</span>
					</div>
					<div class='test-content hide'>
<div class='test-time-info'>
	<span class='label start-time'>Aug 8, 2024 01:42:57 PM</span>
	<span class='label end-time'>Aug 8, 2024 01:42:59 PM</span>
	<span class='label time-taken grey lighten-1 white-text'>0h 0m 2s+25ms</span>
</div>
	<div class='test-desc'>Logs Sayfasındaki verilerin varlığını kontrol etme </div>
	<div class='test-attributes'>
			<div class='category-list'>
				<span class='category label white-text'>PanelLogsPageTest</span>
			</div>
	</div>
	<div class='test-steps'>
		<table class='bordered table-results'>
			<thead>
				<tr>
					<th>Status</th>
					<th>Timestamp</th>
					<th>Details</th>
				</tr>
			</thead>
			<tbody>
				<tr class='log' status='pass'>
					<td class='status pass' title='pass' alt='pass'><i class='material-icons'>check_circle</i></td>
					<td class='timestamp'>1:42:59 PM</td>
					<td class='step-details'>Test passed</td>
				</tr>
			</tbody>
		</table>
	</div>
					</div>
				</li>
				
				
				<li class='test displayed active  pass' status='pass' bdd='false' test-id='25'>
					<div class='test-heading'>
						<span class='test-name'>changeTablePageAndCheckList</span>
						<span class='test-time'>Aug 8, 2024 01:43:02 PM</span>
						<span class='test-status right pass'>pass</span>
					</div>
					<div class='test-content hide'>
<div class='test-time-info'>
	<span class='label start-time'>Aug 8, 2024 01:43:02 PM</span>
	<span class='label end-time'>Aug 8, 2024 01:43:13 PM</span>
	<span class='label time-taken grey lighten-1 white-text'>0h 0m 11s+123ms</span>
</div>
	<div class='test-desc'>Panel Siparişler Sayfası Pagination (Sayfa Değiştirme) </div>
	<div class='test-attributes'>
			<div class='category-list'>
				<span class='category label white-text'>PanelOrdersPageTest</span>
			</div>
	</div>
	<div class='test-steps'>
		<table class='bordered table-results'>
			<thead>
				<tr>
					<th>Status</th>
					<th>Timestamp</th>
					<th>Details</th>
				</tr>
			</thead>
			<tbody>
				<tr class='log' status='pass'>
					<td class='status pass' title='pass' alt='pass'><i class='material-icons'>check_circle</i></td>
					<td class='timestamp'>1:43:13 PM</td>
					<td class='step-details'>Test passed</td>
				</tr>
			</tbody>
		</table>
	</div>
					</div>
				</li>
				
				
				<li class='test displayed active  pass' status='pass' bdd='false' test-id='26'>
					<div class='test-heading'>
						<span class='test-name'>fillDateRangeTest</span>
						<span class='test-time'>Aug 8, 2024 01:43:17 PM</span>
						<span class='test-status right pass'>pass</span>
					</div>
					<div class='test-content hide'>
<div class='test-time-info'>
	<span class='label start-time'>Aug 8, 2024 01:43:17 PM</span>
	<span class='label end-time'>Aug 8, 2024 01:43:23 PM</span>
	<span class='label time-taken grey lighten-1 white-text'>0h 0m 6s+523ms</span>
</div>
	<div class='test-desc'>Panel Siparişler Sayfası -Sipariş Detayı Kontrolü </div>
	<div class='test-attributes'>
			<div class='category-list'>
				<span class='category label white-text'>PanelOrdersPageTest</span>
			</div>
	</div>
	<div class='test-steps'>
		<table class='bordered table-results'>
			<thead>
				<tr>
					<th>Status</th>
					<th>Timestamp</th>
					<th>Details</th>
				</tr>
			</thead>
			<tbody>
				<tr class='log' status='pass'>
					<td class='status pass' title='pass' alt='pass'><i class='material-icons'>check_circle</i></td>
					<td class='timestamp'>1:43:23 PM</td>
					<td class='step-details'>Test passed</td>
				</tr>
			</tbody>
		</table>
	</div>
					</div>
				</li>
				
				
				<li class='test displayed active  pass' status='pass' bdd='false' test-id='27'>
					<div class='test-heading'>
						<span class='test-name'>openPageAndCheckList</span>
						<span class='test-time'>Aug 8, 2024 01:43:26 PM</span>
						<span class='test-status right pass'>pass</span>
					</div>
					<div class='test-content hide'>
<div class='test-time-info'>
	<span class='label start-time'>Aug 8, 2024 01:43:26 PM</span>
	<span class='label end-time'>Aug 8, 2024 01:43:29 PM</span>
	<span class='label time-taken grey lighten-1 white-text'>0h 0m 3s+55ms</span>
</div>
	<div class='test-desc'>Panel Siparişler Sayfasındaki verilerin varlığını kontrol etme </div>
	<div class='test-attributes'>
			<div class='category-list'>
				<span class='category label white-text'>PanelOrdersPageTest</span>
			</div>
	</div>
	<div class='test-steps'>
		<table class='bordered table-results'>
			<thead>
				<tr>
					<th>Status</th>
					<th>Timestamp</th>
					<th>Details</th>
				</tr>
			</thead>
			<tbody>
				<tr class='log' status='pass'>
					<td class='status pass' title='pass' alt='pass'><i class='material-icons'>check_circle</i></td>
					<td class='timestamp'>1:43:29 PM</td>
					<td class='step-details'>Test passed</td>
				</tr>
			</tbody>
		</table>
	</div>
					</div>
				</li>
				
				
				<li class='test displayed active  pass' status='pass' bdd='false' test-id='28'>
					<div class='test-heading'>
						<span class='test-name'>searchByDateRangeAndCheckData</span>
						<span class='test-time'>Aug 8, 2024 01:43:33 PM</span>
						<span class='test-status right pass'>pass</span>
					</div>
					<div class='test-content hide'>
<div class='test-time-info'>
	<span class='label start-time'>Aug 8, 2024 01:43:33 PM</span>
	<span class='label end-time'>Aug 8, 2024 01:43:44 PM</span>
	<span class='label time-taken grey lighten-1 white-text'>0h 0m 11s+474ms</span>
</div>
	<div class='test-desc'>Panel Siparişler Sayfası - Tarih Aralığına göre filtreleme </div>
	<div class='test-attributes'>
			<div class='category-list'>
				<span class='category label white-text'>PanelOrdersPageTest</span>
			</div>
	</div>
	<div class='test-steps'>
		<table class='bordered table-results'>
			<thead>
				<tr>
					<th>Status</th>
					<th>Timestamp</th>
					<th>Details</th>
				</tr>
			</thead>
			<tbody>
				<tr class='log' status='pass'>
					<td class='status pass' title='pass' alt='pass'><i class='material-icons'>check_circle</i></td>
					<td class='timestamp'>1:43:44 PM</td>
					<td class='step-details'>Test passed</td>
				</tr>
			</tbody>
		</table>
	</div>
					</div>
				</li>
				
				
				<li class='test displayed active  pass' status='pass' bdd='false' test-id='29'>
					<div class='test-heading'>
						<span class='test-name'>searchByFullNameAndCheckData</span>
						<span class='test-time'>Aug 8, 2024 01:43:47 PM</span>
						<span class='test-status right pass'>pass</span>
					</div>
					<div class='test-content hide'>
<div class='test-time-info'>
	<span class='label start-time'>Aug 8, 2024 01:43:47 PM</span>
	<span class='label end-time'>Aug 8, 2024 01:44:09 PM</span>
	<span class='label time-taken grey lighten-1 white-text'>0h 0m 21s+860ms</span>
</div>
	<div class='test-desc'>Panel Siparişler Sayfası - Ad Soyad'a göre filtreleme </div>
	<div class='test-attributes'>
			<div class='category-list'>
				<span class='category label white-text'>PanelOrdersPageTest</span>
			</div>
	</div>
	<div class='test-steps'>
		<table class='bordered table-results'>
			<thead>
				<tr>
					<th>Status</th>
					<th>Timestamp</th>
					<th>Details</th>
				</tr>
			</thead>
			<tbody>
				<tr class='log' status='pass'>
					<td class='status pass' title='pass' alt='pass'><i class='material-icons'>check_circle</i></td>
					<td class='timestamp'>1:44:09 PM</td>
					<td class='step-details'>Test passed</td>
				</tr>
			</tbody>
		</table>
	</div>
					</div>
				</li>
				
				
				<li class='test displayed active  pass' status='pass' bdd='false' test-id='30'>
					<div class='test-heading'>
						<span class='test-name'>searchByGeneralSearchBox</span>
						<span class='test-time'>Aug 8, 2024 01:44:13 PM</span>
						<span class='test-status right pass'>pass</span>
					</div>
					<div class='test-content hide'>
<div class='test-time-info'>
	<span class='label start-time'>Aug 8, 2024 01:44:13 PM</span>
	<span class='label end-time'>Aug 8, 2024 01:44:42 PM</span>
	<span class='label time-taken grey lighten-1 white-text'>0h 0m 29s+795ms</span>
</div>
	<div class='test-desc'>Panel Siparişler Sayfası - Genel Arama alanına göre filtreleme </div>
	<div class='test-attributes'>
			<div class='category-list'>
				<span class='category label white-text'>PanelOrdersPageTest</span>
			</div>
	</div>
	<div class='test-steps'>
		<table class='bordered table-results'>
			<thead>
				<tr>
					<th>Status</th>
					<th>Timestamp</th>
					<th>Details</th>
				</tr>
			</thead>
			<tbody>
				<tr class='log' status='pass'>
					<td class='status pass' title='pass' alt='pass'><i class='material-icons'>check_circle</i></td>
					<td class='timestamp'>1:44:42 PM</td>
					<td class='step-details'>Test passed</td>
				</tr>
			</tbody>
		</table>
	</div>
					</div>
				</li>
				
				
				<li class='test displayed active  pass' status='pass' bdd='false' test-id='31'>
					<div class='test-heading'>
						<span class='test-name'>searchByOrderIdAndCheckData</span>
						<span class='test-time'>Aug 8, 2024 01:44:46 PM</span>
						<span class='test-status right pass'>pass</span>
					</div>
					<div class='test-content hide'>
<div class='test-time-info'>
	<span class='label start-time'>Aug 8, 2024 01:44:46 PM</span>
	<span class='label end-time'>Aug 8, 2024 01:45:07 PM</span>
	<span class='label time-taken grey lighten-1 white-text'>0h 0m 21s+414ms</span>
</div>
	<div class='test-desc'>Panel Siparişler Sayfası - Sipariş noya göre filtreleme </div>
	<div class='test-attributes'>
			<div class='category-list'>
				<span class='category label white-text'>PanelOrdersPageTest</span>
			</div>
	</div>
	<div class='test-steps'>
		<table class='bordered table-results'>
			<thead>
				<tr>
					<th>Status</th>
					<th>Timestamp</th>
					<th>Details</th>
				</tr>
			</thead>
			<tbody>
				<tr class='log' status='pass'>
					<td class='status pass' title='pass' alt='pass'><i class='material-icons'>check_circle</i></td>
					<td class='timestamp'>1:45:07 PM</td>
					<td class='step-details'>Test passed</td>
				</tr>
			</tbody>
		</table>
	</div>
					</div>
				</li>
				
				
				<li class='test displayed active  pass' status='pass' bdd='false' test-id='32'>
					<div class='test-heading'>
						<span class='test-name'>searchByPhoneNumberAndCheckData</span>
						<span class='test-time'>Aug 8, 2024 01:45:10 PM</span>
						<span class='test-status right pass'>pass</span>
					</div>
					<div class='test-content hide'>
<div class='test-time-info'>
	<span class='label start-time'>Aug 8, 2024 01:45:10 PM</span>
	<span class='label end-time'>Aug 8, 2024 01:45:32 PM</span>
	<span class='label time-taken grey lighten-1 white-text'>0h 0m 21s+381ms</span>
</div>
	<div class='test-desc'>Panel Sipraişler Sayfası - Telefon numarasına göre filtreleme </div>
	<div class='test-attributes'>
			<div class='category-list'>
				<span class='category label white-text'>PanelOrdersPageTest</span>
			</div>
	</div>
	<div class='test-steps'>
		<table class='bordered table-results'>
			<thead>
				<tr>
					<th>Status</th>
					<th>Timestamp</th>
					<th>Details</th>
				</tr>
			</thead>
			<tbody>
				<tr class='log' status='pass'>
					<td class='status pass' title='pass' alt='pass'><i class='material-icons'>check_circle</i></td>
					<td class='timestamp'>1:45:32 PM</td>
					<td class='step-details'>Test passed</td>
				</tr>
			</tbody>
		</table>
	</div>
					</div>
				</li>
				
				
				<li class='test displayed active  pass' status='pass' bdd='false' test-id='33'>
					<div class='test-heading'>
						<span class='test-name'>searchByStatusAndCheckData</span>
						<span class='test-time'>Aug 8, 2024 01:45:35 PM</span>
						<span class='test-status right pass'>pass</span>
					</div>
					<div class='test-content hide'>
<div class='test-time-info'>
	<span class='label start-time'>Aug 8, 2024 01:45:35 PM</span>
	<span class='label end-time'>Aug 8, 2024 01:45:57 PM</span>
	<span class='label time-taken grey lighten-1 white-text'>0h 0m 21s+954ms</span>
</div>
	<div class='test-desc'>Panel Siparişler Sayfası - Sipariş Durumuna göre filtreleme </div>
	<div class='test-attributes'>
			<div class='category-list'>
				<span class='category label white-text'>PanelOrdersPageTest</span>
			</div>
	</div>
	<div class='test-steps'>
		<table class='bordered table-results'>
			<thead>
				<tr>
					<th>Status</th>
					<th>Timestamp</th>
					<th>Details</th>
				</tr>
			</thead>
			<tbody>
				<tr class='log' status='pass'>
					<td class='status pass' title='pass' alt='pass'><i class='material-icons'>check_circle</i></td>
					<td class='timestamp'>1:45:57 PM</td>
					<td class='step-details'>Test passed</td>
				</tr>
			</tbody>
		</table>
	</div>
					</div>
				</li>
				
				
				<li class='test displayed active  pass' status='pass' bdd='false' test-id='34'>
					<div class='test-heading'>
						<span class='test-name'>searchByStoreNameAndCheckData</span>
						<span class='test-time'>Aug 8, 2024 01:46:00 PM</span>
						<span class='test-status right pass'>pass</span>
					</div>
					<div class='test-content hide'>
<div class='test-time-info'>
	<span class='label start-time'>Aug 8, 2024 01:46:00 PM</span>
	<span class='label end-time'>Aug 8, 2024 01:46:22 PM</span>
	<span class='label time-taken grey lighten-1 white-text'>0h 0m 21s+636ms</span>
</div>
	<div class='test-desc'>Panel Siparişler Sayfası - Mağaza adına göre filtreleme </div>
	<div class='test-attributes'>
			<div class='category-list'>
				<span class='category label white-text'>PanelOrdersPageTest</span>
			</div>
	</div>
	<div class='test-steps'>
		<table class='bordered table-results'>
			<thead>
				<tr>
					<th>Status</th>
					<th>Timestamp</th>
					<th>Details</th>
				</tr>
			</thead>
			<tbody>
				<tr class='log' status='pass'>
					<td class='status pass' title='pass' alt='pass'><i class='material-icons'>check_circle</i></td>
					<td class='timestamp'>1:46:22 PM</td>
					<td class='step-details'>Test passed</td>
				</tr>
			</tbody>
		</table>
	</div>
					</div>
				</li>
				
				
				<li class='test displayed active  pass' status='pass' bdd='false' test-id='35'>
					<div class='test-heading'>
						<span class='test-name'>changeDataLimitAndCheckList</span>
						<span class='test-time'>Aug 8, 2024 01:46:25 PM</span>
						<span class='test-status right pass'>pass</span>
					</div>
					<div class='test-content hide'>
<div class='test-time-info'>
	<span class='label start-time'>Aug 8, 2024 01:46:25 PM</span>
	<span class='label end-time'>Aug 8, 2024 01:46:30 PM</span>
	<span class='label time-taken grey lighten-1 white-text'>0h 0m 4s+223ms</span>
</div>
	<div class='test-desc'>Panel Ürünler Sayfasındaki verilerin limitini değiştirme </div>
	<div class='test-attributes'>
			<div class='category-list'>
				<span class='category label white-text'>PanelProductsPageTest</span>
			</div>
	</div>
	<div class='test-steps'>
		<table class='bordered table-results'>
			<thead>
				<tr>
					<th>Status</th>
					<th>Timestamp</th>
					<th>Details</th>
				</tr>
			</thead>
			<tbody>
				<tr class='log' status='pass'>
					<td class='status pass' title='pass' alt='pass'><i class='material-icons'>check_circle</i></td>
					<td class='timestamp'>1:46:30 PM</td>
					<td class='step-details'>Test passed</td>
				</tr>
			</tbody>
		</table>
	</div>
					</div>
				</li>
				
				
				<li class='test displayed active  pass' status='pass' bdd='false' test-id='36'>
					<div class='test-heading'>
						<span class='test-name'>changePageAndCheckData</span>
						<span class='test-time'>Aug 8, 2024 01:46:33 PM</span>
						<span class='test-status right pass'>pass</span>
					</div>
					<div class='test-content hide'>
<div class='test-time-info'>
	<span class='label start-time'>Aug 8, 2024 01:46:33 PM</span>
	<span class='label end-time'>Aug 8, 2024 01:46:43 PM</span>
	<span class='label time-taken grey lighten-1 white-text'>0h 0m 10s+337ms</span>
</div>
	<div class='test-desc'>Panel Ürünler Sayfası Pagination (Sayfa Değiştirme) </div>
	<div class='test-attributes'>
			<div class='category-list'>
				<span class='category label white-text'>PanelProductsPageTest</span>
			</div>
	</div>
	<div class='test-steps'>
		<table class='bordered table-results'>
			<thead>
				<tr>
					<th>Status</th>
					<th>Timestamp</th>
					<th>Details</th>
				</tr>
			</thead>
			<tbody>
				<tr class='log' status='pass'>
					<td class='status pass' title='pass' alt='pass'><i class='material-icons'>check_circle</i></td>
					<td class='timestamp'>1:46:43 PM</td>
					<td class='step-details'>Test passed</td>
				</tr>
			</tbody>
		</table>
	</div>
					</div>
				</li>
				
				
				<li class='test displayed active  fail' status='fail' bdd='false' test-id='37'>
					<div class='test-heading'>
						<span class='test-name'>checkingProductInformation</span>
						<span class='test-time'>Aug 8, 2024 01:46:47 PM</span>
						<span class='test-status right fail'>fail</span>
					</div>
					<div class='test-content hide'>
<div class='test-time-info'>
	<span class='label start-time'>Aug 8, 2024 01:46:47 PM</span>
	<span class='label end-time'>Aug 8, 2024 01:47:10 PM</span>
	<span class='label time-taken grey lighten-1 white-text'>0h 0m 23s+376ms</span>
</div>
	<div class='test-desc'>Panel Ürünler Sayfası -Ürün detay bilgilerinin doğruluğunun kontrolü </div>
	<div class='test-attributes'>
			<div class='category-list'>
				<span class='category label white-text'>PanelProductsPageTest</span>
			</div>
	</div>
	<div class='test-steps'>
		<table class='bordered table-results'>
			<thead>
				<tr>
					<th>Status</th>
					<th>Timestamp</th>
					<th>Details</th>
				</tr>
			</thead>
			<tbody>
				<tr class='log' status='fail'>
					<td class='status fail' title='fail' alt='fail'><i class='material-icons'>cancel</i></td>
					<td class='timestamp'>1:47:10 PM</td>
					<td class='step-details'><pre>java.lang.AssertionError: Lists differ at element [0]: 41200206 != 41700117 expected [41200206] but found [41700117]
	at org.testng.Assert.fail(Assert.java:111)
	at org.testng.Assert.failNotEquals(Assert.java:1578)
	at org.testng.Assert.assertEqualsImpl(Assert.java:150)
	at org.testng.Assert.assertEquals(Assert.java:1644)
	at org.testng.Assert.assertEquals(Assert.java:1606)
	at com.filemarket.ecta.test.panel.PanelProductsPageTest.checkingProductInformation(PanelProductsPageTest.java:143)
	at java.base/jdk.internal.reflect.NativeMethodAccessorImpl.invoke0(Native Method)
	at java.base/jdk.internal.reflect.NativeMethodAccessorImpl.invoke(NativeMethodAccessorImpl.java:77)
	at java.base/jdk.internal.reflect.DelegatingMethodAccessorImpl.invoke(DelegatingMethodAccessorImpl.java:43)
	at java.base/java.lang.reflect.Method.invoke(Method.java:568)
	at org.testng.internal.invokers.MethodInvocationHelper.invokeMethod(MethodInvocationHelper.java:139)
	at org.testng.internal.invokers.TestInvoker.invokeMethod(TestInvoker.java:664)
	at org.testng.internal.invokers.TestInvoker.invokeTestMethod(TestInvoker.java:228)
	at org.testng.internal.invokers.MethodRunner.runInSequence(MethodRunner.java:63)
	at org.testng.internal.invokers.TestInvoker$MethodInvocationAgent.invoke(TestInvoker.java:961)
	at org.testng.internal.invokers.TestInvoker.invokeTestMethods(TestInvoker.java:201)
	at org.testng.internal.invokers.TestMethodWorker.invokeTestMethods(TestMethodWorker.java:148)
	at org.testng.internal.invokers.TestMethodWorker.run(TestMethodWorker.java:128)
	at java.base/java.util.ArrayList.forEach(ArrayList.java:1511)
	at org.testng.TestRunner.privateRun(TestRunner.java:819)
	at org.testng.TestRunner.run(TestRunner.java:619)
	at org.testng.SuiteRunner.runTest(SuiteRunner.java:443)
	at org.testng.SuiteRunner.runSequentially(SuiteRunner.java:437)
	at org.testng.SuiteRunner.privateRun(SuiteRunner.java:397)
	at org.testng.SuiteRunner.run(SuiteRunner.java:336)
	at org.testng.SuiteRunnerWorker.runSuite(SuiteRunnerWorker.java:52)
	at org.testng.SuiteRunnerWorker.run(SuiteRunnerWorker.java:95)
	at org.testng.TestNG.runSuitesSequentially(TestNG.java:1301)
	at org.testng.TestNG.runSuitesLocally(TestNG.java:1228)
	at org.testng.TestNG.runSuites(TestNG.java:1134)
	at org.testng.TestNG.run(TestNG.java:1101)
	at com.intellij.rt.testng.IDEARemoteTestNG.run(IDEARemoteTestNG.java:66)
	at com.intellij.rt.testng.RemoteTestNGStarter.main(RemoteTestNGStarter.java:105)
</pre></td>
				</tr>
				<tr class='log' status='fail'>
					<td class='status fail' title='fail' alt='fail'><i class='material-icons'>cancel</i></td>
					<td class='timestamp'>1:47:10 PM</td>
					<td class='step-details'>Failure Screenshot<img data-featherlight='./test-output/failure-images/checkingProductInformation.png' width='10%' src='./test-output/failure-images/checkingProductInformation.png' data-src='./test-output/failure-images/checkingProductInformation.png'></td>
				</tr>
			</tbody>
		</table>
	</div>
					</div>
				</li>
				
				
				<li class='test displayed active  pass' status='pass' bdd='false' test-id='38'>
					<div class='test-heading'>
						<span class='test-name'>openPageAndCheckList</span>
						<span class='test-time'>Aug 8, 2024 01:47:13 PM</span>
						<span class='test-status right pass'>pass</span>
					</div>
					<div class='test-content hide'>
<div class='test-time-info'>
	<span class='label start-time'>Aug 8, 2024 01:47:13 PM</span>
	<span class='label end-time'>Aug 8, 2024 01:47:15 PM</span>
	<span class='label time-taken grey lighten-1 white-text'>0h 0m 2s+19ms</span>
</div>
	<div class='test-desc'>Panel Ürünler Sayfasındaki verilerin varlığını kontrol etme </div>
	<div class='test-attributes'>
			<div class='category-list'>
				<span class='category label white-text'>PanelProductsPageTest</span>
			</div>
	</div>
	<div class='test-steps'>
		<table class='bordered table-results'>
			<thead>
				<tr>
					<th>Status</th>
					<th>Timestamp</th>
					<th>Details</th>
				</tr>
			</thead>
			<tbody>
				<tr class='log' status='pass'>
					<td class='status pass' title='pass' alt='pass'><i class='material-icons'>check_circle</i></td>
					<td class='timestamp'>1:47:15 PM</td>
					<td class='step-details'>Test passed</td>
				</tr>
			</tbody>
		</table>
	</div>
					</div>
				</li>
				
				
				<li class='test displayed active  pass' status='pass' bdd='false' test-id='39'>
					<div class='test-heading'>
						<span class='test-name'>searchByActiveStatus</span>
						<span class='test-time'>Aug 8, 2024 01:47:19 PM</span>
						<span class='test-status right pass'>pass</span>
					</div>
					<div class='test-content hide'>
<div class='test-time-info'>
	<span class='label start-time'>Aug 8, 2024 01:47:19 PM</span>
	<span class='label end-time'>Aug 8, 2024 01:47:26 PM</span>
	<span class='label time-taken grey lighten-1 white-text'>0h 0m 7s+283ms</span>
</div>
	<div class='test-desc'>Panel Ürünler Sayfası - Aktif Ürünleri Filtreleme </div>
	<div class='test-attributes'>
			<div class='category-list'>
				<span class='category label white-text'>PanelProductsPageTest</span>
			</div>
	</div>
	<div class='test-steps'>
		<table class='bordered table-results'>
			<thead>
				<tr>
					<th>Status</th>
					<th>Timestamp</th>
					<th>Details</th>
				</tr>
			</thead>
			<tbody>
				<tr class='log' status='pass'>
					<td class='status pass' title='pass' alt='pass'><i class='material-icons'>check_circle</i></td>
					<td class='timestamp'>1:47:26 PM</td>
					<td class='step-details'>Test passed</td>
				</tr>
			</tbody>
		</table>
	</div>
					</div>
				</li>
				
				
				<li class='test displayed active  pass' status='pass' bdd='false' test-id='40'>
					<div class='test-heading'>
						<span class='test-name'>searchByPassiveStatus</span>
						<span class='test-time'>Aug 8, 2024 01:47:29 PM</span>
						<span class='test-status right pass'>pass</span>
					</div>
					<div class='test-content hide'>
<div class='test-time-info'>
	<span class='label start-time'>Aug 8, 2024 01:47:29 PM</span>
	<span class='label end-time'>Aug 8, 2024 01:47:36 PM</span>
	<span class='label time-taken grey lighten-1 white-text'>0h 0m 7s+299ms</span>
</div>
	<div class='test-desc'>Panel Ürünler Sayfası - Pasif Ürünleri Filtreleme </div>
	<div class='test-attributes'>
			<div class='category-list'>
				<span class='category label white-text'>PanelProductsPageTest</span>
			</div>
	</div>
	<div class='test-steps'>
		<table class='bordered table-results'>
			<thead>
				<tr>
					<th>Status</th>
					<th>Timestamp</th>
					<th>Details</th>
				</tr>
			</thead>
			<tbody>
				<tr class='log' status='pass'>
					<td class='status pass' title='pass' alt='pass'><i class='material-icons'>check_circle</i></td>
					<td class='timestamp'>1:47:36 PM</td>
					<td class='step-details'>Test passed</td>
				</tr>
			</tbody>
		</table>
	</div>
					</div>
				</li>
				
				
				<li class='test displayed active  pass' status='pass' bdd='false' test-id='41'>
					<div class='test-heading'>
						<span class='test-name'>searchByProductCodeAndCheckList</span>
						<span class='test-time'>Aug 8, 2024 01:47:40 PM</span>
						<span class='test-status right pass'>pass</span>
					</div>
					<div class='test-content hide'>
<div class='test-time-info'>
	<span class='label start-time'>Aug 8, 2024 01:47:40 PM</span>
	<span class='label end-time'>Aug 8, 2024 01:48:00 PM</span>
	<span class='label time-taken grey lighten-1 white-text'>0h 0m 20s+515ms</span>
</div>
	<div class='test-desc'>Panel Ürünler Sayfası - Ürün koduna göre filtreleme </div>
	<div class='test-attributes'>
			<div class='category-list'>
				<span class='category label white-text'>PanelProductsPageTest</span>
			</div>
	</div>
	<div class='test-steps'>
		<table class='bordered table-results'>
			<thead>
				<tr>
					<th>Status</th>
					<th>Timestamp</th>
					<th>Details</th>
				</tr>
			</thead>
			<tbody>
				<tr class='log' status='pass'>
					<td class='status pass' title='pass' alt='pass'><i class='material-icons'>check_circle</i></td>
					<td class='timestamp'>1:48:00 PM</td>
					<td class='step-details'>Test passed</td>
				</tr>
			</tbody>
		</table>
	</div>
					</div>
				</li>
				
				
				<li class='test displayed active  pass' status='pass' bdd='false' test-id='42'>
					<div class='test-heading'>
						<span class='test-name'>searchByProductNameAndCheckList</span>
						<span class='test-time'>Aug 8, 2024 01:48:03 PM</span>
						<span class='test-status right pass'>pass</span>
					</div>
					<div class='test-content hide'>
<div class='test-time-info'>
	<span class='label start-time'>Aug 8, 2024 01:48:03 PM</span>
	<span class='label end-time'>Aug 8, 2024 01:48:24 PM</span>
	<span class='label time-taken grey lighten-1 white-text'>0h 0m 20s+945ms</span>
</div>
	<div class='test-desc'>Panel Ürünler Sayfası - Ürün adına göre filtreleme </div>
	<div class='test-attributes'>
			<div class='category-list'>
				<span class='category label white-text'>PanelProductsPageTest</span>
			</div>
	</div>
	<div class='test-steps'>
		<table class='bordered table-results'>
			<thead>
				<tr>
					<th>Status</th>
					<th>Timestamp</th>
					<th>Details</th>
				</tr>
			</thead>
			<tbody>
				<tr class='log' status='pass'>
					<td class='status pass' title='pass' alt='pass'><i class='material-icons'>check_circle</i></td>
					<td class='timestamp'>1:48:24 PM</td>
					<td class='step-details'>Test passed</td>
				</tr>
			</tbody>
		</table>
	</div>
					</div>
				</li>
				
				
				<li class='test displayed active  pass' status='pass' bdd='false' test-id='43'>
					<div class='test-heading'>
						<span class='test-name'>searchByProductShelfPriceAndCheckList</span>
						<span class='test-time'>Aug 8, 2024 01:48:28 PM</span>
						<span class='test-status right pass'>pass</span>
					</div>
					<div class='test-content hide'>
<div class='test-time-info'>
	<span class='label start-time'>Aug 8, 2024 01:48:28 PM</span>
	<span class='label end-time'>Aug 8, 2024 01:48:50 PM</span>
	<span class='label time-taken grey lighten-1 white-text'>0h 0m 22s+21ms</span>
</div>
	<div class='test-desc'>Panel Ürünler Sayfası - Ürün raf fiyatına göre filtreleme </div>
	<div class='test-attributes'>
			<div class='category-list'>
				<span class='category label white-text'>PanelProductsPageTest</span>
			</div>
	</div>
	<div class='test-steps'>
		<table class='bordered table-results'>
			<thead>
				<tr>
					<th>Status</th>
					<th>Timestamp</th>
					<th>Details</th>
				</tr>
			</thead>
			<tbody>
				<tr class='log' status='pass'>
					<td class='status pass' title='pass' alt='pass'><i class='material-icons'>check_circle</i></td>
					<td class='timestamp'>1:48:50 PM</td>
					<td class='step-details'>Test passed</td>
				</tr>
			</tbody>
		</table>
	</div>
					</div>
				</li>
				
				
				<li class='test displayed active  fail' status='fail' bdd='false' test-id='44'>
					<div class='test-heading'>
						<span class='test-name'>editProductImage</span>
						<span class='test-time'>Aug 8, 2024 01:48:53 PM</span>
						<span class='test-status right fail'>fail</span>
					</div>
					<div class='test-content hide'>
<div class='test-time-info'>
	<span class='label start-time'>Aug 8, 2024 01:48:53 PM</span>
	<span class='label end-time'>Aug 8, 2024 01:49:08 PM</span>
	<span class='label time-taken grey lighten-1 white-text'>0h 0m 14s+275ms</span>
</div>
	<div class='test-desc'>Panel Ürünler Sayfası -Ürün görselinin değiştirilmesi ve doğruluğunun kontrolü </div>
	<div class='test-attributes'>
			<div class='category-list'>
				<span class='category label white-text'>PanelProductsPageTest</span>
			</div>
	</div>
	<div class='test-steps'>
		<table class='bordered table-results'>
			<thead>
				<tr>
					<th>Status</th>
					<th>Timestamp</th>
					<th>Details</th>
				</tr>
			</thead>
			<tbody>
				<tr class='log' status='fail'>
					<td class='status fail' title='fail' alt='fail'><i class='material-icons'>cancel</i></td>
					<td class='timestamp'>1:49:08 PM</td>
					<td class='step-details'><pre>java.lang.AssertionError: expected [Images are not same] but found [Images are same]
	at org.testng.Assert.fail(Assert.java:111)
	at org.testng.Assert.failNotEquals(Assert.java:1578)
	at org.testng.Assert.assertEqualsImpl(Assert.java:150)
	at org.testng.Assert.assertEquals(Assert.java:132)
	at org.testng.Assert.assertEquals(Assert.java:656)
	at org.testng.Assert.assertEquals(Assert.java:666)
	at com.filemarket.ecta.test.panel.PanelProductsPageTest.editProductImage(PanelProductsPageTest.java:177)
	at java.base/jdk.internal.reflect.NativeMethodAccessorImpl.invoke0(Native Method)
	at java.base/jdk.internal.reflect.NativeMethodAccessorImpl.invoke(NativeMethodAccessorImpl.java:77)
	at java.base/jdk.internal.reflect.DelegatingMethodAccessorImpl.invoke(DelegatingMethodAccessorImpl.java:43)
	at java.base/java.lang.reflect.Method.invoke(Method.java:568)
	at org.testng.internal.invokers.MethodInvocationHelper.invokeMethod(MethodInvocationHelper.java:139)
	at org.testng.internal.invokers.TestInvoker.invokeMethod(TestInvoker.java:664)
	at org.testng.internal.invokers.TestInvoker.invokeTestMethod(TestInvoker.java:228)
	at org.testng.internal.invokers.MethodRunner.runInSequence(MethodRunner.java:63)
	at org.testng.internal.invokers.TestInvoker$MethodInvocationAgent.invoke(TestInvoker.java:961)
	at org.testng.internal.invokers.TestInvoker.invokeTestMethods(TestInvoker.java:201)
	at org.testng.internal.invokers.TestMethodWorker.invokeTestMethods(TestMethodWorker.java:148)
	at org.testng.internal.invokers.TestMethodWorker.run(TestMethodWorker.java:128)
	at java.base/java.util.ArrayList.forEach(ArrayList.java:1511)
	at org.testng.TestRunner.privateRun(TestRunner.java:819)
	at org.testng.TestRunner.run(TestRunner.java:619)
	at org.testng.SuiteRunner.runTest(SuiteRunner.java:443)
	at org.testng.SuiteRunner.runSequentially(SuiteRunner.java:437)
	at org.testng.SuiteRunner.privateRun(SuiteRunner.java:397)
	at org.testng.SuiteRunner.run(SuiteRunner.java:336)
	at org.testng.SuiteRunnerWorker.runSuite(SuiteRunnerWorker.java:52)
	at org.testng.SuiteRunnerWorker.run(SuiteRunnerWorker.java:95)
	at org.testng.TestNG.runSuitesSequentially(TestNG.java:1301)
	at org.testng.TestNG.runSuitesLocally(TestNG.java:1228)
	at org.testng.TestNG.runSuites(TestNG.java:1134)
	at org.testng.TestNG.run(TestNG.java:1101)
	at com.intellij.rt.testng.IDEARemoteTestNG.run(IDEARemoteTestNG.java:66)
	at com.intellij.rt.testng.RemoteTestNGStarter.main(RemoteTestNGStarter.java:105)
</pre></td>
				</tr>
				<tr class='log' status='fail'>
					<td class='status fail' title='fail' alt='fail'><i class='material-icons'>cancel</i></td>
					<td class='timestamp'>1:49:08 PM</td>
					<td class='step-details'>Failure Screenshot<img data-featherlight='./test-output/failure-images/editProductImage.png' width='10%' src='./test-output/failure-images/editProductImage.png' data-src='./test-output/failure-images/editProductImage.png'></td>
				</tr>
			</tbody>
		</table>
	</div>
					</div>
				</li>
				
				
				<li class='test displayed active  fail' status='fail' bdd='false' test-id='45'>
					<div class='test-heading'>
						<span class='test-name'>addSlotAndCheckSlotDetails</span>
						<span class='test-time'>Aug 8, 2024 01:49:14 PM</span>
						<span class='test-status right fail'>fail</span>
					</div>
					<div class='test-content hide'>
<div class='test-time-info'>
	<span class='label start-time'>Aug 8, 2024 01:49:14 PM</span>
	<span class='label end-time'>Aug 8, 2024 01:49:41 PM</span>
	<span class='label time-taken grey lighten-1 white-text'>0h 0m 27s+290ms</span>
</div>
	<div class='test-desc'>Panel Slotlar Sayfası - Yeni bir slot ekle ve eklenilen slotu kontrol etme </div>
	<div class='test-attributes'>
			<div class='category-list'>
				<span class='category label white-text'>PanelSlotPageTest</span>
			</div>
	</div>
	<div class='test-steps'>
		<table class='bordered table-results'>
			<thead>
				<tr>
					<th>Status</th>
					<th>Timestamp</th>
					<th>Details</th>
				</tr>
			</thead>
			<tbody>
				<tr class='log' status='fail'>
					<td class='status fail' title='fail' alt='fail'><i class='material-icons'>cancel</i></td>
					<td class='timestamp'>1:49:41 PM</td>
					<td class='step-details'><pre>java.lang.AssertionError: Service Areas is different! expected [Sancaktepe (Eyüp Sultan Mah),Sancaktepe (Fatih Mah),Sancaktepe (Veysel Karani Mah),Sancaktepe (Abdurrahmangazi Mah),Sancaktepe (Osmangazi Mah),Sancaktepe (Hilal Mah),Sancaktepe (Merve Mah),Sancaktepe (Mevlana Mah),Sancaktepe (Paşaköy Mah),Sancaktepe (Yunus Emre Mah),Sultanbeyli (Abdurrahmangazi Mah),Sultanbeyli (Fatih Mah),Sultanbeyli (Hasanpaşa Mah),Sultanbeyli (Mehmet Akif Mah),Sultanbeyli (Adil Mah),Sultanbeyli (Battalgazi Mah),Sultanbeyli (Mimar Sinan Mah),Sultanbeyli (Akşemsettin Mah),Sultanbeyli (Hamidiye Mah),Sultanbeyli (Necip Fazıl Mah),Sultanbeyli (Orhangazi Mah),Sultanbeyli (Yavuz Selim Mah),Sultanbeyli (Ahmet Yesevi Mah),Sultanbeyli (Mecidiye Mah),Sultanbeyli (Turgut Reis Mah)] but found [Sancaktepe (Eyüp Sultan Mah),Sancaktepe (Fatih Mah),Sancaktepe (Veysel Karani Mah),Sancaktepe (Osmangazi Mah),Sancaktepe (Hilal Mah),Sancaktepe (Merve Mah),Sancaktepe (Mevlana Mah),Sancaktepe (Paşaköy Mah),Sancaktepe (Yunus Emre Mah),Sultanbeyli (Abdurrahmangazi Mah),Sultanbeyli (Fatih Mah),Sultanbeyli (Hasanpaşa Mah),Sultanbeyli (Mehmet Akif Mah),Sultanbeyli (Adil Mah),Sultanbeyli (Battalgazi Mah),Sultanbeyli (Mimar Sinan Mah),Sultanbeyli (Akşemsettin Mah),Sultanbeyli (Hamidiye Mah),Sultanbeyli (Necip Fazıl Mah),Sultanbeyli (Orhangazi Mah),Sultanbeyli (Yavuz Selim Mah),Sultanbeyli (Ahmet Yesevi Mah),Sultanbeyli (Mecidiye Mah),Sultanbeyli (Turgut Reis Mah)]
	at org.testng.Assert.fail(Assert.java:111)
	at org.testng.Assert.failNotEquals(Assert.java:1578)
	at org.testng.Assert.assertEqualsImpl(Assert.java:150)
	at org.testng.Assert.assertEquals(Assert.java:132)
	at org.testng.Assert.assertEquals(Assert.java:656)
	at com.filemarket.ecta.page.panel.PanelDetailSlotPage.checkSlot(PanelDetailSlotPage.java:91)
	at com.filemarket.ecta.page.panel.PanelAddSlotPage.checkSlotForAddingSlot(PanelAddSlotPage.java:126)
	at com.filemarket.ecta.test.panel.PanelSlotPageTest.addSlotAndCheckSlotDetails(PanelSlotPageTest.java:47)
	at java.base/jdk.internal.reflect.NativeMethodAccessorImpl.invoke0(Native Method)
	at java.base/jdk.internal.reflect.NativeMethodAccessorImpl.invoke(NativeMethodAccessorImpl.java:77)
	at java.base/jdk.internal.reflect.DelegatingMethodAccessorImpl.invoke(DelegatingMethodAccessorImpl.java:43)
	at java.base/java.lang.reflect.Method.invoke(Method.java:568)
	at org.testng.internal.invokers.MethodInvocationHelper.invokeMethod(MethodInvocationHelper.java:139)
	at org.testng.internal.invokers.TestInvoker.invokeMethod(TestInvoker.java:664)
	at org.testng.internal.invokers.TestInvoker.invokeTestMethod(TestInvoker.java:228)
	at org.testng.internal.invokers.MethodRunner.runInSequence(MethodRunner.java:63)
	at org.testng.internal.invokers.TestInvoker$MethodInvocationAgent.invoke(TestInvoker.java:961)
	at org.testng.internal.invokers.TestInvoker.invokeTestMethods(TestInvoker.java:201)
	at org.testng.internal.invokers.TestMethodWorker.invokeTestMethods(TestMethodWorker.java:148)
	at org.testng.internal.invokers.TestMethodWorker.run(TestMethodWorker.java:128)
	at java.base/java.util.ArrayList.forEach(ArrayList.java:1511)
	at org.testng.TestRunner.privateRun(TestRunner.java:819)
	at org.testng.TestRunner.run(TestRunner.java:619)
	at org.testng.SuiteRunner.runTest(SuiteRunner.java:443)
	at org.testng.SuiteRunner.runSequentially(SuiteRunner.java:437)
	at org.testng.SuiteRunner.privateRun(SuiteRunner.java:397)
	at org.testng.SuiteRunner.run(SuiteRunner.java:336)
	at org.testng.SuiteRunnerWorker.runSuite(SuiteRunnerWorker.java:52)
	at org.testng.SuiteRunnerWorker.run(SuiteRunnerWorker.java:95)
	at org.testng.TestNG.runSuitesSequentially(TestNG.java:1301)
	at org.testng.TestNG.runSuitesLocally(TestNG.java:1228)
	at org.testng.TestNG.runSuites(TestNG.java:1134)
	at org.testng.TestNG.run(TestNG.java:1101)
	at com.intellij.rt.testng.IDEARemoteTestNG.run(IDEARemoteTestNG.java:66)
	at com.intellij.rt.testng.RemoteTestNGStarter.main(RemoteTestNGStarter.java:105)
</pre></td>
				</tr>
				<tr class='log' status='fail'>
					<td class='status fail' title='fail' alt='fail'><i class='material-icons'>cancel</i></td>
					<td class='timestamp'>1:49:41 PM</td>
					<td class='step-details'>Failure Screenshot<img data-featherlight='./test-output/failure-images/addSlotAndCheckSlotDetails.png' width='10%' src='./test-output/failure-images/addSlotAndCheckSlotDetails.png' data-src='./test-output/failure-images/addSlotAndCheckSlotDetails.png'></td>
				</tr>
			</tbody>
		</table>
	</div>
					</div>
				</li>
				
				
				<li class='test displayed active  fail' status='fail' bdd='false' test-id='46'>
					<div class='test-heading'>
						<span class='test-name'>clickSlotAndCheckDetails</span>
						<span class='test-time'>Aug 8, 2024 01:49:48 PM</span>
						<span class='test-status right fail'>fail</span>
					</div>
					<div class='test-content hide'>
<div class='test-time-info'>
	<span class='label start-time'>Aug 8, 2024 01:49:48 PM</span>
	<span class='label end-time'>Aug 8, 2024 01:50:01 PM</span>
	<span class='label time-taken grey lighten-1 white-text'>0h 0m 12s+454ms</span>
</div>
	<div class='test-desc'>Panel Slot Sayfası - Slot tıklama ve detayları kontrol etme </div>
	<div class='test-attributes'>
			<div class='category-list'>
				<span class='category label white-text'>PanelSlotPageTest</span>
			</div>
	</div>
	<div class='test-steps'>
		<table class='bordered table-results'>
			<thead>
				<tr>
					<th>Status</th>
					<th>Timestamp</th>
					<th>Details</th>
				</tr>
			</thead>
			<tbody>
				<tr class='log' status='fail'>
					<td class='status fail' title='fail' alt='fail'><i class='material-icons'>cancel</i></td>
					<td class='timestamp'>1:50:01 PM</td>
					<td class='step-details'><pre>java.lang.AssertionError: Service Areas is different! expected [Sancaktepe (Eyüp Sultan Mah),Sancaktepe (Fatih Mah),Sancaktepe (Veysel Karani Mah),Sancaktepe (Abdurrahmangazi Mah),Sancaktepe (Osmangazi Mah),Sancaktepe (Hilal Mah),Sancaktepe (Merve Mah),Sancaktepe (Mevlana Mah),Sancaktepe (Paşaköy Mah),Sancaktepe (Yunus Emre Mah),Sultanbeyli (Abdurrahmangazi Mah),Sultanbeyli (Fatih Mah),Sultanbeyli (Hasanpaşa Mah),Sultanbeyli (Mehmet Akif Mah),Sultanbeyli (Adil Mah),Sultanbeyli (Battalgazi Mah),Sultanbeyli (Mimar Sinan Mah),Sultanbeyli (Akşemsettin Mah),Sultanbeyli (Hamidiye Mah),Sultanbeyli (Necip Fazıl Mah),Sultanbeyli (Orhangazi Mah),Sultanbeyli (Yavuz Selim Mah),Sultanbeyli (Ahmet Yesevi Mah),Sultanbeyli (Mecidiye Mah),Sultanbeyli (Turgut Reis Mah)] but found [Sancaktepe (Eyüp Sultan Mah),Sancaktepe (Fatih Mah),Sancaktepe (Veysel Karani Mah),Sancaktepe (Osmangazi Mah),Sancaktepe (Hilal Mah),Sancaktepe (Merve Mah),Sancaktepe (Mevlana Mah),Sancaktepe (Paşaköy Mah),Sancaktepe (Yunus Emre Mah),Sultanbeyli (Abdurrahmangazi Mah),Sultanbeyli (Fatih Mah),Sultanbeyli (Hasanpaşa Mah),Sultanbeyli (Mehmet Akif Mah),Sultanbeyli (Adil Mah),Sultanbeyli (Battalgazi Mah),Sultanbeyli (Mimar Sinan Mah),Sultanbeyli (Akşemsettin Mah),Sultanbeyli (Hamidiye Mah),Sultanbeyli (Necip Fazıl Mah),Sultanbeyli (Orhangazi Mah),Sultanbeyli (Yavuz Selim Mah),Sultanbeyli (Ahmet Yesevi Mah),Sultanbeyli (Mecidiye Mah),Sultanbeyli (Turgut Reis Mah)]
	at org.testng.Assert.fail(Assert.java:111)
	at org.testng.Assert.failNotEquals(Assert.java:1578)
	at org.testng.Assert.assertEqualsImpl(Assert.java:150)
	at org.testng.Assert.assertEquals(Assert.java:132)
	at org.testng.Assert.assertEquals(Assert.java:656)
	at com.filemarket.ecta.page.panel.PanelDetailSlotPage.checkSlot(PanelDetailSlotPage.java:91)
	at com.filemarket.ecta.page.panel.PanelAddSlotPage.checkSlotForAddingSlot(PanelAddSlotPage.java:126)
	at com.filemarket.ecta.test.panel.PanelSlotPageTest.clickSlotAndCheckDetails(PanelSlotPageTest.java:57)
	at java.base/jdk.internal.reflect.NativeMethodAccessorImpl.invoke0(Native Method)
	at java.base/jdk.internal.reflect.NativeMethodAccessorImpl.invoke(NativeMethodAccessorImpl.java:77)
	at java.base/jdk.internal.reflect.DelegatingMethodAccessorImpl.invoke(DelegatingMethodAccessorImpl.java:43)
	at java.base/java.lang.reflect.Method.invoke(Method.java:568)
	at org.testng.internal.invokers.MethodInvocationHelper.invokeMethod(MethodInvocationHelper.java:139)
	at org.testng.internal.invokers.TestInvoker.invokeMethod(TestInvoker.java:664)
	at org.testng.internal.invokers.TestInvoker.invokeTestMethod(TestInvoker.java:228)
	at org.testng.internal.invokers.MethodRunner.runInSequence(MethodRunner.java:63)
	at org.testng.internal.invokers.TestInvoker$MethodInvocationAgent.invoke(TestInvoker.java:961)
	at org.testng.internal.invokers.TestInvoker.invokeTestMethods(TestInvoker.java:201)
	at org.testng.internal.invokers.TestMethodWorker.invokeTestMethods(TestMethodWorker.java:148)
	at org.testng.internal.invokers.TestMethodWorker.run(TestMethodWorker.java:128)
	at java.base/java.util.ArrayList.forEach(ArrayList.java:1511)
	at org.testng.TestRunner.privateRun(TestRunner.java:819)
	at org.testng.TestRunner.run(TestRunner.java:619)
	at org.testng.SuiteRunner.runTest(SuiteRunner.java:443)
	at org.testng.SuiteRunner.runSequentially(SuiteRunner.java:437)
	at org.testng.SuiteRunner.privateRun(SuiteRunner.java:397)
	at org.testng.SuiteRunner.run(SuiteRunner.java:336)
	at org.testng.SuiteRunnerWorker.runSuite(SuiteRunnerWorker.java:52)
	at org.testng.SuiteRunnerWorker.run(SuiteRunnerWorker.java:95)
	at org.testng.TestNG.runSuitesSequentially(TestNG.java:1301)
	at org.testng.TestNG.runSuitesLocally(TestNG.java:1228)
	at org.testng.TestNG.runSuites(TestNG.java:1134)
	at org.testng.TestNG.run(TestNG.java:1101)
	at com.intellij.rt.testng.IDEARemoteTestNG.run(IDEARemoteTestNG.java:66)
	at com.intellij.rt.testng.RemoteTestNGStarter.main(RemoteTestNGStarter.java:105)
</pre></td>
				</tr>
				<tr class='log' status='fail'>
					<td class='status fail' title='fail' alt='fail'><i class='material-icons'>cancel</i></td>
					<td class='timestamp'>1:50:01 PM</td>
					<td class='step-details'>Failure Screenshot<img data-featherlight='./test-output/failure-images/clickSlotAndCheckDetails.png' width='10%' src='./test-output/failure-images/clickSlotAndCheckDetails.png' data-src='./test-output/failure-images/clickSlotAndCheckDetails.png'></td>
				</tr>
			</tbody>
		</table>
	</div>
					</div>
				</li>
				
				
				<li class='test displayed active  fail' status='fail' bdd='false' test-id='47'>
					<div class='test-heading'>
						<span class='test-name'>updateSlotAndCheckDetails</span>
						<span class='test-time'>Aug 8, 2024 01:50:06 PM</span>
						<span class='test-status right fail'>fail</span>
					</div>
					<div class='test-content hide'>
<div class='test-time-info'>
	<span class='label start-time'>Aug 8, 2024 01:50:06 PM</span>
	<span class='label end-time'>Aug 8, 2024 01:50:40 PM</span>
	<span class='label time-taken grey lighten-1 white-text'>0h 0m 33s+843ms</span>
</div>
	<div class='test-desc'>Panel Slot Sayfası - Detay ekranından düzenle butonuna tıklama ve değiştirme </div>
	<div class='test-attributes'>
			<div class='category-list'>
				<span class='category label white-text'>PanelSlotPageTest</span>
			</div>
	</div>
	<div class='test-steps'>
		<table class='bordered table-results'>
			<thead>
				<tr>
					<th>Status</th>
					<th>Timestamp</th>
					<th>Details</th>
				</tr>
			</thead>
			<tbody>
				<tr class='log' status='fail'>
					<td class='status fail' title='fail' alt='fail'><i class='material-icons'>cancel</i></td>
					<td class='timestamp'>1:50:40 PM</td>
					<td class='step-details'><pre>java.lang.AssertionError: Service Areas is different! expected [Sancaktepe (Fatih Mah),Sancaktepe (Veysel Karani Mah),Sancaktepe (Abdurrahmangazi Mah),Sancaktepe (Osmangazi Mah),Sancaktepe (Hilal Mah),Sancaktepe (Merve Mah),Sancaktepe (Mevlana Mah),Sancaktepe (Paşaköy Mah),Sancaktepe (Yunus Emre Mah),Sultanbeyli (Abdurrahmangazi Mah),Sultanbeyli (Fatih Mah),Sultanbeyli (Hasanpaşa Mah),Sultanbeyli (Mehmet Akif Mah),Sultanbeyli (Adil Mah),Sultanbeyli (Battalgazi Mah),Sultanbeyli (Mimar Sinan Mah),Sultanbeyli (Akşemsettin Mah),Sultanbeyli (Hamidiye Mah),Sultanbeyli (Necip Fazıl Mah),Sultanbeyli (Orhangazi Mah),Sultanbeyli (Yavuz Selim Mah),Sultanbeyli (Ahmet Yesevi Mah),Sultanbeyli (Mecidiye Mah),Sultanbeyli (Turgut Reis Mah)] but found [Sancaktepe (Fatih Mah),Sancaktepe (Veysel Karani Mah),Sancaktepe (Osmangazi Mah),Sancaktepe (Hilal Mah),Sancaktepe (Merve Mah),Sancaktepe (Mevlana Mah),Sancaktepe (Paşaköy Mah),Sancaktepe (Yunus Emre Mah),Sultanbeyli (Abdurrahmangazi Mah),Sultanbeyli (Fatih Mah),Sultanbeyli (Hasanpaşa Mah),Sultanbeyli (Mehmet Akif Mah),Sultanbeyli (Adil Mah),Sultanbeyli (Battalgazi Mah),Sultanbeyli (Mimar Sinan Mah),Sultanbeyli (Akşemsettin Mah),Sultanbeyli (Hamidiye Mah),Sultanbeyli (Necip Fazıl Mah),Sultanbeyli (Orhangazi Mah),Sultanbeyli (Yavuz Selim Mah),Sultanbeyli (Ahmet Yesevi Mah),Sultanbeyli (Mecidiye Mah),Sultanbeyli (Turgut Reis Mah)]
	at org.testng.Assert.fail(Assert.java:111)
	at org.testng.Assert.failNotEquals(Assert.java:1578)
	at org.testng.Assert.assertEqualsImpl(Assert.java:150)
	at org.testng.Assert.assertEquals(Assert.java:132)
	at org.testng.Assert.assertEquals(Assert.java:656)
	at com.filemarket.ecta.page.panel.PanelDetailSlotPage.checkSlot(PanelDetailSlotPage.java:91)
	at com.filemarket.ecta.page.panel.PanelSlotUpdatePage.checkSlotForUpdatingSlot(PanelSlotUpdatePage.java:175)
	at com.filemarket.ecta.page.panel.PanelSlotUpdatePage.updateSlot(PanelSlotUpdatePage.java:167)
	at com.filemarket.ecta.test.panel.PanelSlotPageTest.updateSlotAndCheckDetails(PanelSlotPageTest.java:69)
	at java.base/jdk.internal.reflect.NativeMethodAccessorImpl.invoke0(Native Method)
	at java.base/jdk.internal.reflect.NativeMethodAccessorImpl.invoke(NativeMethodAccessorImpl.java:77)
	at java.base/jdk.internal.reflect.DelegatingMethodAccessorImpl.invoke(DelegatingMethodAccessorImpl.java:43)
	at java.base/java.lang.reflect.Method.invoke(Method.java:568)
	at org.testng.internal.invokers.MethodInvocationHelper.invokeMethod(MethodInvocationHelper.java:139)
	at org.testng.internal.invokers.TestInvoker.invokeMethod(TestInvoker.java:664)
	at org.testng.internal.invokers.TestInvoker.invokeTestMethod(TestInvoker.java:228)
	at org.testng.internal.invokers.MethodRunner.runInSequence(MethodRunner.java:63)
	at org.testng.internal.invokers.TestInvoker$MethodInvocationAgent.invoke(TestInvoker.java:961)
	at org.testng.internal.invokers.TestInvoker.invokeTestMethods(TestInvoker.java:201)
	at org.testng.internal.invokers.TestMethodWorker.invokeTestMethods(TestMethodWorker.java:148)
	at org.testng.internal.invokers.TestMethodWorker.run(TestMethodWorker.java:128)
	at java.base/java.util.ArrayList.forEach(ArrayList.java:1511)
	at org.testng.TestRunner.privateRun(TestRunner.java:819)
	at org.testng.TestRunner.run(TestRunner.java:619)
	at org.testng.SuiteRunner.runTest(SuiteRunner.java:443)
	at org.testng.SuiteRunner.runSequentially(SuiteRunner.java:437)
	at org.testng.SuiteRunner.privateRun(SuiteRunner.java:397)
	at org.testng.SuiteRunner.run(SuiteRunner.java:336)
	at org.testng.SuiteRunnerWorker.runSuite(SuiteRunnerWorker.java:52)
	at org.testng.SuiteRunnerWorker.run(SuiteRunnerWorker.java:95)
	at org.testng.TestNG.runSuitesSequentially(TestNG.java:1301)
	at org.testng.TestNG.runSuitesLocally(TestNG.java:1228)
	at org.testng.TestNG.runSuites(TestNG.java:1134)
	at org.testng.TestNG.run(TestNG.java:1101)
	at com.intellij.rt.testng.IDEARemoteTestNG.run(IDEARemoteTestNG.java:66)
	at com.intellij.rt.testng.RemoteTestNGStarter.main(RemoteTestNGStarter.java:105)
</pre></td>
				</tr>
				<tr class='log' status='fail'>
					<td class='status fail' title='fail' alt='fail'><i class='material-icons'>cancel</i></td>
					<td class='timestamp'>1:50:40 PM</td>
					<td class='step-details'>Failure Screenshot<img data-featherlight='./test-output/failure-images/updateSlotAndCheckDetails.png' width='10%' src='./test-output/failure-images/updateSlotAndCheckDetails.png' data-src='./test-output/failure-images/updateSlotAndCheckDetails.png'></td>
				</tr>
			</tbody>
		</table>
	</div>
					</div>
				</li>
				
				
				<li class='test displayed active  pass' status='pass' bdd='false' test-id='48'>
					<div class='test-heading'>
						<span class='test-name'>changeCalendarDateAndSeeSlot</span>
						<span class='test-time'>Aug 8, 2024 01:50:46 PM</span>
						<span class='test-status right pass'>pass</span>
					</div>
					<div class='test-content hide'>
<div class='test-time-info'>
	<span class='label start-time'>Aug 8, 2024 01:50:46 PM</span>
	<span class='label end-time'>Aug 8, 2024 01:50:51 PM</span>
	<span class='label time-taken grey lighten-1 white-text'>0h 0m 4s+348ms</span>
</div>
	<div class='test-desc'>Panel Slotlar Sayfası -Tarih aralığı değiştirme ve değişiklikleri görme </div>
	<div class='test-attributes'>
			<div class='category-list'>
				<span class='category label white-text'>PanelSlotPageTest</span>
			</div>
	</div>
	<div class='test-steps'>
		<table class='bordered table-results'>
			<thead>
				<tr>
					<th>Status</th>
					<th>Timestamp</th>
					<th>Details</th>
				</tr>
			</thead>
			<tbody>
				<tr class='log' status='pass'>
					<td class='status pass' title='pass' alt='pass'><i class='material-icons'>check_circle</i></td>
					<td class='timestamp'>1:50:51 PM</td>
					<td class='step-details'>Test passed</td>
				</tr>
			</tbody>
		</table>
	</div>
					</div>
				</li>
				
				
				<li class='test displayed active  pass' status='pass' bdd='false' test-id='49'>
					<div class='test-heading'>
						<span class='test-name'>changeStoreAndSeeSlot</span>
						<span class='test-time'>Aug 8, 2024 01:50:57 PM</span>
						<span class='test-status right pass'>pass</span>
					</div>
					<div class='test-content hide'>
<div class='test-time-info'>
	<span class='label start-time'>Aug 8, 2024 01:50:57 PM</span>
	<span class='label end-time'>Aug 8, 2024 01:51:04 PM</span>
	<span class='label time-taken grey lighten-1 white-text'>0h 0m 7s+787ms</span>
</div>
	<div class='test-desc'>Panel Slotlar Sayfası - Mağaza değiştirme ve yeni slotları görme </div>
	<div class='test-attributes'>
			<div class='category-list'>
				<span class='category label white-text'>PanelSlotPageTest</span>
			</div>
	</div>
	<div class='test-steps'>
		<table class='bordered table-results'>
			<thead>
				<tr>
					<th>Status</th>
					<th>Timestamp</th>
					<th>Details</th>
				</tr>
			</thead>
			<tbody>
				<tr class='log' status='pass'>
					<td class='status pass' title='pass' alt='pass'><i class='material-icons'>check_circle</i></td>
					<td class='timestamp'>1:51:04 PM</td>
					<td class='step-details'>Test passed</td>
				</tr>
			</tbody>
		</table>
	</div>
					</div>
				</li>
				
				
				<li class='test displayed active  pass' status='pass' bdd='false' test-id='50'>
					<div class='test-heading'>
						<span class='test-name'>SSSPageCheckRowOrderArrow</span>
						<span class='test-time'>Aug 8, 2024 01:51:09 PM</span>
						<span class='test-status right pass'>pass</span>
					</div>
					<div class='test-content hide'>
<div class='test-time-info'>
	<span class='label start-time'>Aug 8, 2024 01:51:09 PM</span>
	<span class='label end-time'>Aug 8, 2024 01:51:38 PM</span>
	<span class='label time-taken grey lighten-1 white-text'>0h 0m 29s+747ms</span>
</div>
	<div class='test-desc'>SSS Sayfasi - Sayfadaki verilerin varlığını kontrol etme </div>
	<div class='test-attributes'>
			<div class='category-list'>
				<span class='category label white-text'>PanelSSSPageTest</span>
			</div>
	</div>
	<div class='test-steps'>
		<table class='bordered table-results'>
			<thead>
				<tr>
					<th>Status</th>
					<th>Timestamp</th>
					<th>Details</th>
				</tr>
			</thead>
			<tbody>
				<tr class='log' status='pass'>
					<td class='status pass' title='pass' alt='pass'><i class='material-icons'>check_circle</i></td>
					<td class='timestamp'>1:51:38 PM</td>
					<td class='step-details'>Test passed</td>
				</tr>
			</tbody>
		</table>
	</div>
					</div>
				</li>
				
				
				<li class='test displayed active  pass' status='pass' bdd='false' test-id='51'>
					<div class='test-heading'>
						<span class='test-name'>SSSPageCheckSearchBox</span>
						<span class='test-time'>Aug 8, 2024 01:51:42 PM</span>
						<span class='test-status right pass'>pass</span>
					</div>
					<div class='test-content hide'>
<div class='test-time-info'>
	<span class='label start-time'>Aug 8, 2024 01:51:42 PM</span>
	<span class='label end-time'>Aug 8, 2024 01:52:17 PM</span>
	<span class='label time-taken grey lighten-1 white-text'>0h 0m 34s+389ms</span>
</div>
	<div class='test-desc'>SSS Sayfasi - Arama kutusunda kelime ile filtreleme yapma </div>
	<div class='test-attributes'>
			<div class='category-list'>
				<span class='category label white-text'>PanelSSSPageTest</span>
			</div>
	</div>
	<div class='test-steps'>
		<table class='bordered table-results'>
			<thead>
				<tr>
					<th>Status</th>
					<th>Timestamp</th>
					<th>Details</th>
				</tr>
			</thead>
			<tbody>
				<tr class='log' status='pass'>
					<td class='status pass' title='pass' alt='pass'><i class='material-icons'>check_circle</i></td>
					<td class='timestamp'>1:52:17 PM</td>
					<td class='step-details'>Test passed</td>
				</tr>
			</tbody>
		</table>
	</div>
					</div>
				</li>
				
				
				<li class='test displayed active  pass' status='pass' bdd='false' test-id='52'>
					<div class='test-heading'>
						<span class='test-name'>openPageAndCheckList</span>
						<span class='test-time'>Aug 8, 2024 01:52:21 PM</span>
						<span class='test-status right pass'>pass</span>
					</div>
					<div class='test-content hide'>
<div class='test-time-info'>
	<span class='label start-time'>Aug 8, 2024 01:52:21 PM</span>
	<span class='label end-time'>Aug 8, 2024 01:52:41 PM</span>
	<span class='label time-taken grey lighten-1 white-text'>0h 0m 19s+960ms</span>
</div>
	<div class='test-desc'>SSS Sayfası - Banner ürün detayında durumunun kontrolü </div>
	<div class='test-attributes'>
			<div class='category-list'>
				<span class='category label white-text'>PanelSSSPageTest</span>
			</div>
	</div>
	<div class='test-steps'>
		<table class='bordered table-results'>
			<thead>
				<tr>
					<th>Status</th>
					<th>Timestamp</th>
					<th>Details</th>
				</tr>
			</thead>
			<tbody>
				<tr class='log' status='pass'>
					<td class='status pass' title='pass' alt='pass'><i class='material-icons'>check_circle</i></td>
					<td class='timestamp'>1:52:41 PM</td>
					<td class='step-details'>Test passed</td>
				</tr>
			</tbody>
		</table>
	</div>
					</div>
				</li>
				
				
				<li class='test displayed active  pass' status='pass' bdd='false' test-id='53'>
					<div class='test-heading'>
						<span class='test-name'>changeDataLimitAndCheckList</span>
						<span class='test-time'>Aug 8, 2024 01:52:45 PM</span>
						<span class='test-status right pass'>pass</span>
					</div>
					<div class='test-content hide'>
<div class='test-time-info'>
	<span class='label start-time'>Aug 8, 2024 01:52:45 PM</span>
	<span class='label end-time'>Aug 8, 2024 01:52:48 PM</span>
	<span class='label time-taken grey lighten-1 white-text'>0h 0m 3s+236ms</span>
</div>
	<div class='test-desc'>Panel Mağazalar Sayfasındaki verilerin limitini değiştirme </div>
	<div class='test-attributes'>
			<div class='category-list'>
				<span class='category label white-text'>PanelStorePageTest</span>
			</div>
	</div>
	<div class='test-steps'>
		<table class='bordered table-results'>
			<thead>
				<tr>
					<th>Status</th>
					<th>Timestamp</th>
					<th>Details</th>
				</tr>
			</thead>
			<tbody>
				<tr class='log' status='pass'>
					<td class='status pass' title='pass' alt='pass'><i class='material-icons'>check_circle</i></td>
					<td class='timestamp'>1:52:48 PM</td>
					<td class='step-details'>Test passed</td>
				</tr>
			</tbody>
		</table>
	</div>
					</div>
				</li>
				
				
				<li class='test displayed active  pass' status='pass' bdd='false' test-id='54'>
					<div class='test-heading'>
						<span class='test-name'>changePageNumberAndCheckDataDifference</span>
						<span class='test-time'>Aug 8, 2024 01:52:52 PM</span>
						<span class='test-status right pass'>pass</span>
					</div>
					<div class='test-content hide'>
<div class='test-time-info'>
	<span class='label start-time'>Aug 8, 2024 01:52:52 PM</span>
	<span class='label end-time'>Aug 8, 2024 01:53:01 PM</span>
	<span class='label time-taken grey lighten-1 white-text'>0h 0m 8s+650ms</span>
</div>
	<div class='test-desc'>Panel Siparişler Sayfası Pagination (Sayfa Değiştirme) </div>
	<div class='test-attributes'>
			<div class='category-list'>
				<span class='category label white-text'>PanelStorePageTest</span>
			</div>
	</div>
	<div class='test-steps'>
		<table class='bordered table-results'>
			<thead>
				<tr>
					<th>Status</th>
					<th>Timestamp</th>
					<th>Details</th>
				</tr>
			</thead>
			<tbody>
				<tr class='log' status='pass'>
					<td class='status pass' title='pass' alt='pass'><i class='material-icons'>check_circle</i></td>
					<td class='timestamp'>1:53:01 PM</td>
					<td class='step-details'>Test passed</td>
				</tr>
			</tbody>
		</table>
	</div>
					</div>
				</li>
				
				
				<li class='test displayed active  pass' status='pass' bdd='false' test-id='55'>
					<div class='test-heading'>
						<span class='test-name'>changingStoreInformation</span>
						<span class='test-time'>Aug 8, 2024 01:53:04 PM</span>
						<span class='test-status right pass'>pass</span>
					</div>
					<div class='test-content hide'>
<div class='test-time-info'>
	<span class='label start-time'>Aug 8, 2024 01:53:04 PM</span>
	<span class='label end-time'>Aug 8, 2024 01:53:11 PM</span>
	<span class='label time-taken grey lighten-1 white-text'>0h 0m 6s+641ms</span>
</div>
	<div class='test-desc'>Panel Mağazalar Sayfası - Magaza bilgilerinin degistirilmesi ve kontrolu </div>
	<div class='test-attributes'>
			<div class='category-list'>
				<span class='category label white-text'>PanelStorePageTest</span>
			</div>
	</div>
	<div class='test-steps'>
		<table class='bordered table-results'>
			<thead>
				<tr>
					<th>Status</th>
					<th>Timestamp</th>
					<th>Details</th>
				</tr>
			</thead>
			<tbody>
				<tr class='log' status='pass'>
					<td class='status pass' title='pass' alt='pass'><i class='material-icons'>check_circle</i></td>
					<td class='timestamp'>1:53:11 PM</td>
					<td class='step-details'>Test passed</td>
				</tr>
			</tbody>
		</table>
	</div>
					</div>
				</li>
				
				
				<li class='test displayed active  pass' status='pass' bdd='false' test-id='56'>
					<div class='test-heading'>
						<span class='test-name'>checkingStatusFilter</span>
						<span class='test-time'>Aug 8, 2024 01:53:15 PM</span>
						<span class='test-status right pass'>pass</span>
					</div>
					<div class='test-content hide'>
<div class='test-time-info'>
	<span class='label start-time'>Aug 8, 2024 01:53:15 PM</span>
	<span class='label end-time'>Aug 8, 2024 01:53:24 PM</span>
	<span class='label time-taken grey lighten-1 white-text'>0h 0m 9s+184ms</span>
</div>
	<div class='test-desc'>Panel Mağazalar Sayfası - Duruma göre filtreleme </div>
	<div class='test-attributes'>
			<div class='category-list'>
				<span class='category label white-text'>PanelStorePageTest</span>
			</div>
	</div>
	<div class='test-steps'>
		<table class='bordered table-results'>
			<thead>
				<tr>
					<th>Status</th>
					<th>Timestamp</th>
					<th>Details</th>
				</tr>
			</thead>
			<tbody>
				<tr class='log' status='pass'>
					<td class='status pass' title='pass' alt='pass'><i class='material-icons'>check_circle</i></td>
					<td class='timestamp'>1:53:24 PM</td>
					<td class='step-details'>Test passed</td>
				</tr>
			</tbody>
		</table>
	</div>
					</div>
				</li>
				
				
				<li class='test displayed active  pass' status='pass' bdd='false' test-id='57'>
					<div class='test-heading'>
						<span class='test-name'>checkingStoreDetail</span>
						<span class='test-time'>Aug 8, 2024 01:53:28 PM</span>
						<span class='test-status right pass'>pass</span>
					</div>
					<div class='test-content hide'>
<div class='test-time-info'>
	<span class='label start-time'>Aug 8, 2024 01:53:28 PM</span>
	<span class='label end-time'>Aug 8, 2024 01:53:40 PM</span>
	<span class='label time-taken grey lighten-1 white-text'>0h 0m 11s+955ms</span>
</div>
	<div class='test-desc'>Panel Mağazalar Sayfası - Detay bilgilerinin kontrolü </div>
	<div class='test-attributes'>
			<div class='category-list'>
				<span class='category label white-text'>PanelStorePageTest</span>
			</div>
	</div>
	<div class='test-steps'>
		<table class='bordered table-results'>
			<thead>
				<tr>
					<th>Status</th>
					<th>Timestamp</th>
					<th>Details</th>
				</tr>
			</thead>
			<tbody>
				<tr class='log' status='pass'>
					<td class='status pass' title='pass' alt='pass'><i class='material-icons'>check_circle</i></td>
					<td class='timestamp'>1:53:40 PM</td>
					<td class='step-details'>Test passed</td>
				</tr>
			</tbody>
		</table>
	</div>
					</div>
				</li>
				
				
				<li class='test displayed active  pass' status='pass' bdd='false' test-id='58'>
					<div class='test-heading'>
						<span class='test-name'>filterTheStoresByCityName</span>
						<span class='test-time'>Aug 8, 2024 01:53:43 PM</span>
						<span class='test-status right pass'>pass</span>
					</div>
					<div class='test-content hide'>
<div class='test-time-info'>
	<span class='label start-time'>Aug 8, 2024 01:53:43 PM</span>
	<span class='label end-time'>Aug 8, 2024 01:53:50 PM</span>
	<span class='label time-taken grey lighten-1 white-text'>0h 0m 6s+952ms</span>
</div>
	<div class='test-desc'>Panel Mağazalar Sayfası - Şehire  göre mağazaları filtreleme ve gelen veriyi kontrol etme </div>
	<div class='test-attributes'>
			<div class='category-list'>
				<span class='category label white-text'>PanelStorePageTest</span>
			</div>
	</div>
	<div class='test-steps'>
		<table class='bordered table-results'>
			<thead>
				<tr>
					<th>Status</th>
					<th>Timestamp</th>
					<th>Details</th>
				</tr>
			</thead>
			<tbody>
				<tr class='log' status='pass'>
					<td class='status pass' title='pass' alt='pass'><i class='material-icons'>check_circle</i></td>
					<td class='timestamp'>1:53:50 PM</td>
					<td class='step-details'>Test passed</td>
				</tr>
			</tbody>
		</table>
	</div>
					</div>
				</li>
				
				
				<li class='test displayed active  pass' status='pass' bdd='false' test-id='59'>
					<div class='test-heading'>
						<span class='test-name'>filterTheStoresByDistrictName</span>
						<span class='test-time'>Aug 8, 2024 01:53:54 PM</span>
						<span class='test-status right pass'>pass</span>
					</div>
					<div class='test-content hide'>
<div class='test-time-info'>
	<span class='label start-time'>Aug 8, 2024 01:53:54 PM</span>
	<span class='label end-time'>Aug 8, 2024 01:54:01 PM</span>
	<span class='label time-taken grey lighten-1 white-text'>0h 0m 6s+675ms</span>
</div>
	<div class='test-desc'>Panel Mağazalar Sayfası - İlçeye  göre mağazaları filtreleme ve gelen veriyi kontrol etme </div>
	<div class='test-attributes'>
			<div class='category-list'>
				<span class='category label white-text'>PanelStorePageTest</span>
			</div>
	</div>
	<div class='test-steps'>
		<table class='bordered table-results'>
			<thead>
				<tr>
					<th>Status</th>
					<th>Timestamp</th>
					<th>Details</th>
				</tr>
			</thead>
			<tbody>
				<tr class='log' status='pass'>
					<td class='status pass' title='pass' alt='pass'><i class='material-icons'>check_circle</i></td>
					<td class='timestamp'>1:54:01 PM</td>
					<td class='step-details'>Test passed</td>
				</tr>
			</tbody>
		</table>
	</div>
					</div>
				</li>
				
				
				<li class='test displayed active  pass' status='pass' bdd='false' test-id='60'>
					<div class='test-heading'>
						<span class='test-name'>openPageAndCheckList</span>
						<span class='test-time'>Aug 8, 2024 01:54:04 PM</span>
						<span class='test-status right pass'>pass</span>
					</div>
					<div class='test-content hide'>
<div class='test-time-info'>
	<span class='label start-time'>Aug 8, 2024 01:54:04 PM</span>
	<span class='label end-time'>Aug 8, 2024 01:54:07 PM</span>
	<span class='label time-taken grey lighten-1 white-text'>0h 0m 2s+55ms</span>
</div>
	<div class='test-desc'>Panel Mağazalar Sayfasındaki verilerin varlığını kontrol etme </div>
	<div class='test-attributes'>
			<div class='category-list'>
				<span class='category label white-text'>PanelStorePageTest</span>
			</div>
	</div>
	<div class='test-steps'>
		<table class='bordered table-results'>
			<thead>
				<tr>
					<th>Status</th>
					<th>Timestamp</th>
					<th>Details</th>
				</tr>
			</thead>
			<tbody>
				<tr class='log' status='pass'>
					<td class='status pass' title='pass' alt='pass'><i class='material-icons'>check_circle</i></td>
					<td class='timestamp'>1:54:07 PM</td>
					<td class='step-details'>Test passed</td>
				</tr>
			</tbody>
		</table>
	</div>
					</div>
				</li>
				
				
				<li class='test displayed active  pass' status='pass' bdd='false' test-id='61'>
					<div class='test-heading'>
						<span class='test-name'>searchByFullNameAndCheckData</span>
						<span class='test-time'>Aug 8, 2024 01:54:10 PM</span>
						<span class='test-status right pass'>pass</span>
					</div>
					<div class='test-content hide'>
<div class='test-time-info'>
	<span class='label start-time'>Aug 8, 2024 01:54:10 PM</span>
	<span class='label end-time'>Aug 8, 2024 01:54:31 PM</span>
	<span class='label time-taken grey lighten-1 white-text'>0h 0m 21s+414ms</span>
</div>
	<div class='test-desc'>Panel Mağazalar Sayfası - Mağaza adına göre filtreleme </div>
	<div class='test-attributes'>
			<div class='category-list'>
				<span class='category label white-text'>PanelStorePageTest</span>
			</div>
	</div>
	<div class='test-steps'>
		<table class='bordered table-results'>
			<thead>
				<tr>
					<th>Status</th>
					<th>Timestamp</th>
					<th>Details</th>
				</tr>
			</thead>
			<tbody>
				<tr class='log' status='pass'>
					<td class='status pass' title='pass' alt='pass'><i class='material-icons'>check_circle</i></td>
					<td class='timestamp'>1:54:31 PM</td>
					<td class='step-details'>Test passed</td>
				</tr>
			</tbody>
		</table>
	</div>
					</div>
				</li>
				
				
				<li class='test displayed active  pass' status='pass' bdd='false' test-id='62'>
					<div class='test-heading'>
						<span class='test-name'>changeDataLimitAndCheckList</span>
						<span class='test-time'>Aug 8, 2024 01:54:37 PM</span>
						<span class='test-status right pass'>pass</span>
					</div>
					<div class='test-content hide'>
<div class='test-time-info'>
	<span class='label start-time'>Aug 8, 2024 01:54:37 PM</span>
	<span class='label end-time'>Aug 8, 2024 01:54:41 PM</span>
	<span class='label time-taken grey lighten-1 white-text'>0h 0m 3s+463ms</span>
</div>
	<div class='test-desc'>Panel Etiketler Sayfasındaki verilerin limitini değiştirme </div>
	<div class='test-attributes'>
			<div class='category-list'>
				<span class='category label white-text'>PanelTagPageTest</span>
			</div>
	</div>
	<div class='test-steps'>
		<table class='bordered table-results'>
			<thead>
				<tr>
					<th>Status</th>
					<th>Timestamp</th>
					<th>Details</th>
				</tr>
			</thead>
			<tbody>
				<tr class='log' status='pass'>
					<td class='status pass' title='pass' alt='pass'><i class='material-icons'>check_circle</i></td>
					<td class='timestamp'>1:54:41 PM</td>
					<td class='step-details'>Test passed</td>
				</tr>
			</tbody>
		</table>
	</div>
					</div>
				</li>
				
				
				<li class='test displayed active  pass' status='pass' bdd='false' test-id='63'>
					<div class='test-heading'>
						<span class='test-name'>changePageAndCheckData</span>
						<span class='test-time'>Aug 8, 2024 01:54:46 PM</span>
						<span class='test-status right pass'>pass</span>
					</div>
					<div class='test-content hide'>
<div class='test-time-info'>
	<span class='label start-time'>Aug 8, 2024 01:54:46 PM</span>
	<span class='label end-time'>Aug 8, 2024 01:54:51 PM</span>
	<span class='label time-taken grey lighten-1 white-text'>0h 0m 5s+253ms</span>
</div>
	<div class='test-desc'>Panel Etiketler Sayfası Pagination (Sayfa Değiştirme) </div>
	<div class='test-attributes'>
			<div class='category-list'>
				<span class='category label white-text'>PanelTagPageTest</span>
			</div>
	</div>
	<div class='test-steps'>
		<table class='bordered table-results'>
			<thead>
				<tr>
					<th>Status</th>
					<th>Timestamp</th>
					<th>Details</th>
				</tr>
			</thead>
			<tbody>
				<tr class='log' status='pass'>
					<td class='status pass' title='pass' alt='pass'><i class='material-icons'>check_circle</i></td>
					<td class='timestamp'>1:54:51 PM</td>
					<td class='step-details'>Test passed</td>
				</tr>
			</tbody>
		</table>
	</div>
					</div>
				</li>
				
				
				<li class='test displayed active  pass' status='pass' bdd='false' test-id='64'>
					<div class='test-heading'>
						<span class='test-name'>clickTagEditChangeValueAndSave</span>
						<span class='test-time'>Aug 8, 2024 01:54:57 PM</span>
						<span class='test-status right pass'>pass</span>
					</div>
					<div class='test-content hide'>
<div class='test-time-info'>
	<span class='label start-time'>Aug 8, 2024 01:54:57 PM</span>
	<span class='label end-time'>Aug 8, 2024 01:55:09 PM</span>
	<span class='label time-taken grey lighten-1 white-text'>0h 0m 11s+545ms</span>
</div>
	<div class='test-desc'>Panel Etiketler Sayfası - Düzenle butonuna tıklama değişiklik yapıp kaydetme </div>
	<div class='test-attributes'>
			<div class='category-list'>
				<span class='category label white-text'>PanelTagPageTest</span>
			</div>
	</div>
	<div class='test-steps'>
		<table class='bordered table-results'>
			<thead>
				<tr>
					<th>Status</th>
					<th>Timestamp</th>
					<th>Details</th>
				</tr>
			</thead>
			<tbody>
				<tr class='log' status='pass'>
					<td class='status pass' title='pass' alt='pass'><i class='material-icons'>check_circle</i></td>
					<td class='timestamp'>1:55:09 PM</td>
					<td class='step-details'>Test passed</td>
				</tr>
			</tbody>
		</table>
	</div>
					</div>
				</li>
				
				
				<li class='test displayed active  pass' status='pass' bdd='false' test-id='65'>
					<div class='test-heading'>
						<span class='test-name'>openPageAndCheckList</span>
						<span class='test-time'>Aug 8, 2024 01:55:15 PM</span>
						<span class='test-status right pass'>pass</span>
					</div>
					<div class='test-content hide'>
<div class='test-time-info'>
	<span class='label start-time'>Aug 8, 2024 01:55:15 PM</span>
	<span class='label end-time'>Aug 8, 2024 01:55:15 PM</span>
	<span class='label time-taken grey lighten-1 white-text'>0h 0m 0s+46ms</span>
</div>
	<div class='test-desc'>Panel Etiketler Sayfasındaki verilerin varlığını kontrol etme </div>
	<div class='test-attributes'>
			<div class='category-list'>
				<span class='category label white-text'>PanelTagPageTest</span>
			</div>
	</div>
	<div class='test-steps'>
		<table class='bordered table-results'>
			<thead>
				<tr>
					<th>Status</th>
					<th>Timestamp</th>
					<th>Details</th>
				</tr>
			</thead>
			<tbody>
				<tr class='log' status='pass'>
					<td class='status pass' title='pass' alt='pass'><i class='material-icons'>check_circle</i></td>
					<td class='timestamp'>1:55:15 PM</td>
					<td class='step-details'>Test passed</td>
				</tr>
			</tbody>
		</table>
	</div>
					</div>
				</li>
				
				
				<li class='test displayed active  pass' status='pass' bdd='false' test-id='66'>
					<div class='test-heading'>
						<span class='test-name'>searchByProductCode</span>
						<span class='test-time'>Aug 8, 2024 01:55:20 PM</span>
						<span class='test-status right pass'>pass</span>
					</div>
					<div class='test-content hide'>
<div class='test-time-info'>
	<span class='label start-time'>Aug 8, 2024 01:55:20 PM</span>
	<span class='label end-time'>Aug 8, 2024 01:55:24 PM</span>
	<span class='label time-taken grey lighten-1 white-text'>0h 0m 3s+363ms</span>
</div>
	<div class='test-desc'>Panel Etiketler Sayfası - Etiket koduna göre filtreleme </div>
	<div class='test-attributes'>
			<div class='category-list'>
				<span class='category label white-text'>PanelTagPageTest</span>
			</div>
	</div>
	<div class='test-steps'>
		<table class='bordered table-results'>
			<thead>
				<tr>
					<th>Status</th>
					<th>Timestamp</th>
					<th>Details</th>
				</tr>
			</thead>
			<tbody>
				<tr class='log' status='pass'>
					<td class='status pass' title='pass' alt='pass'><i class='material-icons'>check_circle</i></td>
					<td class='timestamp'>1:55:24 PM</td>
					<td class='step-details'>Test passed</td>
				</tr>
			</tbody>
		</table>
	</div>
					</div>
				</li>
				
				
				<li class='test displayed active  pass' status='pass' bdd='false' test-id='67'>
					<div class='test-heading'>
						<span class='test-name'>checkTagDataFilteredByProductName</span>
						<span class='test-time'>Aug 8, 2024 01:55:30 PM</span>
						<span class='test-status right pass'>pass</span>
					</div>
					<div class='test-content hide'>
<div class='test-time-info'>
	<span class='label start-time'>Aug 8, 2024 01:55:30 PM</span>
	<span class='label end-time'>Aug 8, 2024 01:55:32 PM</span>
	<span class='label time-taken grey lighten-1 white-text'>0h 0m 2s+604ms</span>
</div>
	<div class='test-desc'>Panel Etiketler Sayfası - Ürün adına göre filtreleme yapilip gelen datanın doğru geldiği kontrol edilmesi </div>
	<div class='test-attributes'>
			<div class='category-list'>
				<span class='category label white-text'>PanelTagPageTest</span>
			</div>
	</div>
	<div class='test-steps'>
		<table class='bordered table-results'>
			<thead>
				<tr>
					<th>Status</th>
					<th>Timestamp</th>
					<th>Details</th>
				</tr>
			</thead>
			<tbody>
				<tr class='log' status='pass'>
					<td class='status pass' title='pass' alt='pass'><i class='material-icons'>check_circle</i></td>
					<td class='timestamp'>1:55:32 PM</td>
					<td class='step-details'>Test passed</td>
				</tr>
			</tbody>
		</table>
	</div>
					</div>
				</li>
				
				
				<li class='test displayed active  pass' status='pass' bdd='false' test-id='68'>
					<div class='test-heading'>
						<span class='test-name'>changeDataLimitAndCheckList</span>
						<span class='test-time'>Aug 8, 2024 01:55:38 PM</span>
						<span class='test-status right pass'>pass</span>
					</div>
					<div class='test-content hide'>
<div class='test-time-info'>
	<span class='label start-time'>Aug 8, 2024 01:55:38 PM</span>
	<span class='label end-time'>Aug 8, 2024 01:55:41 PM</span>
	<span class='label time-taken grey lighten-1 white-text'>0h 0m 3s+7ms</span>
</div>
	<div class='test-desc'>Panel Bize Ulaşın Sayfasındaki verilerin limitini değiştirme </div>
	<div class='test-attributes'>
			<div class='category-list'>
				<span class='category label white-text'>PanelTicketPageTest</span>
			</div>
	</div>
	<div class='test-steps'>
		<table class='bordered table-results'>
			<thead>
				<tr>
					<th>Status</th>
					<th>Timestamp</th>
					<th>Details</th>
				</tr>
			</thead>
			<tbody>
				<tr class='log' status='pass'>
					<td class='status pass' title='pass' alt='pass'><i class='material-icons'>check_circle</i></td>
					<td class='timestamp'>1:55:41 PM</td>
					<td class='step-details'>Test passed</td>
				</tr>
			</tbody>
		</table>
	</div>
					</div>
				</li>
				
				
				<li class='test displayed active  pass' status='pass' bdd='false' test-id='69'>
					<div class='test-heading'>
						<span class='test-name'>changePageNumberAndCheckDataDifference</span>
						<span class='test-time'>Aug 8, 2024 01:55:47 PM</span>
						<span class='test-status right pass'>pass</span>
					</div>
					<div class='test-content hide'>
<div class='test-time-info'>
	<span class='label start-time'>Aug 8, 2024 01:55:47 PM</span>
	<span class='label end-time'>Aug 8, 2024 01:55:49 PM</span>
	<span class='label time-taken grey lighten-1 white-text'>0h 0m 2s+692ms</span>
</div>
	<div class='test-desc'>Panel Bize Ulaşın Sayfası Pagination (Sayfa Değiştirme) </div>
	<div class='test-attributes'>
			<div class='category-list'>
				<span class='category label white-text'>PanelTicketPageTest</span>
			</div>
	</div>
	<div class='test-steps'>
		<table class='bordered table-results'>
			<thead>
				<tr>
					<th>Status</th>
					<th>Timestamp</th>
					<th>Details</th>
				</tr>
			</thead>
			<tbody>
				<tr class='log' status='pass'>
					<td class='status pass' title='pass' alt='pass'><i class='material-icons'>check_circle</i></td>
					<td class='timestamp'>1:55:49 PM</td>
					<td class='step-details'>Test passed</td>
				</tr>
			</tbody>
		</table>
	</div>
					</div>
				</li>
				
				
				<li class='test displayed active  pass' status='pass' bdd='false' test-id='70'>
					<div class='test-heading'>
						<span class='test-name'>openPageAndCheckList</span>
						<span class='test-time'>Aug 8, 2024 01:55:55 PM</span>
						<span class='test-status right pass'>pass</span>
					</div>
					<div class='test-content hide'>
<div class='test-time-info'>
	<span class='label start-time'>Aug 8, 2024 01:55:55 PM</span>
	<span class='label end-time'>Aug 8, 2024 01:55:58 PM</span>
	<span class='label time-taken grey lighten-1 white-text'>0h 0m 3s+43ms</span>
</div>
	<div class='test-desc'>Panel Bize Ulaşın Sayfasındaki verilerin varlığını kontrol etme </div>
	<div class='test-attributes'>
			<div class='category-list'>
				<span class='category label white-text'>PanelTicketPageTest</span>
			</div>
	</div>
	<div class='test-steps'>
		<table class='bordered table-results'>
			<thead>
				<tr>
					<th>Status</th>
					<th>Timestamp</th>
					<th>Details</th>
				</tr>
			</thead>
			<tbody>
				<tr class='log' status='pass'>
					<td class='status pass' title='pass' alt='pass'><i class='material-icons'>check_circle</i></td>
					<td class='timestamp'>1:55:58 PM</td>
					<td class='step-details'>Test passed</td>
				</tr>
			</tbody>
		</table>
	</div>
					</div>
				</li>
				
				
				<li class='test displayed active  pass' status='pass' bdd='false' test-id='71'>
					<div class='test-heading'>
						<span class='test-name'>sortCreationDate</span>
						<span class='test-time'>Aug 8, 2024 01:56:03 PM</span>
						<span class='test-status right pass'>pass</span>
					</div>
					<div class='test-content hide'>
<div class='test-time-info'>
	<span class='label start-time'>Aug 8, 2024 01:56:03 PM</span>
	<span class='label end-time'>Aug 8, 2024 01:56:04 PM</span>
	<span class='label time-taken grey lighten-1 white-text'>0h 0m 0s+918ms</span>
</div>
	<div class='test-desc'>Panel Bize Ulaşın Sayfası - Oluşturulma tarihine göre sıralama </div>
	<div class='test-attributes'>
			<div class='category-list'>
				<span class='category label white-text'>PanelTicketPageTest</span>
			</div>
	</div>
	<div class='test-steps'>
		<table class='bordered table-results'>
			<thead>
				<tr>
					<th>Status</th>
					<th>Timestamp</th>
					<th>Details</th>
				</tr>
			</thead>
			<tbody>
				<tr class='log' status='pass'>
					<td class='status pass' title='pass' alt='pass'><i class='material-icons'>check_circle</i></td>
					<td class='timestamp'>1:56:04 PM</td>
					<td class='step-details'>Test passed</td>
				</tr>
			</tbody>
		</table>
	</div>
					</div>
				</li>
				
				
				<li class='test displayed active  fail' status='fail' bdd='false' test-id='72'>
					<div class='test-heading'>
						<span class='test-name'>addUserAndLoginUser</span>
						<span class='test-time'>Aug 8, 2024 01:56:10 PM</span>
						<span class='test-status right fail'>fail</span>
					</div>
					<div class='test-content hide'>
<div class='test-time-info'>
	<span class='label start-time'>Aug 8, 2024 01:56:10 PM</span>
	<span class='label end-time'>Aug 8, 2024 01:56:28 PM</span>
	<span class='label time-taken grey lighten-1 white-text'>0h 0m 18s+42ms</span>
</div>
	<div class='test-desc'>Panel Kullanıcılar Sayfası - Yeni kullanıcı ekleme ve giriş kontrolü </div>
	<div class='test-attributes'>
			<div class='category-list'>
				<span class='category label white-text'>PanelUsersPageTest</span>
			</div>
	</div>
	<div class='test-steps'>
		<table class='bordered table-results'>
			<thead>
				<tr>
					<th>Status</th>
					<th>Timestamp</th>
					<th>Details</th>
				</tr>
			</thead>
			<tbody>
				<tr class='log' status='fail'>
					<td class='status fail' title='fail' alt='fail'><i class='material-icons'>cancel</i></td>
					<td class='timestamp'>1:56:28 PM</td>
					<td class='step-details'><textarea>org.openqa.selenium.ElementClickInterceptedException: element click intercepted: Element <div data-v-b6cf3f5a="" id="kt_quick_user_toggle" class="btn btn-icon w-auto btn-clean d-flex align-items-center btn-lg px-2">...</div> is not clickable at point (1757, 32). Other element would receive the click: <div class="page-loader page-loader-logo">...</div>
  (Session info: chrome=127.0.6533.99)
Build info: version: '4.13.0', revision: 'ba948ece5b*'
System info: os.name: 'Windows 11', os.arch: 'amd64', os.version: '10.0', java.version: '17.0.9'
Driver info: org.openqa.selenium.chrome.ChromeDriver
Command: [88c17812e9a7d0b7af072eb777bc451f, clickElement {id=f.4BE9FCA6D8A83F72C134B67C99C77331.d.4FA5D66F301B2059BFB0FD17CCC03744.e.7530}]
Capabilities {acceptInsecureCerts: false, browserName: chrome, browserVersion: 127.0.6533.99, chrome: {chromedriverVersion: 127.0.6533.99 (f31af5097d90..., userDataDir: C:\Users\md-pe\AppData\Loca...}, fedcm:accounts: true, goog:chromeOptions: {debuggerAddress: localhost:3624}, networkConnectionEnabled: false, pageLoadStrategy: normal, platformName: windows, proxy: Proxy(), se:cdp: ws://localhost:3624/devtool..., se:cdpVersion: 127.0.6533.99, setWindowRect: true, strictFileInteractability: false, timeouts: {implicit: 0, pageLoad: 300000, script: 30000}, unhandledPromptBehavior: dismiss and notify, webauthn:extension:credBlob: true, webauthn:extension:largeBlob: true, webauthn:extension:minPinLength: true, webauthn:extension:prf: true, webauthn:virtualAuthenticators: true}
Element: [[ChromeDriver: chrome on windows (88c17812e9a7d0b7af072eb777bc451f)] -> id: kt_quick_user_toggle]
Session ID: 88c17812e9a7d0b7af072eb777bc451f
	at java.base/jdk.internal.reflect.NativeConstructorAccessorImpl.newInstance0(Native Method)
	at java.base/jdk.internal.reflect.NativeConstructorAccessorImpl.newInstance(NativeConstructorAccessorImpl.java:77)
	at java.base/jdk.internal.reflect.DelegatingConstructorAccessorImpl.newInstance(DelegatingConstructorAccessorImpl.java:45)
	at java.base/java.lang.reflect.Constructor.newInstanceWithCaller(Constructor.java:499)
	at java.base/java.lang.reflect.Constructor.newInstance(Constructor.java:480)
	at org.openqa.selenium.remote.codec.w3c.W3CHttpResponseCodec.createException(W3CHttpResponseCodec.java:200)
	at org.openqa.selenium.remote.codec.w3c.W3CHttpResponseCodec.decode(W3CHttpResponseCodec.java:133)
	at org.openqa.selenium.remote.codec.w3c.W3CHttpResponseCodec.decode(W3CHttpResponseCodec.java:52)
	at org.openqa.selenium.remote.HttpCommandExecutor.execute(HttpCommandExecutor.java:191)
	at org.openqa.selenium.remote.service.DriverCommandExecutor.invokeExecute(DriverCommandExecutor.java:196)
	at org.openqa.selenium.remote.service.DriverCommandExecutor.execute(DriverCommandExecutor.java:171)
	at org.openqa.selenium.remote.RemoteWebDriver.execute(RemoteWebDriver.java:602)
	at org.openqa.selenium.remote.RemoteWebElement.execute(RemoteWebElement.java:224)
	at org.openqa.selenium.remote.RemoteWebElement.click(RemoteWebElement.java:77)
	at jdk.internal.reflect.GeneratedMethodAccessor1.invoke(Unknown Source)
	at java.base/jdk.internal.reflect.DelegatingMethodAccessorImpl.invoke(DelegatingMethodAccessorImpl.java:43)
	at java.base/java.lang.reflect.Method.invoke(Method.java:568)
	at org.openqa.selenium.support.pagefactory.internal.LocatingElementHandler.invoke(LocatingElementHandler.java:51)
	at jdk.proxy2/jdk.proxy2.$Proxy27.click(Unknown Source)
	at com.filemarket.ecta.page.panel.PanelDashboardPage.clickUserToggleButton(PanelDashboardPage.java:15)
	at com.filemarket.ecta.test.panel.PanelLogoutPageTest.logout(PanelLogoutPageTest.java:27)
	at com.filemarket.ecta.test.panel.PanelUsersPageTest.addUserAndLoginUser(PanelUsersPageTest.java:177)
	at java.base/jdk.internal.reflect.NativeMethodAccessorImpl.invoke0(Native Method)
	at java.base/jdk.internal.reflect.NativeMethodAccessorImpl.invoke(NativeMethodAccessorImpl.java:77)
	at java.base/jdk.internal.reflect.DelegatingMethodAccessorImpl.invoke(DelegatingMethodAccessorImpl.java:43)
	at java.base/java.lang.reflect.Method.invoke(Method.java:568)
	at org.testng.internal.invokers.MethodInvocationHelper.invokeMethod(MethodInvocationHelper.java:139)
	at org.testng.internal.invokers.TestInvoker.invokeMethod(TestInvoker.java:664)
	at org.testng.internal.invokers.TestInvoker.invokeTestMethod(TestInvoker.java:228)
	at org.testng.internal.invokers.MethodRunner.runInSequence(MethodRunner.java:63)
	at org.testng.internal.invokers.TestInvoker$MethodInvocationAgent.invoke(TestInvoker.java:961)
	at org.testng.internal.invokers.TestInvoker.invokeTestMethods(TestInvoker.java:201)
	at org.testng.internal.invokers.TestMethodWorker.invokeTestMethods(TestMethodWorker.java:148)
	at org.testng.internal.invokers.TestMethodWorker.run(TestMethodWorker.java:128)
	at java.base/java.util.ArrayList.forEach(ArrayList.java:1511)
	at org.testng.TestRunner.privateRun(TestRunner.java:819)
	at org.testng.TestRunner.run(TestRunner.java:619)
	at org.testng.SuiteRunner.runTest(SuiteRunner.java:443)
	at org.testng.SuiteRunner.runSequentially(SuiteRunner.java:437)
	at org.testng.SuiteRunner.privateRun(SuiteRunner.java:397)
	at org.testng.SuiteRunner.run(SuiteRunner.java:336)
	at org.testng.SuiteRunnerWorker.runSuite(SuiteRunnerWorker.java:52)
	at org.testng.SuiteRunnerWorker.run(SuiteRunnerWorker.java:95)
	at org.testng.TestNG.runSuitesSequentially(TestNG.java:1301)
	at org.testng.TestNG.runSuitesLocally(TestNG.java:1228)
	at org.testng.TestNG.runSuites(TestNG.java:1134)
	at org.testng.TestNG.run(TestNG.java:1101)
	at com.intellij.rt.testng.IDEARemoteTestNG.run(IDEARemoteTestNG.java:66)
	at com.intellij.rt.testng.RemoteTestNGStarter.main(RemoteTestNGStarter.java:105)
</textarea></td>
				</tr>
				<tr class='log' status='fail'>
					<td class='status fail' title='fail' alt='fail'><i class='material-icons'>cancel</i></td>
					<td class='timestamp'>1:56:28 PM</td>
					<td class='step-details'>Failure Screenshot<img data-featherlight='./test-output/failure-images/addUserAndLoginUser.png' width='10%' src='./test-output/failure-images/addUserAndLoginUser.png' data-src='./test-output/failure-images/addUserAndLoginUser.png'></td>
				</tr>
			</tbody>
		</table>
	</div>
					</div>
				</li>
				
				
				<li class='test displayed active  pass' status='pass' bdd='false' test-id='73'>
					<div class='test-heading'>
						<span class='test-name'>changeDataLimitAndCheckList</span>
						<span class='test-time'>Aug 8, 2024 01:56:34 PM</span>
						<span class='test-status right pass'>pass</span>
					</div>
					<div class='test-content hide'>
<div class='test-time-info'>
	<span class='label start-time'>Aug 8, 2024 01:56:34 PM</span>
	<span class='label end-time'>Aug 8, 2024 01:56:37 PM</span>
	<span class='label time-taken grey lighten-1 white-text'>0h 0m 3s+85ms</span>
</div>
	<div class='test-desc'>Panel Yöneticiler Sayfasındaki verilerin limitini değiştirme </div>
	<div class='test-attributes'>
			<div class='category-list'>
				<span class='category label white-text'>PanelUsersPageTest</span>
			</div>
	</div>
	<div class='test-steps'>
		<table class='bordered table-results'>
			<thead>
				<tr>
					<th>Status</th>
					<th>Timestamp</th>
					<th>Details</th>
				</tr>
			</thead>
			<tbody>
				<tr class='log' status='pass'>
					<td class='status pass' title='pass' alt='pass'><i class='material-icons'>check_circle</i></td>
					<td class='timestamp'>1:56:37 PM</td>
					<td class='step-details'>Test passed</td>
				</tr>
			</tbody>
		</table>
	</div>
					</div>
				</li>
				
				
				<li class='test displayed active  pass' status='pass' bdd='false' test-id='74'>
					<div class='test-heading'>
						<span class='test-name'>changeTheDustStation</span>
						<span class='test-time'>Aug 8, 2024 01:56:42 PM</span>
						<span class='test-status right pass'>pass</span>
					</div>
					<div class='test-content hide'>
<div class='test-time-info'>
	<span class='label start-time'>Aug 8, 2024 01:56:42 PM</span>
	<span class='label end-time'>Aug 8, 2024 01:57:02 PM</span>
	<span class='label time-taken grey lighten-1 white-text'>0h 0m 19s+634ms</span>
</div>
	<div class='test-desc'>Panel Kullanıcılar Sayfası - Kullanıcı Görev Yerinin Değiştirilmesi ve Kontrolü </div>
	<div class='test-attributes'>
			<div class='category-list'>
				<span class='category label white-text'>PanelUsersPageTest</span>
			</div>
	</div>
	<div class='test-steps'>
		<table class='bordered table-results'>
			<thead>
				<tr>
					<th>Status</th>
					<th>Timestamp</th>
					<th>Details</th>
				</tr>
			</thead>
			<tbody>
				<tr class='log' status='pass'>
					<td class='status pass' title='pass' alt='pass'><i class='material-icons'>check_circle</i></td>
					<td class='timestamp'>1:57:02 PM</td>
					<td class='step-details'>Test passed</td>
				</tr>
			</tbody>
		</table>
	</div>
					</div>
				</li>
				
				
				<li class='test displayed active  pass' status='pass' bdd='false' test-id='75'>
					<div class='test-heading'>
						<span class='test-name'>checkUserDetail</span>
						<span class='test-time'>Aug 8, 2024 01:57:08 PM</span>
						<span class='test-status right pass'>pass</span>
					</div>
					<div class='test-content hide'>
<div class='test-time-info'>
	<span class='label start-time'>Aug 8, 2024 01:57:08 PM</span>
	<span class='label end-time'>Aug 8, 2024 01:57:18 PM</span>
	<span class='label time-taken grey lighten-1 white-text'>0h 0m 10s+41ms</span>
</div>
	<div class='test-desc'>Panel Kullanıcılar Sayfası - Detay bilgilerinin kontrolü </div>
	<div class='test-attributes'>
			<div class='category-list'>
				<span class='category label white-text'>PanelUsersPageTest</span>
			</div>
	</div>
	<div class='test-steps'>
		<table class='bordered table-results'>
			<thead>
				<tr>
					<th>Status</th>
					<th>Timestamp</th>
					<th>Details</th>
				</tr>
			</thead>
			<tbody>
				<tr class='log' status='pass'>
					<td class='status pass' title='pass' alt='pass'><i class='material-icons'>check_circle</i></td>
					<td class='timestamp'>1:57:18 PM</td>
					<td class='step-details'>Test passed</td>
				</tr>
			</tbody>
		</table>
	</div>
					</div>
				</li>
				
				
				<li class='test displayed active  fail' status='fail' bdd='false' test-id='76'>
					<div class='test-heading'>
						<span class='test-name'>createAndDeleteUser</span>
						<span class='test-time'>Aug 8, 2024 01:57:24 PM</span>
						<span class='test-status right fail'>fail</span>
					</div>
					<div class='test-content hide'>
<div class='test-time-info'>
	<span class='label start-time'>Aug 8, 2024 01:57:24 PM</span>
	<span class='label end-time'>Aug 8, 2024 01:57:30 PM</span>
	<span class='label time-taken grey lighten-1 white-text'>0h 0m 5s+840ms</span>
</div>
	<div class='test-desc'>Panel Kullanıcılar Sayfası - Yeni kullanıcı oluşturma ve bunun silinmesinin kontrolü </div>
	<div class='test-attributes'>
			<div class='category-list'>
				<span class='category label white-text'>PanelUsersPageTest</span>
			</div>
	</div>
	<div class='test-steps'>
		<table class='bordered table-results'>
			<thead>
				<tr>
					<th>Status</th>
					<th>Timestamp</th>
					<th>Details</th>
				</tr>
			</thead>
			<tbody>
				<tr class='log' status='fail'>
					<td class='status fail' title='fail' alt='fail'><i class='material-icons'>cancel</i></td>
					<td class='timestamp'>1:57:30 PM</td>
					<td class='step-details'><textarea>org.openqa.selenium.ElementNotInteractableException: element not interactable
  (Session info: chrome=127.0.6533.99)
Build info: version: '4.13.0', revision: 'ba948ece5b*'
System info: os.name: 'Windows 11', os.arch: 'amd64', os.version: '10.0', java.version: '17.0.9'
Driver info: org.openqa.selenium.chrome.ChromeDriver
Command: [88c17812e9a7d0b7af072eb777bc451f, sendKeysToElement {id=f.4BE9FCA6D8A83F72C134B67C99C77331.d.4FA5D66F301B2059BFB0FD17CCC03744.e.7871, value=[Ljava.lang.CharSequence;@5a1461}]
Capabilities {acceptInsecureCerts: false, browserName: chrome, browserVersion: 127.0.6533.99, chrome: {chromedriverVersion: 127.0.6533.99 (f31af5097d90..., userDataDir: C:\Users\md-pe\AppData\Loca...}, fedcm:accounts: true, goog:chromeOptions: {debuggerAddress: localhost:3624}, networkConnectionEnabled: false, pageLoadStrategy: normal, platformName: windows, proxy: Proxy(), se:cdp: ws://localhost:3624/devtool..., se:cdpVersion: 127.0.6533.99, setWindowRect: true, strictFileInteractability: false, timeouts: {implicit: 0, pageLoad: 300000, script: 30000}, unhandledPromptBehavior: dismiss and notify, webauthn:extension:credBlob: true, webauthn:extension:largeBlob: true, webauthn:extension:minPinLength: true, webauthn:extension:prf: true, webauthn:virtualAuthenticators: true}
Element: [[ChromeDriver: chrome on windows (88c17812e9a7d0b7af072eb777bc451f)] -> xpath: //div[@class="v-text-field__slot"]//input]
Session ID: 88c17812e9a7d0b7af072eb777bc451f
	at java.base/jdk.internal.reflect.NativeConstructorAccessorImpl.newInstance0(Native Method)
	at java.base/jdk.internal.reflect.NativeConstructorAccessorImpl.newInstance(NativeConstructorAccessorImpl.java:77)
	at java.base/jdk.internal.reflect.DelegatingConstructorAccessorImpl.newInstance(DelegatingConstructorAccessorImpl.java:45)
	at java.base/java.lang.reflect.Constructor.newInstanceWithCaller(Constructor.java:499)
	at java.base/java.lang.reflect.Constructor.newInstance(Constructor.java:480)
	at org.openqa.selenium.remote.codec.w3c.W3CHttpResponseCodec.createException(W3CHttpResponseCodec.java:200)
	at org.openqa.selenium.remote.codec.w3c.W3CHttpResponseCodec.decode(W3CHttpResponseCodec.java:133)
	at org.openqa.selenium.remote.codec.w3c.W3CHttpResponseCodec.decode(W3CHttpResponseCodec.java:52)
	at org.openqa.selenium.remote.HttpCommandExecutor.execute(HttpCommandExecutor.java:191)
	at org.openqa.selenium.remote.service.DriverCommandExecutor.invokeExecute(DriverCommandExecutor.java:196)
	at org.openqa.selenium.remote.service.DriverCommandExecutor.execute(DriverCommandExecutor.java:171)
	at org.openqa.selenium.remote.RemoteWebDriver.execute(RemoteWebDriver.java:602)
	at org.openqa.selenium.remote.RemoteWebElement.execute(RemoteWebElement.java:224)
	at org.openqa.selenium.remote.RemoteWebElement.sendKeys(RemoteWebElement.java:111)
	at jdk.internal.reflect.GeneratedMethodAccessor8.invoke(Unknown Source)
	at java.base/jdk.internal.reflect.DelegatingMethodAccessorImpl.invoke(DelegatingMethodAccessorImpl.java:43)
	at java.base/java.lang.reflect.Method.invoke(Method.java:568)
	at org.openqa.selenium.support.pagefactory.internal.LocatingElementHandler.invoke(LocatingElementHandler.java:51)
	at jdk.proxy2/jdk.proxy2.$Proxy27.sendKeys(Unknown Source)
	at com.filemarket.ecta.util.Utils.sendKeys(Utils.java:51)
	at com.filemarket.ecta.page.panel.PanelUsersPage.searchData(PanelUsersPage.java:122)
	at com.filemarket.ecta.test.panel.PanelUsersPageTest.createAndDeleteUser(PanelUsersPageTest.java:267)
	at java.base/jdk.internal.reflect.NativeMethodAccessorImpl.invoke0(Native Method)
	at java.base/jdk.internal.reflect.NativeMethodAccessorImpl.invoke(NativeMethodAccessorImpl.java:77)
	at java.base/jdk.internal.reflect.DelegatingMethodAccessorImpl.invoke(DelegatingMethodAccessorImpl.java:43)
	at java.base/java.lang.reflect.Method.invoke(Method.java:568)
	at org.testng.internal.invokers.MethodInvocationHelper.invokeMethod(MethodInvocationHelper.java:139)
	at org.testng.internal.invokers.TestInvoker.invokeMethod(TestInvoker.java:664)
	at org.testng.internal.invokers.TestInvoker.invokeTestMethod(TestInvoker.java:228)
	at org.testng.internal.invokers.MethodRunner.runInSequence(MethodRunner.java:63)
	at org.testng.internal.invokers.TestInvoker$MethodInvocationAgent.invoke(TestInvoker.java:961)
	at org.testng.internal.invokers.TestInvoker.invokeTestMethods(TestInvoker.java:201)
	at org.testng.internal.invokers.TestMethodWorker.invokeTestMethods(TestMethodWorker.java:148)
	at org.testng.internal.invokers.TestMethodWorker.run(TestMethodWorker.java:128)
	at java.base/java.util.ArrayList.forEach(ArrayList.java:1511)
	at org.testng.TestRunner.privateRun(TestRunner.java:819)
	at org.testng.TestRunner.run(TestRunner.java:619)
	at org.testng.SuiteRunner.runTest(SuiteRunner.java:443)
	at org.testng.SuiteRunner.runSequentially(SuiteRunner.java:437)
	at org.testng.SuiteRunner.privateRun(SuiteRunner.java:397)
	at org.testng.SuiteRunner.run(SuiteRunner.java:336)
	at org.testng.SuiteRunnerWorker.runSuite(SuiteRunnerWorker.java:52)
	at org.testng.SuiteRunnerWorker.run(SuiteRunnerWorker.java:95)
	at org.testng.TestNG.runSuitesSequentially(TestNG.java:1301)
	at org.testng.TestNG.runSuitesLocally(TestNG.java:1228)
	at org.testng.TestNG.runSuites(TestNG.java:1134)
	at org.testng.TestNG.run(TestNG.java:1101)
	at com.intellij.rt.testng.IDEARemoteTestNG.run(IDEARemoteTestNG.java:66)
	at com.intellij.rt.testng.RemoteTestNGStarter.main(RemoteTestNGStarter.java:105)
</textarea></td>
				</tr>
				<tr class='log' status='fail'>
					<td class='status fail' title='fail' alt='fail'><i class='material-icons'>cancel</i></td>
					<td class='timestamp'>1:57:30 PM</td>
					<td class='step-details'>Failure Screenshot<img data-featherlight='./test-output/failure-images/createAndDeleteUser.png' width='10%' src='./test-output/failure-images/createAndDeleteUser.png' data-src='./test-output/failure-images/createAndDeleteUser.png'></td>
				</tr>
			</tbody>
		</table>
	</div>
					</div>
				</li>
				
				
				<li class='test displayed active  skip' status='skip' bdd='false' test-id='77'>
					<div class='test-heading'>
						<span class='test-name'>openPageAndCheckList</span>
						<span class='test-time'>Aug 8, 2024 01:57:34 PM</span>
						<span class='test-status right skip'>skip</span>
					</div>
					<div class='test-content hide'>
<div class='test-time-info'>
	<span class='label start-time'>Aug 8, 2024 01:57:34 PM</span>
	<span class='label end-time'>Aug 8, 2024 01:57:34 PM</span>
	<span class='label time-taken grey lighten-1 white-text'>0h 0m 0s+1ms</span>
</div>
	<div class='test-desc'>Panel Yöneticiler Sayfasındaki verilerin varlığını kontrol etme </div>
	<div class='test-attributes'>
			<div class='category-list'>
				<span class='category label white-text'>PanelUsersPageTest</span>
			</div>
	</div>
	<div class='test-steps'>
		<table class='bordered table-results'>
			<thead>
				<tr>
					<th>Status</th>
					<th>Timestamp</th>
					<th>Details</th>
				</tr>
			</thead>
			<tbody>
				<tr class='log' status='skip'>
					<td class='status skip' title='skip' alt='skip'><i class='material-icons'>redo</i></td>
					<td class='timestamp'>1:57:34 PM</td>
					<td class='step-details'>Test Skipped</td>
				</tr>
			</tbody>
		</table>
	</div>
					</div>
				</li>
				
				
				<li class='test displayed active  skip' status='skip' bdd='false' test-id='78'>
					<div class='test-heading'>
						<span class='test-name'>searchByGeneralSearch</span>
						<span class='test-time'>Aug 8, 2024 01:57:34 PM</span>
						<span class='test-status right skip'>skip</span>
					</div>
					<div class='test-content hide'>
<div class='test-time-info'>
	<span class='label start-time'>Aug 8, 2024 01:57:34 PM</span>
	<span class='label end-time'>Aug 8, 2024 01:57:34 PM</span>
	<span class='label time-taken grey lighten-1 white-text'>0h 0m 0s+1ms</span>
</div>
	<div class='test-desc'>Panel Kullanıcılar Sayfası - Arama özelliğinin testi ve kontrolü </div>
	<div class='test-attributes'>
			<div class='category-list'>
				<span class='category label white-text'>PanelUsersPageTest</span>
			</div>
	</div>
	<div class='test-steps'>
		<table class='bordered table-results'>
			<thead>
				<tr>
					<th>Status</th>
					<th>Timestamp</th>
					<th>Details</th>
				</tr>
			</thead>
			<tbody>
				<tr class='log' status='skip'>
					<td class='status skip' title='skip' alt='skip'><i class='material-icons'>redo</i></td>
					<td class='timestamp'>1:57:34 PM</td>
					<td class='step-details'>Test Skipped</td>
				</tr>
			</tbody>
		</table>
	</div>
					</div>
				</li>
				
				
				<li class='test displayed active  skip' status='skip' bdd='false' test-id='79'>
					<div class='test-heading'>
						<span class='test-name'>testSearchByUsernameWithMinimumThreeChars</span>
						<span class='test-time'>Aug 8, 2024 01:57:34 PM</span>
						<span class='test-status right skip'>skip</span>
					</div>
					<div class='test-content hide'>
<div class='test-time-info'>
	<span class='label start-time'>Aug 8, 2024 01:57:34 PM</span>
	<span class='label end-time'>Aug 8, 2024 01:57:34 PM</span>
	<span class='label time-taken grey lighten-1 white-text'>0h 0m 0s+1ms</span>
</div>
	<div class='test-desc'>Panel Kullanıcılar Sayfası - Searchbar Kullanıcı Adına göre minimum 3 karekter ile arama yapma ve sonucunu kontrol etme </div>
	<div class='test-attributes'>
			<div class='category-list'>
				<span class='category label white-text'>PanelUsersPageTest</span>
			</div>
	</div>
	<div class='test-steps'>
		<table class='bordered table-results'>
			<thead>
				<tr>
					<th>Status</th>
					<th>Timestamp</th>
					<th>Details</th>
				</tr>
			</thead>
			<tbody>
				<tr class='log' status='skip'>
					<td class='status skip' title='skip' alt='skip'><i class='material-icons'>redo</i></td>
					<td class='timestamp'>1:57:34 PM</td>
					<td class='step-details'>Test Skipped</td>
				</tr>
			</tbody>
		</table>
	</div>
					</div>
				</li>
				
				
				<li class='test displayed active  skip' status='skip' bdd='false' test-id='80'>
					<div class='test-heading'>
						<span class='test-name'>updatePhoneNumber</span>
						<span class='test-time'>Aug 8, 2024 01:57:34 PM</span>
						<span class='test-status right skip'>skip</span>
					</div>
					<div class='test-content hide'>
<div class='test-time-info'>
	<span class='label start-time'>Aug 8, 2024 01:57:34 PM</span>
	<span class='label end-time'>Aug 8, 2024 01:57:34 PM</span>
	<span class='label time-taken grey lighten-1 white-text'>0h 0m 0s+0ms</span>
</div>
	<div class='test-desc'>Panel Kullanıcılar Sayfası - Kullanıcı telefon numarasının güncellenmesi ve sisteme girişinin kontrolü </div>
	<div class='test-attributes'>
			<div class='category-list'>
				<span class='category label white-text'>PanelUsersPageTest</span>
			</div>
	</div>
	<div class='test-steps'>
		<table class='bordered table-results'>
			<thead>
				<tr>
					<th>Status</th>
					<th>Timestamp</th>
					<th>Details</th>
				</tr>
			</thead>
			<tbody>
				<tr class='log' status='skip'>
					<td class='status skip' title='skip' alt='skip'><i class='material-icons'>redo</i></td>
					<td class='timestamp'>1:57:34 PM</td>
					<td class='step-details'>Test Skipped</td>
				</tr>
			</tbody>
		</table>
	</div>
					</div>
				</li>
				
				
				<li class='test displayed active  skip' status='skip' bdd='false' test-id='81'>
					<div class='test-heading'>
						<span class='test-name'>updateRoleAndCheck</span>
						<span class='test-time'>Aug 8, 2024 01:57:34 PM</span>
						<span class='test-status right skip'>skip</span>
					</div>
					<div class='test-content hide'>
<div class='test-time-info'>
	<span class='label start-time'>Aug 8, 2024 01:57:34 PM</span>
	<span class='label end-time'>Aug 8, 2024 01:57:34 PM</span>
	<span class='label time-taken grey lighten-1 white-text'>0h 0m 0s+1ms</span>
</div>
	<div class='test-desc'>Panel Kullanıcılar Sayfası - Rol ekleyip silmenin kontrolü </div>
	<div class='test-attributes'>
			<div class='category-list'>
				<span class='category label white-text'>PanelUsersPageTest</span>
			</div>
	</div>
	<div class='test-steps'>
		<table class='bordered table-results'>
			<thead>
				<tr>
					<th>Status</th>
					<th>Timestamp</th>
					<th>Details</th>
				</tr>
			</thead>
			<tbody>
				<tr class='log' status='skip'>
					<td class='status skip' title='skip' alt='skip'><i class='material-icons'>redo</i></td>
					<td class='timestamp'>1:57:34 PM</td>
					<td class='step-details'>Test Skipped</td>
				</tr>
			</tbody>
		</table>
	</div>
					</div>
				</li>
				
				
				<li class='test displayed active  skip' status='skip' bdd='false' test-id='82'>
					<div class='test-heading'>
						<span class='test-name'>updateUserAndLoginUser</span>
						<span class='test-time'>Aug 8, 2024 01:57:34 PM</span>
						<span class='test-status right skip'>skip</span>
					</div>
					<div class='test-content hide'>
<div class='test-time-info'>
	<span class='label start-time'>Aug 8, 2024 01:57:34 PM</span>
	<span class='label end-time'>Aug 8, 2024 01:57:34 PM</span>
	<span class='label time-taken grey lighten-1 white-text'>0h 0m 0s+0ms</span>
</div>
	<div class='test-desc'>Panel Kullanıcılar Sayfası - Aranan kullanıcının, kullanıcı adını güncelleme ve giriş kontrolü </div>
	<div class='test-attributes'>
			<div class='category-list'>
				<span class='category label white-text'>PanelUsersPageTest</span>
			</div>
	</div>
	<div class='test-steps'>
		<table class='bordered table-results'>
			<thead>
				<tr>
					<th>Status</th>
					<th>Timestamp</th>
					<th>Details</th>
				</tr>
			</thead>
			<tbody>
				<tr class='log' status='skip'>
					<td class='status skip' title='skip' alt='skip'><i class='material-icons'>redo</i></td>
					<td class='timestamp'>1:57:34 PM</td>
					<td class='step-details'>Test Skipped</td>
				</tr>
			</tbody>
		</table>
	</div>
					</div>
				</li>
				
				
				<li class='test displayed active  skip' status='skip' bdd='false' test-id='83'>
					<div class='test-heading'>
						<span class='test-name'>updateUserNameAndSurname</span>
						<span class='test-time'>Aug 8, 2024 01:57:34 PM</span>
						<span class='test-status right skip'>skip</span>
					</div>
					<div class='test-content hide'>
<div class='test-time-info'>
	<span class='label start-time'>Aug 8, 2024 01:57:34 PM</span>
	<span class='label end-time'>Aug 8, 2024 01:57:34 PM</span>
	<span class='label time-taken grey lighten-1 white-text'>0h 0m 0s+0ms</span>
</div>
	<div class='test-desc'>Panel Kullanıcılar Sayfası - Kullanıcı ad-soyad güncelleme </div>
	<div class='test-attributes'>
			<div class='category-list'>
				<span class='category label white-text'>PanelUsersPageTest</span>
			</div>
	</div>
	<div class='test-steps'>
		<table class='bordered table-results'>
			<thead>
				<tr>
					<th>Status</th>
					<th>Timestamp</th>
					<th>Details</th>
				</tr>
			</thead>
			<tbody>
				<tr class='log' status='skip'>
					<td class='status skip' title='skip' alt='skip'><i class='material-icons'>redo</i></td>
					<td class='timestamp'>1:57:34 PM</td>
					<td class='step-details'>Test Skipped</td>
				</tr>
			</tbody>
		</table>
	</div>
					</div>
				</li>
				
				
				<li class='test displayed active  fail' status='fail' bdd='false' test-id='84'>
					<div class='test-heading'>
						<span class='test-name'>logout</span>
						<span class='test-time'>Aug 8, 2024 01:57:34 PM</span>
						<span class='test-status right fail'>fail</span>
					</div>
					<div class='test-content hide'>
<div class='test-time-info'>
	<span class='label start-time'>Aug 8, 2024 01:57:34 PM</span>
	<span class='label end-time'>Aug 8, 2024 01:57:37 PM</span>
	<span class='label time-taken grey lighten-1 white-text'>0h 0m 3s+353ms</span>
</div>
	<div class='test-desc'>Panelden çıkış yapma </div>
	<div class='test-attributes'>
			<div class='category-list'>
				<span class='category label white-text'>PanelLogoutPageTest</span>
			</div>
	</div>
	<div class='test-steps'>
		<table class='bordered table-results'>
			<thead>
				<tr>
					<th>Status</th>
					<th>Timestamp</th>
					<th>Details</th>
				</tr>
			</thead>
			<tbody>
				<tr class='log' status='fail'>
					<td class='status fail' title='fail' alt='fail'><i class='material-icons'>cancel</i></td>
					<td class='timestamp'>1:57:37 PM</td>
					<td class='step-details'><textarea>org.openqa.selenium.ElementClickInterceptedException: element click intercepted: Element <div data-v-b6cf3f5a="" id="kt_quick_user_toggle" class="btn btn-icon w-auto btn-clean d-flex align-items-center btn-lg px-2">...</div> is not clickable at point (1757, 32). Other element would receive the click: <div class="v-overlay__scrim" style="opacity: 0.46; background-color: rgb(33, 33, 33); border-color: rgb(33, 33, 33);"></div>
  (Session info: chrome=127.0.6533.99)
Build info: version: '4.13.0', revision: 'ba948ece5b*'
System info: os.name: 'Windows 11', os.arch: 'amd64', os.version: '10.0', java.version: '17.0.9'
Driver info: org.openqa.selenium.chrome.ChromeDriver
Command: [88c17812e9a7d0b7af072eb777bc451f, clickElement {id=f.4BE9FCA6D8A83F72C134B67C99C77331.d.4FA5D66F301B2059BFB0FD17CCC03744.e.7530}]
Capabilities {acceptInsecureCerts: false, browserName: chrome, browserVersion: 127.0.6533.99, chrome: {chromedriverVersion: 127.0.6533.99 (f31af5097d90..., userDataDir: C:\Users\md-pe\AppData\Loca...}, fedcm:accounts: true, goog:chromeOptions: {debuggerAddress: localhost:3624}, networkConnectionEnabled: false, pageLoadStrategy: normal, platformName: windows, proxy: Proxy(), se:cdp: ws://localhost:3624/devtool..., se:cdpVersion: 127.0.6533.99, setWindowRect: true, strictFileInteractability: false, timeouts: {implicit: 0, pageLoad: 300000, script: 30000}, unhandledPromptBehavior: dismiss and notify, webauthn:extension:credBlob: true, webauthn:extension:largeBlob: true, webauthn:extension:minPinLength: true, webauthn:extension:prf: true, webauthn:virtualAuthenticators: true}
Element: [[ChromeDriver: chrome on windows (88c17812e9a7d0b7af072eb777bc451f)] -> id: kt_quick_user_toggle]
Session ID: 88c17812e9a7d0b7af072eb777bc451f
	at java.base/jdk.internal.reflect.NativeConstructorAccessorImpl.newInstance0(Native Method)
	at java.base/jdk.internal.reflect.NativeConstructorAccessorImpl.newInstance(NativeConstructorAccessorImpl.java:77)
	at java.base/jdk.internal.reflect.DelegatingConstructorAccessorImpl.newInstance(DelegatingConstructorAccessorImpl.java:45)
	at java.base/java.lang.reflect.Constructor.newInstanceWithCaller(Constructor.java:499)
	at java.base/java.lang.reflect.Constructor.newInstance(Constructor.java:480)
	at org.openqa.selenium.remote.codec.w3c.W3CHttpResponseCodec.createException(W3CHttpResponseCodec.java:200)
	at org.openqa.selenium.remote.codec.w3c.W3CHttpResponseCodec.decode(W3CHttpResponseCodec.java:133)
	at org.openqa.selenium.remote.codec.w3c.W3CHttpResponseCodec.decode(W3CHttpResponseCodec.java:52)
	at org.openqa.selenium.remote.HttpCommandExecutor.execute(HttpCommandExecutor.java:191)
	at org.openqa.selenium.remote.service.DriverCommandExecutor.invokeExecute(DriverCommandExecutor.java:196)
	at org.openqa.selenium.remote.service.DriverCommandExecutor.execute(DriverCommandExecutor.java:171)
	at org.openqa.selenium.remote.RemoteWebDriver.execute(RemoteWebDriver.java:602)
	at org.openqa.selenium.remote.RemoteWebElement.execute(RemoteWebElement.java:224)
	at org.openqa.selenium.remote.RemoteWebElement.click(RemoteWebElement.java:77)
	at jdk.internal.reflect.GeneratedMethodAccessor1.invoke(Unknown Source)
	at java.base/jdk.internal.reflect.DelegatingMethodAccessorImpl.invoke(DelegatingMethodAccessorImpl.java:43)
	at java.base/java.lang.reflect.Method.invoke(Method.java:568)
	at org.openqa.selenium.support.pagefactory.internal.LocatingElementHandler.invoke(LocatingElementHandler.java:51)
	at jdk.proxy2/jdk.proxy2.$Proxy27.click(Unknown Source)
	at com.filemarket.ecta.page.panel.PanelDashboardPage.clickUserToggleButton(PanelDashboardPage.java:15)
	at com.filemarket.ecta.test.panel.PanelLogoutPageTest.logout(PanelLogoutPageTest.java:27)
	at java.base/jdk.internal.reflect.NativeMethodAccessorImpl.invoke0(Native Method)
	at java.base/jdk.internal.reflect.NativeMethodAccessorImpl.invoke(NativeMethodAccessorImpl.java:77)
	at java.base/jdk.internal.reflect.DelegatingMethodAccessorImpl.invoke(DelegatingMethodAccessorImpl.java:43)
	at java.base/java.lang.reflect.Method.invoke(Method.java:568)
	at org.testng.internal.invokers.MethodInvocationHelper.invokeMethod(MethodInvocationHelper.java:139)
	at org.testng.internal.invokers.TestInvoker.invokeMethod(TestInvoker.java:664)
	at org.testng.internal.invokers.TestInvoker.invokeTestMethod(TestInvoker.java:228)
	at org.testng.internal.invokers.MethodRunner.runInSequence(MethodRunner.java:63)
	at org.testng.internal.invokers.TestInvoker$MethodInvocationAgent.invoke(TestInvoker.java:961)
	at org.testng.internal.invokers.TestInvoker.invokeTestMethods(TestInvoker.java:201)
	at org.testng.internal.invokers.TestMethodWorker.invokeTestMethods(TestMethodWorker.java:148)
	at org.testng.internal.invokers.TestMethodWorker.run(TestMethodWorker.java:128)
	at java.base/java.util.ArrayList.forEach(ArrayList.java:1511)
	at org.testng.TestRunner.privateRun(TestRunner.java:819)
	at org.testng.TestRunner.run(TestRunner.java:619)
	at org.testng.SuiteRunner.runTest(SuiteRunner.java:443)
	at org.testng.SuiteRunner.runSequentially(SuiteRunner.java:437)
	at org.testng.SuiteRunner.privateRun(SuiteRunner.java:397)
	at org.testng.SuiteRunner.run(SuiteRunner.java:336)
	at org.testng.SuiteRunnerWorker.runSuite(SuiteRunnerWorker.java:52)
	at org.testng.SuiteRunnerWorker.run(SuiteRunnerWorker.java:95)
	at org.testng.TestNG.runSuitesSequentially(TestNG.java:1301)
	at org.testng.TestNG.runSuitesLocally(TestNG.java:1228)
	at org.testng.TestNG.runSuites(TestNG.java:1134)
	at org.testng.TestNG.run(TestNG.java:1101)
	at com.intellij.rt.testng.IDEARemoteTestNG.run(IDEARemoteTestNG.java:66)
	at com.intellij.rt.testng.RemoteTestNGStarter.main(RemoteTestNGStarter.java:105)
</textarea></td>
				</tr>
				<tr class='log' status='fail'>
					<td class='status fail' title='fail' alt='fail'><i class='material-icons'>cancel</i></td>
					<td class='timestamp'>1:57:37 PM</td>
					<td class='step-details'>Failure Screenshot<img data-featherlight='./test-output/failure-images/logout.png' width='10%' src='./test-output/failure-images/logout.png' data-src='./test-output/failure-images/logout.png'></td>
				</tr>
			</tbody>
		</table>
	</div>
					</div>
				</li>
				
				
				<li class='test displayed active  pass' status='pass' bdd='false' test-id='85'>
					<div class='test-heading'>
						<span class='test-name'>incorrectLogin</span>
						<span class='test-time'>Aug 8, 2024 01:57:52 PM</span>
						<span class='test-status right pass'>pass</span>
					</div>
					<div class='test-content hide'>
<div class='test-time-info'>
	<span class='label start-time'>Aug 8, 2024 01:57:52 PM</span>
	<span class='label end-time'>Aug 8, 2024 01:57:55 PM</span>
	<span class='label time-taken grey lighten-1 white-text'>0h 0m 3s+447ms</span>
</div>
	<div class='test-desc'>Yanlış kullanıcı adı ve şifre ile panele giriş yapamama </div>
	<div class='test-attributes'>
			<div class='category-list'>
				<span class='category label white-text'>PanelLoginPageTest</span>
			</div>
	</div>
	<div class='test-steps'>
		<table class='bordered table-results'>
			<thead>
				<tr>
					<th>Status</th>
					<th>Timestamp</th>
					<th>Details</th>
				</tr>
			</thead>
			<tbody>
				<tr class='log' status='pass'>
					<td class='status pass' title='pass' alt='pass'><i class='material-icons'>check_circle</i></td>
					<td class='timestamp'>1:57:55 PM</td>
					<td class='step-details'>Test passed</td>
				</tr>
			</tbody>
		</table>
	</div>
					</div>
				</li>
				
				
				<li class='test displayed active  pass' status='pass' bdd='false' test-id='86'>
					<div class='test-heading'>
						<span class='test-name'>login</span>
						<span class='test-time'>Aug 8, 2024 01:58:06 PM</span>
						<span class='test-status right pass'>pass</span>
					</div>
					<div class='test-content hide'>
<div class='test-time-info'>
	<span class='label start-time'>Aug 8, 2024 01:58:06 PM</span>
	<span class='label end-time'>Aug 8, 2024 01:58:12 PM</span>
	<span class='label time-taken grey lighten-1 white-text'>0h 0m 5s+499ms</span>
</div>
	<div class='test-desc'>Doğru kullanıcı adı ve şifre ile panele giriş yapabilme </div>
	<div class='test-attributes'>
			<div class='category-list'>
				<span class='category label white-text'>PanelLoginPageTest</span>
			</div>
	</div>
	<div class='test-steps'>
		<table class='bordered table-results'>
			<thead>
				<tr>
					<th>Status</th>
					<th>Timestamp</th>
					<th>Details</th>
				</tr>
			</thead>
			<tbody>
				<tr class='log' status='pass'>
					<td class='status pass' title='pass' alt='pass'><i class='material-icons'>check_circle</i></td>
					<td class='timestamp'>1:58:12 PM</td>
					<td class='step-details'>Test passed</td>
				</tr>
			</tbody>
		</table>
	</div>
					</div>
				</li>
			</ul>
		</div>
	</div>
	<!-- subview left -->

	<div class='subview-right left'>
		<div class='view-summary'>
			<h5 class='test-name'></h5>

			<div id='step-filters' class="right">
				<span class="blue-text" status="info" alt="info" title="info"><i class="material-icons">info_outline</i></span>
				<span class="green-text" status="pass" alt="pass" title="pass"><i class="material-icons">check_circle</i></span>
				<span class="red-text" status="fail" alt="fail" title="fail"><i class="material-icons">cancel</i></span>
				<span class="red-text text-darken-4" status="fatal" alt="fatal" title="fatal"><i class="material-icons">cancel</i></span>
				<span class="pink-text text-lighten-1" status="error" alt="error" title="error"><i class="material-icons">error</i></span>
				<span class="orange-text" alt="warning" status="warning" title="warning"><i class="material-icons">warning</i></span>
				<span class="teal-text" status="skip" alt="skip" title="skip"><i class="material-icons">redo</i></span>
				<span status="clear" alt="Clear filters" title="Clear filters"><i class="material-icons">clear</i></span>
			</div>
		</div>
	</div>
	<!-- subview right -->

</div>
<!-- test view -->
<div id='category-view' class='view hide'>

	<section id='controls'>
		<div class='controls grey lighten-4'>
			<!-- search -->
			<div class='chip transparent' alt='Search Tests' title='Search Tests'>
				<a href="#" class='search-div'>
					<i class='material-icons'>search</i> Search
				</a>
				
				<div class='input-field left hide'>
					<input id='search-tests' type='text' class='validate browser-default' placeholder='Search Tests...'>
				</div>
				
			</div>
			<!-- search -->
		</div>
	</section>

	<div class='subview-left left'>
		
		<div class='view-summary'>
			<h5>Categories</h3>
			<ul id='category-collection' class='category-collection'>
				
				<li class='category displayed active'>
					<div class='category-heading'>
						<span class='category-name'>PanelBannerPageTest</span>
						<span class='category-status right'>
							<span class='label pass'>8</span>
							<span class='label fail'>1</span>
						</span>
					</div>
					<div class='category-content hide'>
						<div class='category-status-counts'>
							<span class='label green accent-4 white-text'>Passed: 8</span>
							<span class='label red lighten-1 white-text'>Failed: 1</span>
							
						</div>
					
						<div class='category-tests'>
							<table class='bordered table-results'>
								<thead>
									<tr>
										<th>Timestamp</th>
										<th>TestName</th>
										<th>Status</th>
									</tr>
								</thead>
								<tbody>
									<tr>
										<td>Aug 8, 2024 01:36:01 PM</td>
										<td class='linked' test-id='1'>checkAcreatebannerbutton</td>
										<td><span class='test-status pass'>pass</span></td>
									</tr>
									<tr>
										<td>Aug 8, 2024 01:37:28 PM</td>
										<td class='linked' test-id='2'>checkActiveBannerDetailStatus</td>
										<td><span class='test-status pass'>pass</span></td>
									</tr>
									<tr>
										<td>Aug 8, 2024 01:37:36 PM</td>
										<td class='linked' test-id='3'>checkBannerDetailInformation</td>
										<td><span class='test-status pass'>pass</span></td>
									</tr>
									<tr>
										<td>Aug 8, 2024 01:37:45 PM</td>
										<td class='linked' test-id='4'>checkPassiveBannerDetailStatus</td>
										<td><span class='test-status pass'>pass</span></td>
									</tr>
									<tr>
										<td>Aug 8, 2024 01:37:54 PM</td>
										<td class='linked' test-id='5'>checkingNameFilter</td>
										<td><span class='test-status pass'>pass</span></td>
									</tr>
									<tr>
										<td>Aug 8, 2024 01:38:10 PM</td>
										<td class='linked' test-id='6'>checkingTypeFilter</td>
										<td><span class='test-status pass'>pass</span></td>
									</tr>
									<tr>
										<td>Aug 8, 2024 01:38:28 PM</td>
										<td class='linked' test-id='7'>openPageAndCheckList</td>
										<td><span class='test-status pass'>pass</span></td>
									</tr>
									<tr>
										<td>Aug 8, 2024 01:38:34 PM</td>
										<td class='linked' test-id='8'>updateAndControlOfBannerAciklmasi</td>
										<td><span class='test-status fail'>fail</span></td>
									</tr>
									<tr>
										<td>Aug 8, 2024 01:39:43 PM</td>
										<td class='linked' test-id='9'>updateAndControlOfBannerAdi</td>
										<td><span class='test-status pass'>pass</span></td>
									</tr>
								</tbody>
							</table>
						</div>
					</div>
				</li>
				<li class='category displayed active'>
					<div class='category-heading'>
						<span class='category-name'>PanelBatchInputPageTest</span>
						<span class='category-status right'>
							<span class='label pass'>2</span>
						</span>
					</div>
					<div class='category-content hide'>
						<div class='category-status-counts'>
							<span class='label green accent-4 white-text'>Passed: 2</span>
							
							
						</div>
					
						<div class='category-tests'>
							<table class='bordered table-results'>
								<thead>
									<tr>
										<th>Timestamp</th>
										<th>TestName</th>
										<th>Status</th>
									</tr>
								</thead>
								<tbody>
									<tr>
										<td>Aug 8, 2024 01:40:47 PM</td>
										<td class='linked' test-id='10'>clickBatchInputAndCheckFileSpace</td>
										<td><span class='test-status pass'>pass</span></td>
									</tr>
									<tr>
										<td>Aug 8, 2024 01:40:50 PM</td>
										<td class='linked' test-id='11'>clickFileSpaceAndUploadFile</td>
										<td><span class='test-status pass'>pass</span></td>
									</tr>
								</tbody>
							</table>
						</div>
					</div>
				</li>
				<li class='category displayed active'>
					<div class='category-heading'>
						<span class='category-name'>PanelCategoryPageTest</span>
						<span class='category-status right'>
							<span class='label pass'>4</span>
						</span>
					</div>
					<div class='category-content hide'>
						<div class='category-status-counts'>
							<span class='label green accent-4 white-text'>Passed: 4</span>
							
							
						</div>
					
						<div class='category-tests'>
							<table class='bordered table-results'>
								<thead>
									<tr>
										<th>Timestamp</th>
										<th>TestName</th>
										<th>Status</th>
									</tr>
								</thead>
								<tbody>
									<tr>
										<td>Aug 8, 2024 01:40:56 PM</td>
										<td class='linked' test-id='12'>changeDataLimitAndCheckList</td>
										<td><span class='test-status pass'>pass</span></td>
									</tr>
									<tr>
										<td>Aug 8, 2024 01:41:04 PM</td>
										<td class='linked' test-id='13'>changePageNumberAndCheckDataDifference</td>
										<td><span class='test-status pass'>pass</span></td>
									</tr>
									<tr>
										<td>Aug 8, 2024 01:41:14 PM</td>
										<td class='linked' test-id='14'>dragAndDrop</td>
										<td><span class='test-status pass'>pass</span></td>
									</tr>
									<tr>
										<td>Aug 8, 2024 01:41:31 PM</td>
										<td class='linked' test-id='15'>openPageAndCheckList</td>
										<td><span class='test-status pass'>pass</span></td>
									</tr>
								</tbody>
							</table>
						</div>
					</div>
				</li>
				<li class='category displayed active'>
					<div class='category-heading'>
						<span class='category-name'>PanelContractPageTest</span>
						<span class='category-status right'>
							<span class='label pass'>1</span>
						</span>
					</div>
					<div class='category-content hide'>
						<div class='category-status-counts'>
							<span class='label green accent-4 white-text'>Passed: 1</span>
							
							
						</div>
					
						<div class='category-tests'>
							<table class='bordered table-results'>
								<thead>
									<tr>
										<th>Timestamp</th>
										<th>TestName</th>
										<th>Status</th>
									</tr>
								</thead>
								<tbody>
									<tr>
										<td>Aug 8, 2024 01:41:37 PM</td>
										<td class='linked' test-id='16'>openPageAndCheckList</td>
										<td><span class='test-status pass'>pass</span></td>
									</tr>
								</tbody>
							</table>
						</div>
					</div>
				</li>
				<li class='category displayed active'>
					<div class='category-heading'>
						<span class='category-name'>PanelCustomerDetailPageTest</span>
						<span class='category-status right'>
							<span class='label pass'>1</span>
						</span>
					</div>
					<div class='category-content hide'>
						<div class='category-status-counts'>
							<span class='label green accent-4 white-text'>Passed: 1</span>
							
							
						</div>
					
						<div class='category-tests'>
							<table class='bordered table-results'>
								<thead>
									<tr>
										<th>Timestamp</th>
										<th>TestName</th>
										<th>Status</th>
									</tr>
								</thead>
								<tbody>
									<tr>
										<td>Aug 8, 2024 01:41:40 PM</td>
										<td class='linked' test-id='17'>openPageAndCheckList</td>
										<td><span class='test-status pass'>pass</span></td>
									</tr>
								</tbody>
							</table>
						</div>
					</div>
				</li>
				<li class='category displayed active'>
					<div class='category-heading'>
						<span class='category-name'>PanelCustomersPageTest</span>
						<span class='category-status right'>
							<span class='label pass'>5</span>
						</span>
					</div>
					<div class='category-content hide'>
						<div class='category-status-counts'>
							<span class='label green accent-4 white-text'>Passed: 5</span>
							
							
						</div>
					
						<div class='category-tests'>
							<table class='bordered table-results'>
								<thead>
									<tr>
										<th>Timestamp</th>
										<th>TestName</th>
										<th>Status</th>
									</tr>
								</thead>
								<tbody>
									<tr>
										<td>Aug 8, 2024 01:41:50 PM</td>
										<td class='linked' test-id='18'>changeDataLimitAndCheckList</td>
										<td><span class='test-status pass'>pass</span></td>
									</tr>
									<tr>
										<td>Aug 8, 2024 01:41:57 PM</td>
										<td class='linked' test-id='19'>changePageNumberAndCheckDataDifference</td>
										<td><span class='test-status pass'>pass</span></td>
									</tr>
									<tr>
										<td>Aug 8, 2024 01:42:08 PM</td>
										<td class='linked' test-id='20'>openPageAndCheckList</td>
										<td><span class='test-status pass'>pass</span></td>
									</tr>
									<tr>
										<td>Aug 8, 2024 01:42:13 PM</td>
										<td class='linked' test-id='21'>searchByEmailAndCheckData</td>
										<td><span class='test-status pass'>pass</span></td>
									</tr>
									<tr>
										<td>Aug 8, 2024 01:42:28 PM</td>
										<td class='linked' test-id='22'>searchByFullNameAndCheckData</td>
										<td><span class='test-status pass'>pass</span></td>
									</tr>
								</tbody>
							</table>
						</div>
					</div>
				</li>
				<li class='category displayed active'>
					<div class='category-heading'>
						<span class='category-name'>PanelLogsPageTest</span>
						<span class='category-status right'>
							<span class='label pass'>2</span>
						</span>
					</div>
					<div class='category-content hide'>
						<div class='category-status-counts'>
							<span class='label green accent-4 white-text'>Passed: 2</span>
							
							
						</div>
					
						<div class='category-tests'>
							<table class='bordered table-results'>
								<thead>
									<tr>
										<th>Timestamp</th>
										<th>TestName</th>
										<th>Status</th>
									</tr>
								</thead>
								<tbody>
									<tr>
										<td>Aug 8, 2024 01:42:43 PM</td>
										<td class='linked' test-id='23'>changeDataLimitAndCheckList</td>
										<td><span class='test-status pass'>pass</span></td>
									</tr>
									<tr>
										<td>Aug 8, 2024 01:42:57 PM</td>
										<td class='linked' test-id='24'>openPageAndCheckList</td>
										<td><span class='test-status pass'>pass</span></td>
									</tr>
								</tbody>
							</table>
						</div>
					</div>
				</li>
				<li class='category displayed active'>
					<div class='category-heading'>
						<span class='category-name'>PanelOrdersPageTest</span>
						<span class='category-status right'>
							<span class='label pass'>10</span>
						</span>
					</div>
					<div class='category-content hide'>
						<div class='category-status-counts'>
							<span class='label green accent-4 white-text'>Passed: 10</span>
							
							
						</div>
					
						<div class='category-tests'>
							<table class='bordered table-results'>
								<thead>
									<tr>
										<th>Timestamp</th>
										<th>TestName</th>
										<th>Status</th>
									</tr>
								</thead>
								<tbody>
									<tr>
										<td>Aug 8, 2024 01:43:02 PM</td>
										<td class='linked' test-id='25'>changeTablePageAndCheckList</td>
										<td><span class='test-status pass'>pass</span></td>
									</tr>
									<tr>
										<td>Aug 8, 2024 01:43:17 PM</td>
										<td class='linked' test-id='26'>fillDateRangeTest</td>
										<td><span class='test-status pass'>pass</span></td>
									</tr>
									<tr>
										<td>Aug 8, 2024 01:43:26 PM</td>
										<td class='linked' test-id='27'>openPageAndCheckList</td>
										<td><span class='test-status pass'>pass</span></td>
									</tr>
									<tr>
										<td>Aug 8, 2024 01:43:33 PM</td>
										<td class='linked' test-id='28'>searchByDateRangeAndCheckData</td>
										<td><span class='test-status pass'>pass</span></td>
									</tr>
									<tr>
										<td>Aug 8, 2024 01:43:47 PM</td>
										<td class='linked' test-id='29'>searchByFullNameAndCheckData</td>
										<td><span class='test-status pass'>pass</span></td>
									</tr>
									<tr>
										<td>Aug 8, 2024 01:44:13 PM</td>
										<td class='linked' test-id='30'>searchByGeneralSearchBox</td>
										<td><span class='test-status pass'>pass</span></td>
									</tr>
									<tr>
										<td>Aug 8, 2024 01:44:46 PM</td>
										<td class='linked' test-id='31'>searchByOrderIdAndCheckData</td>
										<td><span class='test-status pass'>pass</span></td>
									</tr>
									<tr>
										<td>Aug 8, 2024 01:45:10 PM</td>
										<td class='linked' test-id='32'>searchByPhoneNumberAndCheckData</td>
										<td><span class='test-status pass'>pass</span></td>
									</tr>
									<tr>
										<td>Aug 8, 2024 01:45:35 PM</td>
										<td class='linked' test-id='33'>searchByStatusAndCheckData</td>
										<td><span class='test-status pass'>pass</span></td>
									</tr>
									<tr>
										<td>Aug 8, 2024 01:46:00 PM</td>
										<td class='linked' test-id='34'>searchByStoreNameAndCheckData</td>
										<td><span class='test-status pass'>pass</span></td>
									</tr>
								</tbody>
							</table>
						</div>
					</div>
				</li>
				<li class='category displayed active'>
					<div class='category-heading'>
						<span class='category-name'>PanelProductsPageTest</span>
						<span class='category-status right'>
							<span class='label pass'>8</span>
							<span class='label fail'>2</span>
						</span>
					</div>
					<div class='category-content hide'>
						<div class='category-status-counts'>
							<span class='label green accent-4 white-text'>Passed: 8</span>
							<span class='label red lighten-1 white-text'>Failed: 2</span>
							
						</div>
					
						<div class='category-tests'>
							<table class='bordered table-results'>
								<thead>
									<tr>
										<th>Timestamp</th>
										<th>TestName</th>
										<th>Status</th>
									</tr>
								</thead>
								<tbody>
									<tr>
										<td>Aug 8, 2024 01:46:25 PM</td>
										<td class='linked' test-id='35'>changeDataLimitAndCheckList</td>
										<td><span class='test-status pass'>pass</span></td>
									</tr>
									<tr>
										<td>Aug 8, 2024 01:46:33 PM</td>
										<td class='linked' test-id='36'>changePageAndCheckData</td>
										<td><span class='test-status pass'>pass</span></td>
									</tr>
									<tr>
										<td>Aug 8, 2024 01:46:47 PM</td>
										<td class='linked' test-id='37'>checkingProductInformation</td>
										<td><span class='test-status fail'>fail</span></td>
									</tr>
									<tr>
										<td>Aug 8, 2024 01:47:13 PM</td>
										<td class='linked' test-id='38'>openPageAndCheckList</td>
										<td><span class='test-status pass'>pass</span></td>
									</tr>
									<tr>
										<td>Aug 8, 2024 01:47:19 PM</td>
										<td class='linked' test-id='39'>searchByActiveStatus</td>
										<td><span class='test-status pass'>pass</span></td>
									</tr>
									<tr>
										<td>Aug 8, 2024 01:47:29 PM</td>
										<td class='linked' test-id='40'>searchByPassiveStatus</td>
										<td><span class='test-status pass'>pass</span></td>
									</tr>
									<tr>
										<td>Aug 8, 2024 01:47:40 PM</td>
										<td class='linked' test-id='41'>searchByProductCodeAndCheckList</td>
										<td><span class='test-status pass'>pass</span></td>
									</tr>
									<tr>
										<td>Aug 8, 2024 01:48:03 PM</td>
										<td class='linked' test-id='42'>searchByProductNameAndCheckList</td>
										<td><span class='test-status pass'>pass</span></td>
									</tr>
									<tr>
										<td>Aug 8, 2024 01:48:28 PM</td>
										<td class='linked' test-id='43'>searchByProductShelfPriceAndCheckList</td>
										<td><span class='test-status pass'>pass</span></td>
									</tr>
									<tr>
										<td>Aug 8, 2024 01:48:53 PM</td>
										<td class='linked' test-id='44'>editProductImage</td>
										<td><span class='test-status fail'>fail</span></td>
									</tr>
								</tbody>
							</table>
						</div>
					</div>
				</li>
				<li class='category displayed active'>
					<div class='category-heading'>
						<span class='category-name'>PanelSlotPageTest</span>
						<span class='category-status right'>
							<span class='label pass'>2</span>
							<span class='label fail'>3</span>
						</span>
					</div>
					<div class='category-content hide'>
						<div class='category-status-counts'>
							<span class='label green accent-4 white-text'>Passed: 2</span>
							<span class='label red lighten-1 white-text'>Failed: 3</span>
							
						</div>
					
						<div class='category-tests'>
							<table class='bordered table-results'>
								<thead>
									<tr>
										<th>Timestamp</th>
										<th>TestName</th>
										<th>Status</th>
									</tr>
								</thead>
								<tbody>
									<tr>
										<td>Aug 8, 2024 01:49:14 PM</td>
										<td class='linked' test-id='45'>addSlotAndCheckSlotDetails</td>
										<td><span class='test-status fail'>fail</span></td>
									</tr>
									<tr>
										<td>Aug 8, 2024 01:49:48 PM</td>
										<td class='linked' test-id='46'>clickSlotAndCheckDetails</td>
										<td><span class='test-status fail'>fail</span></td>
									</tr>
									<tr>
										<td>Aug 8, 2024 01:50:06 PM</td>
										<td class='linked' test-id='47'>updateSlotAndCheckDetails</td>
										<td><span class='test-status fail'>fail</span></td>
									</tr>
									<tr>
										<td>Aug 8, 2024 01:50:46 PM</td>
										<td class='linked' test-id='48'>changeCalendarDateAndSeeSlot</td>
										<td><span class='test-status pass'>pass</span></td>
									</tr>
									<tr>
										<td>Aug 8, 2024 01:50:57 PM</td>
										<td class='linked' test-id='49'>changeStoreAndSeeSlot</td>
										<td><span class='test-status pass'>pass</span></td>
									</tr>
								</tbody>
							</table>
						</div>
					</div>
				</li>
				<li class='category displayed active'>
					<div class='category-heading'>
						<span class='category-name'>PanelSSSPageTest</span>
						<span class='category-status right'>
							<span class='label pass'>3</span>
						</span>
					</div>
					<div class='category-content hide'>
						<div class='category-status-counts'>
							<span class='label green accent-4 white-text'>Passed: 3</span>
							
							
						</div>
					
						<div class='category-tests'>
							<table class='bordered table-results'>
								<thead>
									<tr>
										<th>Timestamp</th>
										<th>TestName</th>
										<th>Status</th>
									</tr>
								</thead>
								<tbody>
									<tr>
										<td>Aug 8, 2024 01:51:09 PM</td>
										<td class='linked' test-id='50'>SSSPageCheckRowOrderArrow</td>
										<td><span class='test-status pass'>pass</span></td>
									</tr>
									<tr>
										<td>Aug 8, 2024 01:51:42 PM</td>
										<td class='linked' test-id='51'>SSSPageCheckSearchBox</td>
										<td><span class='test-status pass'>pass</span></td>
									</tr>
									<tr>
										<td>Aug 8, 2024 01:52:21 PM</td>
										<td class='linked' test-id='52'>openPageAndCheckList</td>
										<td><span class='test-status pass'>pass</span></td>
									</tr>
								</tbody>
							</table>
						</div>
					</div>
				</li>
				<li class='category displayed active'>
					<div class='category-heading'>
						<span class='category-name'>PanelStorePageTest</span>
						<span class='category-status right'>
							<span class='label pass'>9</span>
						</span>
					</div>
					<div class='category-content hide'>
						<div class='category-status-counts'>
							<span class='label green accent-4 white-text'>Passed: 9</span>
							
							
						</div>
					
						<div class='category-tests'>
							<table class='bordered table-results'>
								<thead>
									<tr>
										<th>Timestamp</th>
										<th>TestName</th>
										<th>Status</th>
									</tr>
								</thead>
								<tbody>
									<tr>
										<td>Aug 8, 2024 01:52:45 PM</td>
										<td class='linked' test-id='53'>changeDataLimitAndCheckList</td>
										<td><span class='test-status pass'>pass</span></td>
									</tr>
									<tr>
										<td>Aug 8, 2024 01:52:52 PM</td>
										<td class='linked' test-id='54'>changePageNumberAndCheckDataDifference</td>
										<td><span class='test-status pass'>pass</span></td>
									</tr>
									<tr>
										<td>Aug 8, 2024 01:53:04 PM</td>
										<td class='linked' test-id='55'>changingStoreInformation</td>
										<td><span class='test-status pass'>pass</span></td>
									</tr>
									<tr>
										<td>Aug 8, 2024 01:53:15 PM</td>
										<td class='linked' test-id='56'>checkingStatusFilter</td>
										<td><span class='test-status pass'>pass</span></td>
									</tr>
									<tr>
										<td>Aug 8, 2024 01:53:28 PM</td>
										<td class='linked' test-id='57'>checkingStoreDetail</td>
										<td><span class='test-status pass'>pass</span></td>
									</tr>
									<tr>
										<td>Aug 8, 2024 01:53:43 PM</td>
										<td class='linked' test-id='58'>filterTheStoresByCityName</td>
										<td><span class='test-status pass'>pass</span></td>
									</tr>
									<tr>
										<td>Aug 8, 2024 01:53:54 PM</td>
										<td class='linked' test-id='59'>filterTheStoresByDistrictName</td>
										<td><span class='test-status pass'>pass</span></td>
									</tr>
									<tr>
										<td>Aug 8, 2024 01:54:04 PM</td>
										<td class='linked' test-id='60'>openPageAndCheckList</td>
										<td><span class='test-status pass'>pass</span></td>
									</tr>
									<tr>
										<td>Aug 8, 2024 01:54:10 PM</td>
										<td class='linked' test-id='61'>searchByFullNameAndCheckData</td>
										<td><span class='test-status pass'>pass</span></td>
									</tr>
								</tbody>
							</table>
						</div>
					</div>
				</li>
				<li class='category displayed active'>
					<div class='category-heading'>
						<span class='category-name'>PanelTagPageTest</span>
						<span class='category-status right'>
							<span class='label pass'>6</span>
						</span>
					</div>
					<div class='category-content hide'>
						<div class='category-status-counts'>
							<span class='label green accent-4 white-text'>Passed: 6</span>
							
							
						</div>
					
						<div class='category-tests'>
							<table class='bordered table-results'>
								<thead>
									<tr>
										<th>Timestamp</th>
										<th>TestName</th>
										<th>Status</th>
									</tr>
								</thead>
								<tbody>
									<tr>
										<td>Aug 8, 2024 01:54:37 PM</td>
										<td class='linked' test-id='62'>changeDataLimitAndCheckList</td>
										<td><span class='test-status pass'>pass</span></td>
									</tr>
									<tr>
										<td>Aug 8, 2024 01:54:46 PM</td>
										<td class='linked' test-id='63'>changePageAndCheckData</td>
										<td><span class='test-status pass'>pass</span></td>
									</tr>
									<tr>
										<td>Aug 8, 2024 01:54:57 PM</td>
										<td class='linked' test-id='64'>clickTagEditChangeValueAndSave</td>
										<td><span class='test-status pass'>pass</span></td>
									</tr>
									<tr>
										<td>Aug 8, 2024 01:55:15 PM</td>
										<td class='linked' test-id='65'>openPageAndCheckList</td>
										<td><span class='test-status pass'>pass</span></td>
									</tr>
									<tr>
										<td>Aug 8, 2024 01:55:20 PM</td>
										<td class='linked' test-id='66'>searchByProductCode</td>
										<td><span class='test-status pass'>pass</span></td>
									</tr>
									<tr>
										<td>Aug 8, 2024 01:55:30 PM</td>
										<td class='linked' test-id='67'>checkTagDataFilteredByProductName</td>
										<td><span class='test-status pass'>pass</span></td>
									</tr>
								</tbody>
							</table>
						</div>
					</div>
				</li>
				<li class='category displayed active'>
					<div class='category-heading'>
						<span class='category-name'>PanelTicketPageTest</span>
						<span class='category-status right'>
							<span class='label pass'>4</span>
						</span>
					</div>
					<div class='category-content hide'>
						<div class='category-status-counts'>
							<span class='label green accent-4 white-text'>Passed: 4</span>
							
							
						</div>
					
						<div class='category-tests'>
							<table class='bordered table-results'>
								<thead>
									<tr>
										<th>Timestamp</th>
										<th>TestName</th>
										<th>Status</th>
									</tr>
								</thead>
								<tbody>
									<tr>
										<td>Aug 8, 2024 01:55:38 PM</td>
										<td class='linked' test-id='68'>changeDataLimitAndCheckList</td>
										<td><span class='test-status pass'>pass</span></td>
									</tr>
									<tr>
										<td>Aug 8, 2024 01:55:47 PM</td>
										<td class='linked' test-id='69'>changePageNumberAndCheckDataDifference</td>
										<td><span class='test-status pass'>pass</span></td>
									</tr>
									<tr>
										<td>Aug 8, 2024 01:55:55 PM</td>
										<td class='linked' test-id='70'>openPageAndCheckList</td>
										<td><span class='test-status pass'>pass</span></td>
									</tr>
									<tr>
										<td>Aug 8, 2024 01:56:03 PM</td>
										<td class='linked' test-id='71'>sortCreationDate</td>
										<td><span class='test-status pass'>pass</span></td>
									</tr>
								</tbody>
							</table>
						</div>
					</div>
				</li>
				<li class='category displayed active'>
					<div class='category-heading'>
						<span class='category-name'>PanelUsersPageTest</span>
						<span class='category-status right'>
							<span class='label pass'>3</span>
							<span class='label fail'>2</span>
							<span class='label others'>7</span>
						</span>
					</div>
					<div class='category-content hide'>
						<div class='category-status-counts'>
							<span class='label green accent-4 white-text'>Passed: 3</span>
							<span class='label red lighten-1 white-text'>Failed: 2</span>
							<span class='label yellow darken-2 white-text'>Others: 7</span>
						</div>
					
						<div class='category-tests'>
							<table class='bordered table-results'>
								<thead>
									<tr>
										<th>Timestamp</th>
										<th>TestName</th>
										<th>Status</th>
									</tr>
								</thead>
								<tbody>
									<tr>
										<td>Aug 8, 2024 01:56:10 PM</td>
										<td class='linked' test-id='72'>addUserAndLoginUser</td>
										<td><span class='test-status fail'>fail</span></td>
									</tr>
									<tr>
										<td>Aug 8, 2024 01:56:34 PM</td>
										<td class='linked' test-id='73'>changeDataLimitAndCheckList</td>
										<td><span class='test-status pass'>pass</span></td>
									</tr>
									<tr>
										<td>Aug 8, 2024 01:56:42 PM</td>
										<td class='linked' test-id='74'>changeTheDustStation</td>
										<td><span class='test-status pass'>pass</span></td>
									</tr>
									<tr>
										<td>Aug 8, 2024 01:57:08 PM</td>
										<td class='linked' test-id='75'>checkUserDetail</td>
										<td><span class='test-status pass'>pass</span></td>
									</tr>
									<tr>
										<td>Aug 8, 2024 01:57:24 PM</td>
										<td class='linked' test-id='76'>createAndDeleteUser</td>
										<td><span class='test-status fail'>fail</span></td>
									</tr>
									<tr>
										<td>Aug 8, 2024 01:57:34 PM</td>
										<td class='linked' test-id='77'>openPageAndCheckList</td>
										<td><span class='test-status skip'>skip</span></td>
									</tr>
									<tr>
										<td>Aug 8, 2024 01:57:34 PM</td>
										<td class='linked' test-id='78'>searchByGeneralSearch</td>
										<td><span class='test-status skip'>skip</span></td>
									</tr>
									<tr>
										<td>Aug 8, 2024 01:57:34 PM</td>
										<td class='linked' test-id='79'>testSearchByUsernameWithMinimumThreeChars</td>
										<td><span class='test-status skip'>skip</span></td>
									</tr>
									<tr>
										<td>Aug 8, 2024 01:57:34 PM</td>
										<td class='linked' test-id='80'>updatePhoneNumber</td>
										<td><span class='test-status skip'>skip</span></td>
									</tr>
									<tr>
										<td>Aug 8, 2024 01:57:34 PM</td>
										<td class='linked' test-id='81'>updateRoleAndCheck</td>
										<td><span class='test-status skip'>skip</span></td>
									</tr>
									<tr>
										<td>Aug 8, 2024 01:57:34 PM</td>
										<td class='linked' test-id='82'>updateUserAndLoginUser</td>
										<td><span class='test-status skip'>skip</span></td>
									</tr>
									<tr>
										<td>Aug 8, 2024 01:57:34 PM</td>
										<td class='linked' test-id='83'>updateUserNameAndSurname</td>
										<td><span class='test-status skip'>skip</span></td>
									</tr>
								</tbody>
							</table>
						</div>
					</div>
				</li>
				<li class='category displayed active'>
					<div class='category-heading'>
						<span class='category-name'>PanelLogoutPageTest</span>
						<span class='category-status right'>
							<span class='label fail'>1</span>
						</span>
					</div>
					<div class='category-content hide'>
						<div class='category-status-counts'>
							
							<span class='label red lighten-1 white-text'>Failed: 1</span>
							
						</div>
					
						<div class='category-tests'>
							<table class='bordered table-results'>
								<thead>
									<tr>
										<th>Timestamp</th>
										<th>TestName</th>
										<th>Status</th>
									</tr>
								</thead>
								<tbody>
									<tr>
										<td>Aug 8, 2024 01:57:34 PM</td>
										<td class='linked' test-id='84'>logout</td>
										<td><span class='test-status fail'>fail</span></td>
									</tr>
								</tbody>
							</table>
						</div>
					</div>
				</li>
				<li class='category displayed active'>
					<div class='category-heading'>
						<span class='category-name'>PanelLoginPageTest</span>
						<span class='category-status right'>
							<span class='label pass'>2</span>
						</span>
					</div>
					<div class='category-content hide'>
						<div class='category-status-counts'>
							<span class='label green accent-4 white-text'>Passed: 2</span>
							
							
						</div>
					
						<div class='category-tests'>
							<table class='bordered table-results'>
								<thead>
									<tr>
										<th>Timestamp</th>
										<th>TestName</th>
										<th>Status</th>
									</tr>
								</thead>
								<tbody>
									<tr>
										<td>Aug 8, 2024 01:57:52 PM</td>
										<td class='linked' test-id='85'>incorrectLogin</td>
										<td><span class='test-status pass'>pass</span></td>
									</tr>
									<tr>
										<td>Aug 8, 2024 01:58:06 PM</td>
										<td class='linked' test-id='86'>login</td>
										<td><span class='test-status pass'>pass</span></td>
									</tr>
								</tbody>
							</table>
						</div>
					</div>
				</li>

			</ul>
		</div>
	</div>

	<div class='subview-right left'>
		<div class='view-summary'>
			<h5 class='category-name'></h5>
		</div>
	</div>
</div>
<!-- category view -->
<div id='exception-view' class='view hide'>

    <section id='controls'>
        <div class='controls grey lighten-4'>
            <!-- search -->
            <div class='chip transparent' alt='Search Tests' title='Search Tests'>
                <a href="#" class='search-div'>
                    <i class='material-icons'>search</i> Search
                </a>

                <div class='input-field left hide'>
                    <input id='search-tests' type='text' class='validate browser-default' placeholder='Search Tests...'>
                </div>

            </div>
            <!-- search -->
        </div>
    </section>

    <div class='subview-left left'>

        <div class='view-summary'>
            <h5>Exceptions</h3>
                <ul id='exception-collection' class='exception-collection'>

                        <li class='exception displayed active'>
                            <div class='exception-heading'>
                                <span class='exception-name'>java.lang.AssertionError</span>
                                <span class='exception-count right'><span class='label red lighten-1 white-text'>6</span></span>
                            </div>
                            <div class='exception-content hide'>
                                <div class='exception-tests'>
                                    <table class='bordered table-results'>
                                        <thead>
                                        <tr>
                                            <th>Timestamp</th>
                                            <th>TestName</th>
                                            <th>Status</th>
                                        </tr>
                                        </thead>
                                        <tbody>
                                                    <tr>
                                                        <td>Aug 8, 2024 01:38:34 PM</td>
                                                        <td class='linked' test-id='8'>updateAndControlOfBannerAciklmasi</td>
                                                        <td><pre><pre>java.lang.AssertionError: expected [Gün Biterken] but found []
	at org.testng.Assert.fail(Assert.java:111)
	at org.testng.Assert.failNotEquals(Assert.java:1578)
	at org.testng.Assert.assertEqualsImpl(Assert.java:150)
	at org.testng.Assert.assertEquals(Assert.java:132)
	at org.testng.Assert.assertEquals(Assert.java:656)
	at org.testng.Assert.assertEquals(Assert.java:666)
	at com.filemarket.ecta.page.panel.PanelBannerPage.controlTheUpdatedBaner(PanelBannerPage.java:535)
	at com.filemarket.ecta.test.panel.PanelBannerPageTest.updateAndControlOfBannerAciklmasi(PanelBannerPageTest.java:122)
	at java.base/jdk.internal.reflect.NativeMethodAccessorImpl.invoke0(Native Method)
	at java.base/jdk.internal.reflect.NativeMethodAccessorImpl.invoke(NativeMethodAccessorImpl.java:77)
	at java.base/jdk.internal.reflect.DelegatingMethodAccessorImpl.invoke(DelegatingMethodAccessorImpl.java:43)
	at java.base/java.lang.reflect.Method.invoke(Method.java:568)
	at org.testng.internal.invokers.MethodInvocationHelper.invokeMethod(MethodInvocationHelper.java:139)
	at org.testng.internal.invokers.TestInvoker.invokeMethod(TestInvoker.java:664)
	at org.testng.internal.invokers.TestInvoker.invokeTestMethod(TestInvoker.java:228)
	at org.testng.internal.invokers.MethodRunner.runInSequence(MethodRunner.java:63)
	at org.testng.internal.invokers.TestInvoker$MethodInvocationAgent.invoke(TestInvoker.java:961)
	at org.testng.internal.invokers.TestInvoker.invokeTestMethods(TestInvoker.java:201)
	at org.testng.internal.invokers.TestMethodWorker.invokeTestMethods(TestMethodWorker.java:148)
	at org.testng.internal.invokers.TestMethodWorker.run(TestMethodWorker.java:128)
	at java.base/java.util.ArrayList.forEach(ArrayList.java:1511)
	at org.testng.TestRunner.privateRun(TestRunner.java:819)
	at org.testng.TestRunner.run(TestRunner.java:619)
	at org.testng.SuiteRunner.runTest(SuiteRunner.java:443)
	at org.testng.SuiteRunner.runSequentially(SuiteRunner.java:437)
	at org.testng.SuiteRunner.privateRun(SuiteRunner.java:397)
	at org.testng.SuiteRunner.run(SuiteRunner.java:336)
	at org.testng.SuiteRunnerWorker.runSuite(SuiteRunnerWorker.java:52)
	at org.testng.SuiteRunnerWorker.run(SuiteRunnerWorker.java:95)
	at org.testng.TestNG.runSuitesSequentially(TestNG.java:1301)
	at org.testng.TestNG.runSuitesLocally(TestNG.java:1228)
	at org.testng.TestNG.runSuites(TestNG.java:1134)
	at org.testng.TestNG.run(TestNG.java:1101)
	at com.intellij.rt.testng.IDEARemoteTestNG.run(IDEARemoteTestNG.java:66)
	at com.intellij.rt.testng.RemoteTestNGStarter.main(RemoteTestNGStarter.java:105)
</pre></pre></td>
                                                    </tr>
                                                    <tr>
                                                        <td>Aug 8, 2024 01:46:47 PM</td>
                                                        <td class='linked' test-id='37'>checkingProductInformation</td>
                                                        <td><pre><pre>java.lang.AssertionError: Lists differ at element [0]: 41200206 != 41700117 expected [41200206] but found [41700117]
	at org.testng.Assert.fail(Assert.java:111)
	at org.testng.Assert.failNotEquals(Assert.java:1578)
	at org.testng.Assert.assertEqualsImpl(Assert.java:150)
	at org.testng.Assert.assertEquals(Assert.java:1644)
	at org.testng.Assert.assertEquals(Assert.java:1606)
	at com.filemarket.ecta.test.panel.PanelProductsPageTest.checkingProductInformation(PanelProductsPageTest.java:143)
	at java.base/jdk.internal.reflect.NativeMethodAccessorImpl.invoke0(Native Method)
	at java.base/jdk.internal.reflect.NativeMethodAccessorImpl.invoke(NativeMethodAccessorImpl.java:77)
	at java.base/jdk.internal.reflect.DelegatingMethodAccessorImpl.invoke(DelegatingMethodAccessorImpl.java:43)
	at java.base/java.lang.reflect.Method.invoke(Method.java:568)
	at org.testng.internal.invokers.MethodInvocationHelper.invokeMethod(MethodInvocationHelper.java:139)
	at org.testng.internal.invokers.TestInvoker.invokeMethod(TestInvoker.java:664)
	at org.testng.internal.invokers.TestInvoker.invokeTestMethod(TestInvoker.java:228)
	at org.testng.internal.invokers.MethodRunner.runInSequence(MethodRunner.java:63)
	at org.testng.internal.invokers.TestInvoker$MethodInvocationAgent.invoke(TestInvoker.java:961)
	at org.testng.internal.invokers.TestInvoker.invokeTestMethods(TestInvoker.java:201)
	at org.testng.internal.invokers.TestMethodWorker.invokeTestMethods(TestMethodWorker.java:148)
	at org.testng.internal.invokers.TestMethodWorker.run(TestMethodWorker.java:128)
	at java.base/java.util.ArrayList.forEach(ArrayList.java:1511)
	at org.testng.TestRunner.privateRun(TestRunner.java:819)
	at org.testng.TestRunner.run(TestRunner.java:619)
	at org.testng.SuiteRunner.runTest(SuiteRunner.java:443)
	at org.testng.SuiteRunner.runSequentially(SuiteRunner.java:437)
	at org.testng.SuiteRunner.privateRun(SuiteRunner.java:397)
	at org.testng.SuiteRunner.run(SuiteRunner.java:336)
	at org.testng.SuiteRunnerWorker.runSuite(SuiteRunnerWorker.java:52)
	at org.testng.SuiteRunnerWorker.run(SuiteRunnerWorker.java:95)
	at org.testng.TestNG.runSuitesSequentially(TestNG.java:1301)
	at org.testng.TestNG.runSuitesLocally(TestNG.java:1228)
	at org.testng.TestNG.runSuites(TestNG.java:1134)
	at org.testng.TestNG.run(TestNG.java:1101)
	at com.intellij.rt.testng.IDEARemoteTestNG.run(IDEARemoteTestNG.java:66)
	at com.intellij.rt.testng.RemoteTestNGStarter.main(RemoteTestNGStarter.java:105)
</pre></pre></td>
                                                    </tr>
                                                    <tr>
                                                        <td>Aug 8, 2024 01:48:53 PM</td>
                                                        <td class='linked' test-id='44'>editProductImage</td>
                                                        <td><pre><pre>java.lang.AssertionError: expected [Images are not same] but found [Images are same]
	at org.testng.Assert.fail(Assert.java:111)
	at org.testng.Assert.failNotEquals(Assert.java:1578)
	at org.testng.Assert.assertEqualsImpl(Assert.java:150)
	at org.testng.Assert.assertEquals(Assert.java:132)
	at org.testng.Assert.assertEquals(Assert.java:656)
	at org.testng.Assert.assertEquals(Assert.java:666)
	at com.filemarket.ecta.test.panel.PanelProductsPageTest.editProductImage(PanelProductsPageTest.java:177)
	at java.base/jdk.internal.reflect.NativeMethodAccessorImpl.invoke0(Native Method)
	at java.base/jdk.internal.reflect.NativeMethodAccessorImpl.invoke(NativeMethodAccessorImpl.java:77)
	at java.base/jdk.internal.reflect.DelegatingMethodAccessorImpl.invoke(DelegatingMethodAccessorImpl.java:43)
	at java.base/java.lang.reflect.Method.invoke(Method.java:568)
	at org.testng.internal.invokers.MethodInvocationHelper.invokeMethod(MethodInvocationHelper.java:139)
	at org.testng.internal.invokers.TestInvoker.invokeMethod(TestInvoker.java:664)
	at org.testng.internal.invokers.TestInvoker.invokeTestMethod(TestInvoker.java:228)
	at org.testng.internal.invokers.MethodRunner.runInSequence(MethodRunner.java:63)
	at org.testng.internal.invokers.TestInvoker$MethodInvocationAgent.invoke(TestInvoker.java:961)
	at org.testng.internal.invokers.TestInvoker.invokeTestMethods(TestInvoker.java:201)
	at org.testng.internal.invokers.TestMethodWorker.invokeTestMethods(TestMethodWorker.java:148)
	at org.testng.internal.invokers.TestMethodWorker.run(TestMethodWorker.java:128)
	at java.base/java.util.ArrayList.forEach(ArrayList.java:1511)
	at org.testng.TestRunner.privateRun(TestRunner.java:819)
	at org.testng.TestRunner.run(TestRunner.java:619)
	at org.testng.SuiteRunner.runTest(SuiteRunner.java:443)
	at org.testng.SuiteRunner.runSequentially(SuiteRunner.java:437)
	at org.testng.SuiteRunner.privateRun(SuiteRunner.java:397)
	at org.testng.SuiteRunner.run(SuiteRunner.java:336)
	at org.testng.SuiteRunnerWorker.runSuite(SuiteRunnerWorker.java:52)
	at org.testng.SuiteRunnerWorker.run(SuiteRunnerWorker.java:95)
	at org.testng.TestNG.runSuitesSequentially(TestNG.java:1301)
	at org.testng.TestNG.runSuitesLocally(TestNG.java:1228)
	at org.testng.TestNG.runSuites(TestNG.java:1134)
	at org.testng.TestNG.run(TestNG.java:1101)
	at com.intellij.rt.testng.IDEARemoteTestNG.run(IDEARemoteTestNG.java:66)
	at com.intellij.rt.testng.RemoteTestNGStarter.main(RemoteTestNGStarter.java:105)
</pre></pre></td>
                                                    </tr>
                                                    <tr>
                                                        <td>Aug 8, 2024 01:49:14 PM</td>
                                                        <td class='linked' test-id='45'>addSlotAndCheckSlotDetails</td>
                                                        <td><pre><pre>java.lang.AssertionError: Service Areas is different! expected [Sancaktepe (Eyüp Sultan Mah),Sancaktepe (Fatih Mah),Sancaktepe (Veysel Karani Mah),Sancaktepe (Abdurrahmangazi Mah),Sancaktepe (Osmangazi Mah),Sancaktepe (Hilal Mah),Sancaktepe (Merve Mah),Sancaktepe (Mevlana Mah),Sancaktepe (Paşaköy Mah),Sancaktepe (Yunus Emre Mah),Sultanbeyli (Abdurrahmangazi Mah),Sultanbeyli (Fatih Mah),Sultanbeyli (Hasanpaşa Mah),Sultanbeyli (Mehmet Akif Mah),Sultanbeyli (Adil Mah),Sultanbeyli (Battalgazi Mah),Sultanbeyli (Mimar Sinan Mah),Sultanbeyli (Akşemsettin Mah),Sultanbeyli (Hamidiye Mah),Sultanbeyli (Necip Fazıl Mah),Sultanbeyli (Orhangazi Mah),Sultanbeyli (Yavuz Selim Mah),Sultanbeyli (Ahmet Yesevi Mah),Sultanbeyli (Mecidiye Mah),Sultanbeyli (Turgut Reis Mah)] but found [Sancaktepe (Eyüp Sultan Mah),Sancaktepe (Fatih Mah),Sancaktepe (Veysel Karani Mah),Sancaktepe (Osmangazi Mah),Sancaktepe (Hilal Mah),Sancaktepe (Merve Mah),Sancaktepe (Mevlana Mah),Sancaktepe (Paşaköy Mah),Sancaktepe (Yunus Emre Mah),Sultanbeyli (Abdurrahmangazi Mah),Sultanbeyli (Fatih Mah),Sultanbeyli (Hasanpaşa Mah),Sultanbeyli (Mehmet Akif Mah),Sultanbeyli (Adil Mah),Sultanbeyli (Battalgazi Mah),Sultanbeyli (Mimar Sinan Mah),Sultanbeyli (Akşemsettin Mah),Sultanbeyli (Hamidiye Mah),Sultanbeyli (Necip Fazıl Mah),Sultanbeyli (Orhangazi Mah),Sultanbeyli (Yavuz Selim Mah),Sultanbeyli (Ahmet Yesevi Mah),Sultanbeyli (Mecidiye Mah),Sultanbeyli (Turgut Reis Mah)]
	at org.testng.Assert.fail(Assert.java:111)
	at org.testng.Assert.failNotEquals(Assert.java:1578)
	at org.testng.Assert.assertEqualsImpl(Assert.java:150)
	at org.testng.Assert.assertEquals(Assert.java:132)
	at org.testng.Assert.assertEquals(Assert.java:656)
	at com.filemarket.ecta.page.panel.PanelDetailSlotPage.checkSlot(PanelDetailSlotPage.java:91)
	at com.filemarket.ecta.page.panel.PanelAddSlotPage.checkSlotForAddingSlot(PanelAddSlotPage.java:126)
	at com.filemarket.ecta.test.panel.PanelSlotPageTest.addSlotAndCheckSlotDetails(PanelSlotPageTest.java:47)
	at java.base/jdk.internal.reflect.NativeMethodAccessorImpl.invoke0(Native Method)
	at java.base/jdk.internal.reflect.NativeMethodAccessorImpl.invoke(NativeMethodAccessorImpl.java:77)
	at java.base/jdk.internal.reflect.DelegatingMethodAccessorImpl.invoke(DelegatingMethodAccessorImpl.java:43)
	at java.base/java.lang.reflect.Method.invoke(Method.java:568)
	at org.testng.internal.invokers.MethodInvocationHelper.invokeMethod(MethodInvocationHelper.java:139)
	at org.testng.internal.invokers.TestInvoker.invokeMethod(TestInvoker.java:664)
	at org.testng.internal.invokers.TestInvoker.invokeTestMethod(TestInvoker.java:228)
	at org.testng.internal.invokers.MethodRunner.runInSequence(MethodRunner.java:63)
	at org.testng.internal.invokers.TestInvoker$MethodInvocationAgent.invoke(TestInvoker.java:961)
	at org.testng.internal.invokers.TestInvoker.invokeTestMethods(TestInvoker.java:201)
	at org.testng.internal.invokers.TestMethodWorker.invokeTestMethods(TestMethodWorker.java:148)
	at org.testng.internal.invokers.TestMethodWorker.run(TestMethodWorker.java:128)
	at java.base/java.util.ArrayList.forEach(ArrayList.java:1511)
	at org.testng.TestRunner.privateRun(TestRunner.java:819)
	at org.testng.TestRunner.run(TestRunner.java:619)
	at org.testng.SuiteRunner.runTest(SuiteRunner.java:443)
	at org.testng.SuiteRunner.runSequentially(SuiteRunner.java:437)
	at org.testng.SuiteRunner.privateRun(SuiteRunner.java:397)
	at org.testng.SuiteRunner.run(SuiteRunner.java:336)
	at org.testng.SuiteRunnerWorker.runSuite(SuiteRunnerWorker.java:52)
	at org.testng.SuiteRunnerWorker.run(SuiteRunnerWorker.java:95)
	at org.testng.TestNG.runSuitesSequentially(TestNG.java:1301)
	at org.testng.TestNG.runSuitesLocally(TestNG.java:1228)
	at org.testng.TestNG.runSuites(TestNG.java:1134)
	at org.testng.TestNG.run(TestNG.java:1101)
	at com.intellij.rt.testng.IDEARemoteTestNG.run(IDEARemoteTestNG.java:66)
	at com.intellij.rt.testng.RemoteTestNGStarter.main(RemoteTestNGStarter.java:105)
</pre></pre></td>
                                                    </tr>
                                                    <tr>
                                                        <td>Aug 8, 2024 01:49:48 PM</td>
                                                        <td class='linked' test-id='46'>clickSlotAndCheckDetails</td>
                                                        <td><pre><pre>java.lang.AssertionError: Service Areas is different! expected [Sancaktepe (Eyüp Sultan Mah),Sancaktepe (Fatih Mah),Sancaktepe (Veysel Karani Mah),Sancaktepe (Abdurrahmangazi Mah),Sancaktepe (Osmangazi Mah),Sancaktepe (Hilal Mah),Sancaktepe (Merve Mah),Sancaktepe (Mevlana Mah),Sancaktepe (Paşaköy Mah),Sancaktepe (Yunus Emre Mah),Sultanbeyli (Abdurrahmangazi Mah),Sultanbeyli (Fatih Mah),Sultanbeyli (Hasanpaşa Mah),Sultanbeyli (Mehmet Akif Mah),Sultanbeyli (Adil Mah),Sultanbeyli (Battalgazi Mah),Sultanbeyli (Mimar Sinan Mah),Sultanbeyli (Akşemsettin Mah),Sultanbeyli (Hamidiye Mah),Sultanbeyli (Necip Fazıl Mah),Sultanbeyli (Orhangazi Mah),Sultanbeyli (Yavuz Selim Mah),Sultanbeyli (Ahmet Yesevi Mah),Sultanbeyli (Mecidiye Mah),Sultanbeyli (Turgut Reis Mah)] but found [Sancaktepe (Eyüp Sultan Mah),Sancaktepe (Fatih Mah),Sancaktepe (Veysel Karani Mah),Sancaktepe (Osmangazi Mah),Sancaktepe (Hilal Mah),Sancaktepe (Merve Mah),Sancaktepe (Mevlana Mah),Sancaktepe (Paşaköy Mah),Sancaktepe (Yunus Emre Mah),Sultanbeyli (Abdurrahmangazi Mah),Sultanbeyli (Fatih Mah),Sultanbeyli (Hasanpaşa Mah),Sultanbeyli (Mehmet Akif Mah),Sultanbeyli (Adil Mah),Sultanbeyli (Battalgazi Mah),Sultanbeyli (Mimar Sinan Mah),Sultanbeyli (Akşemsettin Mah),Sultanbeyli (Hamidiye Mah),Sultanbeyli (Necip Fazıl Mah),Sultanbeyli (Orhangazi Mah),Sultanbeyli (Yavuz Selim Mah),Sultanbeyli (Ahmet Yesevi Mah),Sultanbeyli (Mecidiye Mah),Sultanbeyli (Turgut Reis Mah)]
	at org.testng.Assert.fail(Assert.java:111)
	at org.testng.Assert.failNotEquals(Assert.java:1578)
	at org.testng.Assert.assertEqualsImpl(Assert.java:150)
	at org.testng.Assert.assertEquals(Assert.java:132)
	at org.testng.Assert.assertEquals(Assert.java:656)
	at com.filemarket.ecta.page.panel.PanelDetailSlotPage.checkSlot(PanelDetailSlotPage.java:91)
	at com.filemarket.ecta.page.panel.PanelAddSlotPage.checkSlotForAddingSlot(PanelAddSlotPage.java:126)
	at com.filemarket.ecta.test.panel.PanelSlotPageTest.clickSlotAndCheckDetails(PanelSlotPageTest.java:57)
	at java.base/jdk.internal.reflect.NativeMethodAccessorImpl.invoke0(Native Method)
	at java.base/jdk.internal.reflect.NativeMethodAccessorImpl.invoke(NativeMethodAccessorImpl.java:77)
	at java.base/jdk.internal.reflect.DelegatingMethodAccessorImpl.invoke(DelegatingMethodAccessorImpl.java:43)
	at java.base/java.lang.reflect.Method.invoke(Method.java:568)
	at org.testng.internal.invokers.MethodInvocationHelper.invokeMethod(MethodInvocationHelper.java:139)
	at org.testng.internal.invokers.TestInvoker.invokeMethod(TestInvoker.java:664)
	at org.testng.internal.invokers.TestInvoker.invokeTestMethod(TestInvoker.java:228)
	at org.testng.internal.invokers.MethodRunner.runInSequence(MethodRunner.java:63)
	at org.testng.internal.invokers.TestInvoker$MethodInvocationAgent.invoke(TestInvoker.java:961)
	at org.testng.internal.invokers.TestInvoker.invokeTestMethods(TestInvoker.java:201)
	at org.testng.internal.invokers.TestMethodWorker.invokeTestMethods(TestMethodWorker.java:148)
	at org.testng.internal.invokers.TestMethodWorker.run(TestMethodWorker.java:128)
	at java.base/java.util.ArrayList.forEach(ArrayList.java:1511)
	at org.testng.TestRunner.privateRun(TestRunner.java:819)
	at org.testng.TestRunner.run(TestRunner.java:619)
	at org.testng.SuiteRunner.runTest(SuiteRunner.java:443)
	at org.testng.SuiteRunner.runSequentially(SuiteRunner.java:437)
	at org.testng.SuiteRunner.privateRun(SuiteRunner.java:397)
	at org.testng.SuiteRunner.run(SuiteRunner.java:336)
	at org.testng.SuiteRunnerWorker.runSuite(SuiteRunnerWorker.java:52)
	at org.testng.SuiteRunnerWorker.run(SuiteRunnerWorker.java:95)
	at org.testng.TestNG.runSuitesSequentially(TestNG.java:1301)
	at org.testng.TestNG.runSuitesLocally(TestNG.java:1228)
	at org.testng.TestNG.runSuites(TestNG.java:1134)
	at org.testng.TestNG.run(TestNG.java:1101)
	at com.intellij.rt.testng.IDEARemoteTestNG.run(IDEARemoteTestNG.java:66)
	at com.intellij.rt.testng.RemoteTestNGStarter.main(RemoteTestNGStarter.java:105)
</pre></pre></td>
                                                    </tr>
                                                    <tr>
                                                        <td>Aug 8, 2024 01:50:06 PM</td>
                                                        <td class='linked' test-id='47'>updateSlotAndCheckDetails</td>
                                                        <td><pre><pre>java.lang.AssertionError: Service Areas is different! expected [Sancaktepe (Fatih Mah),Sancaktepe (Veysel Karani Mah),Sancaktepe (Abdurrahmangazi Mah),Sancaktepe (Osmangazi Mah),Sancaktepe (Hilal Mah),Sancaktepe (Merve Mah),Sancaktepe (Mevlana Mah),Sancaktepe (Paşaköy Mah),Sancaktepe (Yunus Emre Mah),Sultanbeyli (Abdurrahmangazi Mah),Sultanbeyli (Fatih Mah),Sultanbeyli (Hasanpaşa Mah),Sultanbeyli (Mehmet Akif Mah),Sultanbeyli (Adil Mah),Sultanbeyli (Battalgazi Mah),Sultanbeyli (Mimar Sinan Mah),Sultanbeyli (Akşemsettin Mah),Sultanbeyli (Hamidiye Mah),Sultanbeyli (Necip Fazıl Mah),Sultanbeyli (Orhangazi Mah),Sultanbeyli (Yavuz Selim Mah),Sultanbeyli (Ahmet Yesevi Mah),Sultanbeyli (Mecidiye Mah),Sultanbeyli (Turgut Reis Mah)] but found [Sancaktepe (Fatih Mah),Sancaktepe (Veysel Karani Mah),Sancaktepe (Osmangazi Mah),Sancaktepe (Hilal Mah),Sancaktepe (Merve Mah),Sancaktepe (Mevlana Mah),Sancaktepe (Paşaköy Mah),Sancaktepe (Yunus Emre Mah),Sultanbeyli (Abdurrahmangazi Mah),Sultanbeyli (Fatih Mah),Sultanbeyli (Hasanpaşa Mah),Sultanbeyli (Mehmet Akif Mah),Sultanbeyli (Adil Mah),Sultanbeyli (Battalgazi Mah),Sultanbeyli (Mimar Sinan Mah),Sultanbeyli (Akşemsettin Mah),Sultanbeyli (Hamidiye Mah),Sultanbeyli (Necip Fazıl Mah),Sultanbeyli (Orhangazi Mah),Sultanbeyli (Yavuz Selim Mah),Sultanbeyli (Ahmet Yesevi Mah),Sultanbeyli (Mecidiye Mah),Sultanbeyli (Turgut Reis Mah)]
	at org.testng.Assert.fail(Assert.java:111)
	at org.testng.Assert.failNotEquals(Assert.java:1578)
	at org.testng.Assert.assertEqualsImpl(Assert.java:150)
	at org.testng.Assert.assertEquals(Assert.java:132)
	at org.testng.Assert.assertEquals(Assert.java:656)
	at com.filemarket.ecta.page.panel.PanelDetailSlotPage.checkSlot(PanelDetailSlotPage.java:91)
	at com.filemarket.ecta.page.panel.PanelSlotUpdatePage.checkSlotForUpdatingSlot(PanelSlotUpdatePage.java:175)
	at com.filemarket.ecta.page.panel.PanelSlotUpdatePage.updateSlot(PanelSlotUpdatePage.java:167)
	at com.filemarket.ecta.test.panel.PanelSlotPageTest.updateSlotAndCheckDetails(PanelSlotPageTest.java:69)
	at java.base/jdk.internal.reflect.NativeMethodAccessorImpl.invoke0(Native Method)
	at java.base/jdk.internal.reflect.NativeMethodAccessorImpl.invoke(NativeMethodAccessorImpl.java:77)
	at java.base/jdk.internal.reflect.DelegatingMethodAccessorImpl.invoke(DelegatingMethodAccessorImpl.java:43)
	at java.base/java.lang.reflect.Method.invoke(Method.java:568)
	at org.testng.internal.invokers.MethodInvocationHelper.invokeMethod(MethodInvocationHelper.java:139)
	at org.testng.internal.invokers.TestInvoker.invokeMethod(TestInvoker.java:664)
	at org.testng.internal.invokers.TestInvoker.invokeTestMethod(TestInvoker.java:228)
	at org.testng.internal.invokers.MethodRunner.runInSequence(MethodRunner.java:63)
	at org.testng.internal.invokers.TestInvoker$MethodInvocationAgent.invoke(TestInvoker.java:961)
	at org.testng.internal.invokers.TestInvoker.invokeTestMethods(TestInvoker.java:201)
	at org.testng.internal.invokers.TestMethodWorker.invokeTestMethods(TestMethodWorker.java:148)
	at org.testng.internal.invokers.TestMethodWorker.run(TestMethodWorker.java:128)
	at java.base/java.util.ArrayList.forEach(ArrayList.java:1511)
	at org.testng.TestRunner.privateRun(TestRunner.java:819)
	at org.testng.TestRunner.run(TestRunner.java:619)
	at org.testng.SuiteRunner.runTest(SuiteRunner.java:443)
	at org.testng.SuiteRunner.runSequentially(SuiteRunner.java:437)
	at org.testng.SuiteRunner.privateRun(SuiteRunner.java:397)
	at org.testng.SuiteRunner.run(SuiteRunner.java:336)
	at org.testng.SuiteRunnerWorker.runSuite(SuiteRunnerWorker.java:52)
	at org.testng.SuiteRunnerWorker.run(SuiteRunnerWorker.java:95)
	at org.testng.TestNG.runSuitesSequentially(TestNG.java:1301)
	at org.testng.TestNG.runSuitesLocally(TestNG.java:1228)
	at org.testng.TestNG.runSuites(TestNG.java:1134)
	at org.testng.TestNG.run(TestNG.java:1101)
	at com.intellij.rt.testng.IDEARemoteTestNG.run(IDEARemoteTestNG.java:66)
	at com.intellij.rt.testng.RemoteTestNGStarter.main(RemoteTestNGStarter.java:105)
</pre></pre></td>
                                                    </tr>
                                        </tbody>
                                    </table>
                                </div>
                            </div>
                        </li>
                        <li class='exception displayed active'>
                            <div class='exception-heading'>
                                <span class='exception-name'>org.openqa.selenium.ElementClickInterceptedException</span>
                                <span class='exception-count right'><span class='label red lighten-1 white-text'>2</span></span>
                            </div>
                            <div class='exception-content hide'>
                                <div class='exception-tests'>
                                    <table class='bordered table-results'>
                                        <thead>
                                        <tr>
                                            <th>Timestamp</th>
                                            <th>TestName</th>
                                            <th>Status</th>
                                        </tr>
                                        </thead>
                                        <tbody>
                                                    <tr>
                                                        <td>Aug 8, 2024 01:56:10 PM</td>
                                                        <td class='linked' test-id='72'>addUserAndLoginUser</td>
                                                        <td><pre><textarea>org.openqa.selenium.ElementClickInterceptedException: element click intercepted: Element <div data-v-b6cf3f5a="" id="kt_quick_user_toggle" class="btn btn-icon w-auto btn-clean d-flex align-items-center btn-lg px-2">...</div> is not clickable at point (1757, 32). Other element would receive the click: <div class="page-loader page-loader-logo">...</div>
  (Session info: chrome=127.0.6533.99)
Build info: version: '4.13.0', revision: 'ba948ece5b*'
System info: os.name: 'Windows 11', os.arch: 'amd64', os.version: '10.0', java.version: '17.0.9'
Driver info: org.openqa.selenium.chrome.ChromeDriver
Command: [88c17812e9a7d0b7af072eb777bc451f, clickElement {id=f.4BE9FCA6D8A83F72C134B67C99C77331.d.4FA5D66F301B2059BFB0FD17CCC03744.e.7530}]
Capabilities {acceptInsecureCerts: false, browserName: chrome, browserVersion: 127.0.6533.99, chrome: {chromedriverVersion: 127.0.6533.99 (f31af5097d90..., userDataDir: C:\Users\md-pe\AppData\Loca...}, fedcm:accounts: true, goog:chromeOptions: {debuggerAddress: localhost:3624}, networkConnectionEnabled: false, pageLoadStrategy: normal, platformName: windows, proxy: Proxy(), se:cdp: ws://localhost:3624/devtool..., se:cdpVersion: 127.0.6533.99, setWindowRect: true, strictFileInteractability: false, timeouts: {implicit: 0, pageLoad: 300000, script: 30000}, unhandledPromptBehavior: dismiss and notify, webauthn:extension:credBlob: true, webauthn:extension:largeBlob: true, webauthn:extension:minPinLength: true, webauthn:extension:prf: true, webauthn:virtualAuthenticators: true}
Element: [[ChromeDriver: chrome on windows (88c17812e9a7d0b7af072eb777bc451f)] -> id: kt_quick_user_toggle]
Session ID: 88c17812e9a7d0b7af072eb777bc451f
	at java.base/jdk.internal.reflect.NativeConstructorAccessorImpl.newInstance0(Native Method)
	at java.base/jdk.internal.reflect.NativeConstructorAccessorImpl.newInstance(NativeConstructorAccessorImpl.java:77)
	at java.base/jdk.internal.reflect.DelegatingConstructorAccessorImpl.newInstance(DelegatingConstructorAccessorImpl.java:45)
	at java.base/java.lang.reflect.Constructor.newInstanceWithCaller(Constructor.java:499)
	at java.base/java.lang.reflect.Constructor.newInstance(Constructor.java:480)
	at org.openqa.selenium.remote.codec.w3c.W3CHttpResponseCodec.createException(W3CHttpResponseCodec.java:200)
	at org.openqa.selenium.remote.codec.w3c.W3CHttpResponseCodec.decode(W3CHttpResponseCodec.java:133)
	at org.openqa.selenium.remote.codec.w3c.W3CHttpResponseCodec.decode(W3CHttpResponseCodec.java:52)
	at org.openqa.selenium.remote.HttpCommandExecutor.execute(HttpCommandExecutor.java:191)
	at org.openqa.selenium.remote.service.DriverCommandExecutor.invokeExecute(DriverCommandExecutor.java:196)
	at org.openqa.selenium.remote.service.DriverCommandExecutor.execute(DriverCommandExecutor.java:171)
	at org.openqa.selenium.remote.RemoteWebDriver.execute(RemoteWebDriver.java:602)
	at org.openqa.selenium.remote.RemoteWebElement.execute(RemoteWebElement.java:224)
	at org.openqa.selenium.remote.RemoteWebElement.click(RemoteWebElement.java:77)
	at jdk.internal.reflect.GeneratedMethodAccessor1.invoke(Unknown Source)
	at java.base/jdk.internal.reflect.DelegatingMethodAccessorImpl.invoke(DelegatingMethodAccessorImpl.java:43)
	at java.base/java.lang.reflect.Method.invoke(Method.java:568)
	at org.openqa.selenium.support.pagefactory.internal.LocatingElementHandler.invoke(LocatingElementHandler.java:51)
	at jdk.proxy2/jdk.proxy2.$Proxy27.click(Unknown Source)
	at com.filemarket.ecta.page.panel.PanelDashboardPage.clickUserToggleButton(PanelDashboardPage.java:15)
	at com.filemarket.ecta.test.panel.PanelLogoutPageTest.logout(PanelLogoutPageTest.java:27)
	at com.filemarket.ecta.test.panel.PanelUsersPageTest.addUserAndLoginUser(PanelUsersPageTest.java:177)
	at java.base/jdk.internal.reflect.NativeMethodAccessorImpl.invoke0(Native Method)
	at java.base/jdk.internal.reflect.NativeMethodAccessorImpl.invoke(NativeMethodAccessorImpl.java:77)
	at java.base/jdk.internal.reflect.DelegatingMethodAccessorImpl.invoke(DelegatingMethodAccessorImpl.java:43)
	at java.base/java.lang.reflect.Method.invoke(Method.java:568)
	at org.testng.internal.invokers.MethodInvocationHelper.invokeMethod(MethodInvocationHelper.java:139)
	at org.testng.internal.invokers.TestInvoker.invokeMethod(TestInvoker.java:664)
	at org.testng.internal.invokers.TestInvoker.invokeTestMethod(TestInvoker.java:228)
	at org.testng.internal.invokers.MethodRunner.runInSequence(MethodRunner.java:63)
	at org.testng.internal.invokers.TestInvoker$MethodInvocationAgent.invoke(TestInvoker.java:961)
	at org.testng.internal.invokers.TestInvoker.invokeTestMethods(TestInvoker.java:201)
	at org.testng.internal.invokers.TestMethodWorker.invokeTestMethods(TestMethodWorker.java:148)
	at org.testng.internal.invokers.TestMethodWorker.run(TestMethodWorker.java:128)
	at java.base/java.util.ArrayList.forEach(ArrayList.java:1511)
	at org.testng.TestRunner.privateRun(TestRunner.java:819)
	at org.testng.TestRunner.run(TestRunner.java:619)
	at org.testng.SuiteRunner.runTest(SuiteRunner.java:443)
	at org.testng.SuiteRunner.runSequentially(SuiteRunner.java:437)
	at org.testng.SuiteRunner.privateRun(SuiteRunner.java:397)
	at org.testng.SuiteRunner.run(SuiteRunner.java:336)
	at org.testng.SuiteRunnerWorker.runSuite(SuiteRunnerWorker.java:52)
	at org.testng.SuiteRunnerWorker.run(SuiteRunnerWorker.java:95)
	at org.testng.TestNG.runSuitesSequentially(TestNG.java:1301)
	at org.testng.TestNG.runSuitesLocally(TestNG.java:1228)
	at org.testng.TestNG.runSuites(TestNG.java:1134)
	at org.testng.TestNG.run(TestNG.java:1101)
	at com.intellij.rt.testng.IDEARemoteTestNG.run(IDEARemoteTestNG.java:66)
	at com.intellij.rt.testng.RemoteTestNGStarter.main(RemoteTestNGStarter.java:105)
</textarea></pre></td>
                                                    </tr>
                                                    <tr>
                                                        <td>Aug 8, 2024 01:57:34 PM</td>
                                                        <td class='linked' test-id='84'>logout</td>
                                                        <td><pre><textarea>org.openqa.selenium.ElementClickInterceptedException: element click intercepted: Element <div data-v-b6cf3f5a="" id="kt_quick_user_toggle" class="btn btn-icon w-auto btn-clean d-flex align-items-center btn-lg px-2">...</div> is not clickable at point (1757, 32). Other element would receive the click: <div class="v-overlay__scrim" style="opacity: 0.46; background-color: rgb(33, 33, 33); border-color: rgb(33, 33, 33);"></div>
  (Session info: chrome=127.0.6533.99)
Build info: version: '4.13.0', revision: 'ba948ece5b*'
System info: os.name: 'Windows 11', os.arch: 'amd64', os.version: '10.0', java.version: '17.0.9'
Driver info: org.openqa.selenium.chrome.ChromeDriver
Command: [88c17812e9a7d0b7af072eb777bc451f, clickElement {id=f.4BE9FCA6D8A83F72C134B67C99C77331.d.4FA5D66F301B2059BFB0FD17CCC03744.e.7530}]
Capabilities {acceptInsecureCerts: false, browserName: chrome, browserVersion: 127.0.6533.99, chrome: {chromedriverVersion: 127.0.6533.99 (f31af5097d90..., userDataDir: C:\Users\md-pe\AppData\Loca...}, fedcm:accounts: true, goog:chromeOptions: {debuggerAddress: localhost:3624}, networkConnectionEnabled: false, pageLoadStrategy: normal, platformName: windows, proxy: Proxy(), se:cdp: ws://localhost:3624/devtool..., se:cdpVersion: 127.0.6533.99, setWindowRect: true, strictFileInteractability: false, timeouts: {implicit: 0, pageLoad: 300000, script: 30000}, unhandledPromptBehavior: dismiss and notify, webauthn:extension:credBlob: true, webauthn:extension:largeBlob: true, webauthn:extension:minPinLength: true, webauthn:extension:prf: true, webauthn:virtualAuthenticators: true}
Element: [[ChromeDriver: chrome on windows (88c17812e9a7d0b7af072eb777bc451f)] -> id: kt_quick_user_toggle]
Session ID: 88c17812e9a7d0b7af072eb777bc451f
	at java.base/jdk.internal.reflect.NativeConstructorAccessorImpl.newInstance0(Native Method)
	at java.base/jdk.internal.reflect.NativeConstructorAccessorImpl.newInstance(NativeConstructorAccessorImpl.java:77)
	at java.base/jdk.internal.reflect.DelegatingConstructorAccessorImpl.newInstance(DelegatingConstructorAccessorImpl.java:45)
	at java.base/java.lang.reflect.Constructor.newInstanceWithCaller(Constructor.java:499)
	at java.base/java.lang.reflect.Constructor.newInstance(Constructor.java:480)
	at org.openqa.selenium.remote.codec.w3c.W3CHttpResponseCodec.createException(W3CHttpResponseCodec.java:200)
	at org.openqa.selenium.remote.codec.w3c.W3CHttpResponseCodec.decode(W3CHttpResponseCodec.java:133)
	at org.openqa.selenium.remote.codec.w3c.W3CHttpResponseCodec.decode(W3CHttpResponseCodec.java:52)
	at org.openqa.selenium.remote.HttpCommandExecutor.execute(HttpCommandExecutor.java:191)
	at org.openqa.selenium.remote.service.DriverCommandExecutor.invokeExecute(DriverCommandExecutor.java:196)
	at org.openqa.selenium.remote.service.DriverCommandExecutor.execute(DriverCommandExecutor.java:171)
	at org.openqa.selenium.remote.RemoteWebDriver.execute(RemoteWebDriver.java:602)
	at org.openqa.selenium.remote.RemoteWebElement.execute(RemoteWebElement.java:224)
	at org.openqa.selenium.remote.RemoteWebElement.click(RemoteWebElement.java:77)
	at jdk.internal.reflect.GeneratedMethodAccessor1.invoke(Unknown Source)
	at java.base/jdk.internal.reflect.DelegatingMethodAccessorImpl.invoke(DelegatingMethodAccessorImpl.java:43)
	at java.base/java.lang.reflect.Method.invoke(Method.java:568)
	at org.openqa.selenium.support.pagefactory.internal.LocatingElementHandler.invoke(LocatingElementHandler.java:51)
	at jdk.proxy2/jdk.proxy2.$Proxy27.click(Unknown Source)
	at com.filemarket.ecta.page.panel.PanelDashboardPage.clickUserToggleButton(PanelDashboardPage.java:15)
	at com.filemarket.ecta.test.panel.PanelLogoutPageTest.logout(PanelLogoutPageTest.java:27)
	at java.base/jdk.internal.reflect.NativeMethodAccessorImpl.invoke0(Native Method)
	at java.base/jdk.internal.reflect.NativeMethodAccessorImpl.invoke(NativeMethodAccessorImpl.java:77)
	at java.base/jdk.internal.reflect.DelegatingMethodAccessorImpl.invoke(DelegatingMethodAccessorImpl.java:43)
	at java.base/java.lang.reflect.Method.invoke(Method.java:568)
	at org.testng.internal.invokers.MethodInvocationHelper.invokeMethod(MethodInvocationHelper.java:139)
	at org.testng.internal.invokers.TestInvoker.invokeMethod(TestInvoker.java:664)
	at org.testng.internal.invokers.TestInvoker.invokeTestMethod(TestInvoker.java:228)
	at org.testng.internal.invokers.MethodRunner.runInSequence(MethodRunner.java:63)
	at org.testng.internal.invokers.TestInvoker$MethodInvocationAgent.invoke(TestInvoker.java:961)
	at org.testng.internal.invokers.TestInvoker.invokeTestMethods(TestInvoker.java:201)
	at org.testng.internal.invokers.TestMethodWorker.invokeTestMethods(TestMethodWorker.java:148)
	at org.testng.internal.invokers.TestMethodWorker.run(TestMethodWorker.java:128)
	at java.base/java.util.ArrayList.forEach(ArrayList.java:1511)
	at org.testng.TestRunner.privateRun(TestRunner.java:819)
	at org.testng.TestRunner.run(TestRunner.java:619)
	at org.testng.SuiteRunner.runTest(SuiteRunner.java:443)
	at org.testng.SuiteRunner.runSequentially(SuiteRunner.java:437)
	at org.testng.SuiteRunner.privateRun(SuiteRunner.java:397)
	at org.testng.SuiteRunner.run(SuiteRunner.java:336)
	at org.testng.SuiteRunnerWorker.runSuite(SuiteRunnerWorker.java:52)
	at org.testng.SuiteRunnerWorker.run(SuiteRunnerWorker.java:95)
	at org.testng.TestNG.runSuitesSequentially(TestNG.java:1301)
	at org.testng.TestNG.runSuitesLocally(TestNG.java:1228)
	at org.testng.TestNG.runSuites(TestNG.java:1134)
	at org.testng.TestNG.run(TestNG.java:1101)
	at com.intellij.rt.testng.IDEARemoteTestNG.run(IDEARemoteTestNG.java:66)
	at com.intellij.rt.testng.RemoteTestNGStarter.main(RemoteTestNGStarter.java:105)
</textarea></pre></td>
                                                    </tr>
                                        </tbody>
                                    </table>
                                </div>
                            </div>
                        </li>
                        <li class='exception displayed active'>
                            <div class='exception-heading'>
                                <span class='exception-name'>org.openqa.selenium.ElementNotInteractableException</span>
                                <span class='exception-count right'><span class='label red lighten-1 white-text'>1</span></span>
                            </div>
                            <div class='exception-content hide'>
                                <div class='exception-tests'>
                                    <table class='bordered table-results'>
                                        <thead>
                                        <tr>
                                            <th>Timestamp</th>
                                            <th>TestName</th>
                                            <th>Status</th>
                                        </tr>
                                        </thead>
                                        <tbody>
                                                    <tr>
                                                        <td>Aug 8, 2024 01:57:24 PM</td>
                                                        <td class='linked' test-id='76'>createAndDeleteUser</td>
                                                        <td><pre><textarea>org.openqa.selenium.ElementNotInteractableException: element not interactable
  (Session info: chrome=127.0.6533.99)
Build info: version: '4.13.0', revision: 'ba948ece5b*'
System info: os.name: 'Windows 11', os.arch: 'amd64', os.version: '10.0', java.version: '17.0.9'
Driver info: org.openqa.selenium.chrome.ChromeDriver
Command: [88c17812e9a7d0b7af072eb777bc451f, sendKeysToElement {id=f.4BE9FCA6D8A83F72C134B67C99C77331.d.4FA5D66F301B2059BFB0FD17CCC03744.e.7871, value=[Ljava.lang.CharSequence;@5a1461}]
Capabilities {acceptInsecureCerts: false, browserName: chrome, browserVersion: 127.0.6533.99, chrome: {chromedriverVersion: 127.0.6533.99 (f31af5097d90..., userDataDir: C:\Users\md-pe\AppData\Loca...}, fedcm:accounts: true, goog:chromeOptions: {debuggerAddress: localhost:3624}, networkConnectionEnabled: false, pageLoadStrategy: normal, platformName: windows, proxy: Proxy(), se:cdp: ws://localhost:3624/devtool..., se:cdpVersion: 127.0.6533.99, setWindowRect: true, strictFileInteractability: false, timeouts: {implicit: 0, pageLoad: 300000, script: 30000}, unhandledPromptBehavior: dismiss and notify, webauthn:extension:credBlob: true, webauthn:extension:largeBlob: true, webauthn:extension:minPinLength: true, webauthn:extension:prf: true, webauthn:virtualAuthenticators: true}
Element: [[ChromeDriver: chrome on windows (88c17812e9a7d0b7af072eb777bc451f)] -> xpath: //div[@class="v-text-field__slot"]//input]
Session ID: 88c17812e9a7d0b7af072eb777bc451f
	at java.base/jdk.internal.reflect.NativeConstructorAccessorImpl.newInstance0(Native Method)
	at java.base/jdk.internal.reflect.NativeConstructorAccessorImpl.newInstance(NativeConstructorAccessorImpl.java:77)
	at java.base/jdk.internal.reflect.DelegatingConstructorAccessorImpl.newInstance(DelegatingConstructorAccessorImpl.java:45)
	at java.base/java.lang.reflect.Constructor.newInstanceWithCaller(Constructor.java:499)
	at java.base/java.lang.reflect.Constructor.newInstance(Constructor.java:480)
	at org.openqa.selenium.remote.codec.w3c.W3CHttpResponseCodec.createException(W3CHttpResponseCodec.java:200)
	at org.openqa.selenium.remote.codec.w3c.W3CHttpResponseCodec.decode(W3CHttpResponseCodec.java:133)
	at org.openqa.selenium.remote.codec.w3c.W3CHttpResponseCodec.decode(W3CHttpResponseCodec.java:52)
	at org.openqa.selenium.remote.HttpCommandExecutor.execute(HttpCommandExecutor.java:191)
	at org.openqa.selenium.remote.service.DriverCommandExecutor.invokeExecute(DriverCommandExecutor.java:196)
	at org.openqa.selenium.remote.service.DriverCommandExecutor.execute(DriverCommandExecutor.java:171)
	at org.openqa.selenium.remote.RemoteWebDriver.execute(RemoteWebDriver.java:602)
	at org.openqa.selenium.remote.RemoteWebElement.execute(RemoteWebElement.java:224)
	at org.openqa.selenium.remote.RemoteWebElement.sendKeys(RemoteWebElement.java:111)
	at jdk.internal.reflect.GeneratedMethodAccessor8.invoke(Unknown Source)
	at java.base/jdk.internal.reflect.DelegatingMethodAccessorImpl.invoke(DelegatingMethodAccessorImpl.java:43)
	at java.base/java.lang.reflect.Method.invoke(Method.java:568)
	at org.openqa.selenium.support.pagefactory.internal.LocatingElementHandler.invoke(LocatingElementHandler.java:51)
	at jdk.proxy2/jdk.proxy2.$Proxy27.sendKeys(Unknown Source)
	at com.filemarket.ecta.util.Utils.sendKeys(Utils.java:51)
	at com.filemarket.ecta.page.panel.PanelUsersPage.searchData(PanelUsersPage.java:122)
	at com.filemarket.ecta.test.panel.PanelUsersPageTest.createAndDeleteUser(PanelUsersPageTest.java:267)
	at java.base/jdk.internal.reflect.NativeMethodAccessorImpl.invoke0(Native Method)
	at java.base/jdk.internal.reflect.NativeMethodAccessorImpl.invoke(NativeMethodAccessorImpl.java:77)
	at java.base/jdk.internal.reflect.DelegatingMethodAccessorImpl.invoke(DelegatingMethodAccessorImpl.java:43)
	at java.base/java.lang.reflect.Method.invoke(Method.java:568)
	at org.testng.internal.invokers.MethodInvocationHelper.invokeMethod(MethodInvocationHelper.java:139)
	at org.testng.internal.invokers.TestInvoker.invokeMethod(TestInvoker.java:664)
	at org.testng.internal.invokers.TestInvoker.invokeTestMethod(TestInvoker.java:228)
	at org.testng.internal.invokers.MethodRunner.runInSequence(MethodRunner.java:63)
	at org.testng.internal.invokers.TestInvoker$MethodInvocationAgent.invoke(TestInvoker.java:961)
	at org.testng.internal.invokers.TestInvoker.invokeTestMethods(TestInvoker.java:201)
	at org.testng.internal.invokers.TestMethodWorker.invokeTestMethods(TestMethodWorker.java:148)
	at org.testng.internal.invokers.TestMethodWorker.run(TestMethodWorker.java:128)
	at java.base/java.util.ArrayList.forEach(ArrayList.java:1511)
	at org.testng.TestRunner.privateRun(TestRunner.java:819)
	at org.testng.TestRunner.run(TestRunner.java:619)
	at org.testng.SuiteRunner.runTest(SuiteRunner.java:443)
	at org.testng.SuiteRunner.runSequentially(SuiteRunner.java:437)
	at org.testng.SuiteRunner.privateRun(SuiteRunner.java:397)
	at org.testng.SuiteRunner.run(SuiteRunner.java:336)
	at org.testng.SuiteRunnerWorker.runSuite(SuiteRunnerWorker.java:52)
	at org.testng.SuiteRunnerWorker.run(SuiteRunnerWorker.java:95)
	at org.testng.TestNG.runSuitesSequentially(TestNG.java:1301)
	at org.testng.TestNG.runSuitesLocally(TestNG.java:1228)
	at org.testng.TestNG.runSuites(TestNG.java:1134)
	at org.testng.TestNG.run(TestNG.java:1101)
	at com.intellij.rt.testng.IDEARemoteTestNG.run(IDEARemoteTestNG.java:66)
	at com.intellij.rt.testng.RemoteTestNGStarter.main(RemoteTestNGStarter.java:105)
</textarea></pre></td>
                                                    </tr>
                                        </tbody>
                                    </table>
                                </div>
                            </div>
                        </li>
                </ul>
        </div>
    </div>

    <div class='subview-right left'>
        <div class='view-summary'>
            <h5 class='exception-name'></h5>
        </div>
    </div>
</div>
<!-- exception view -->
<div id='dashboard-view' class='view hide'>
	<div class='card-panel transparent np-v'>
		<h5>Dashboard</h5>

		<div class='row'>
			<div class='col s2'>
				<div class='card-panel r'>
					Tests
					<div class='panel-lead'>86</div>
				</div>
			</div>
			<div class='col s2'>
				<div class='card-panel r'>
					Steps
					<div class='panel-lead'>95</div>
				</div>
			</div>
			<div class='col s2'>
				<div class='card-panel r'>
					Start
					<div class='panel-lead'>Aug 8, 2024 01:36:00 PM</div>
				</div>
			</div>
			<div class='col s2'>
				<div class='card-panel r'>
			 		End
			 		<div class='panel-lead'>Aug 8, 2024 01:58:12 PM</div>
				</div>
			</div>
			<div class='col s2'>
				<div class='card-panel r'>
					Time Taken
					<div class='panel-lead'>1,331,785ms</div>
				</div>
			</div>
			<div class='col s4'>
				<div class='card-panel dashboard-categories'>
					<span class='right label cyan white-text'>Categories</span><p>&nbsp;</p>
					
					<table>
						<tr>
							<th>Name</th>
							<th>Passed</th>
							<th>Failed</th>
							<th>Others</th>
						</tr>
						<tr>
							<td>PanelBannerPageTest</td>
							<td>8</td>
							<td>1</td>
							<td>0</td>
						</tr>
						<tr>
							<td>PanelBatchInputPageTest</td>
							<td>2</td>
							<td>0</td>
							<td>0</td>
						</tr>
						<tr>
							<td>PanelCategoryPageTest</td>
							<td>4</td>
							<td>0</td>
							<td>0</td>
						</tr>
						<tr>
							<td>PanelContractPageTest</td>
							<td>1</td>
							<td>0</td>
							<td>0</td>
						</tr>
						<tr>
							<td>PanelCustomerDetailPageTest</td>
							<td>1</td>
							<td>0</td>
							<td>0</td>
						</tr>
						<tr>
							<td>PanelCustomersPageTest</td>
							<td>5</td>
							<td>0</td>
							<td>0</td>
						</tr>
						<tr>
							<td>PanelLogsPageTest</td>
							<td>2</td>
							<td>0</td>
							<td>0</td>
						</tr>
						<tr>
							<td>PanelOrdersPageTest</td>
							<td>10</td>
							<td>0</td>
							<td>0</td>
						</tr>
						<tr>
							<td>PanelProductsPageTest</td>
							<td>8</td>
							<td>2</td>
							<td>0</td>
						</tr>
						<tr>
							<td>PanelSlotPageTest</td>
							<td>2</td>
							<td>3</td>
							<td>0</td>
						</tr>
						<tr>
							<td>PanelSSSPageTest</td>
							<td>3</td>
							<td>0</td>
							<td>0</td>
						</tr>
						<tr>
							<td>PanelStorePageTest</td>
							<td>9</td>
							<td>0</td>
							<td>0</td>
						</tr>
						<tr>
							<td>PanelTagPageTest</td>
							<td>6</td>
							<td>0</td>
							<td>0</td>
						</tr>
						<tr>
							<td>PanelTicketPageTest</td>
							<td>4</td>
							<td>0</td>
							<td>0</td>
						</tr>
						<tr>
							<td>PanelUsersPageTest</td>
							<td>3</td>
							<td>2</td>
							<td>7</td>
						</tr>
						<tr>
							<td>PanelLogoutPageTest</td>
							<td>0</td>
							<td>1</td>
							<td>0</td>
						</tr>
						<tr>
							<td>PanelLoginPageTest</td>
							<td>2</td>
							<td>0</td>
							<td>0</td>
						</tr>
					</table>
				</div>
			</div>
		</div>
	</div>
</div>
<!-- dashboard view -->
<!-- testrunner-logs view -->
		</div>
		<!-- container -->

		<script>
			var statusGroup = {
				passParent: 70,
				failParent: 9,
				fatalParent: 0,
				errorParent: 0,
				warningParent: 0,
				skipParent: 7,
				exceptionsParent: 16,
				
				passChild: 70,
				failChild: 18,
				fatalChild: 0,
				errorChild: 0,
				warningChild: 0,
				skipChild: 7,
				infoChild: 0,
				exceptionsChild: 25,
				
				passGrandChild: 0,
				failGrandChild: 0,
				fatalGrandChild: 0,
				errorGrandChild: 0,
				warningGrandChild: 0,
				skipGrandChild: 0,
				infoGrandChild: 0,
				exceptionsGrandChild: 0,
			};
		</script>
		
			<script src='https://cdn.rawgit.com/anshooarora/extentreports-java/fca20fb7653aade98810546ab96a2a4360e3e712/dist/js/extent.js' type='text/javascript'></script>
		
		
 		<script type='text/javascript'>
 		</script>
	</body>
	
</html>
